# JRE version: Java(TM) SE Runtime Environment (8.0_45-b14) (build 1.8.0_45-b14)
# Java VM: Java HotSpot(TM) 64-Bit Server VM (25.45-b02 mixed mode linux-amd64 compressed oops)
Heap:
 PSYoungGen      total 155136K, used 102716K [0x00000000ec300000, 0x00000000f7600000, 0x0000000100000000)
  eden space 143872K, 70% used [0x00000000ec300000,0x00000000f25e7230,0x00000000f4f80000)
  from space 11264K, 12% used [0x00000000f5a80000,0x00000000f5be8050,0x00000000f6580000)
  to   space 11264K, 0% used [0x00000000f4f80000,0x00000000f4f80000,0x00000000f5a80000)
 ParOldGen       total 44544K, used 14830K [0x00000000c4800000, 0x00000000c7380000, 0x00000000ec300000)
  object space 44544K, 33% used [0x00000000c4800000,0x00000000c567b9c0,0x00000000c7380000)
 Metaspace       used 21177K, capacity 21365K, committed 21808K, reserved 1069056K
  class space    used 1992K, capacity 2052K, committed 2176K, reserved 1048576K
GC Heap History (10 events):
Event: 5.124 GC heap before
{Heap before GC invocations=5 (full 0):
 PSYoungGen      total 64000K, used 14461K [0x00000000ec300000, 0x00000000f0400000, 0x0000000100000000)
  eden space 61440K, 19% used [0x00000000ec300000,0x00000000ecea2c20,0x00000000eff00000)
  from space 2560K, 99% used [0x00000000f0180000,0x00000000f03fc8c0,0x00000000f0400000)
  to   space 2560K, 0% used [0x00000000eff00000,0x00000000eff00000,0x00000000f0180000)
 ParOldGen       total 40960K, used 14748K [0x00000000c4800000, 0x00000000c7000000, 0x00000000ec300000)
  object space 40960K, 36% used [0x00000000c4800000,0x00000000c5667330,0x00000000c7000000)
 Metaspace       used 20895K, capacity 21045K, committed 21296K, reserved 1069056K
  class space    used 1990K, capacity 2052K, committed 2176K, reserved 1048576K
Event: 5.148 GC heap after
Heap after GC invocations=5 (full 0):
 PSYoungGen      total 64000K, used 2530K [0x00000000ec300000, 0x00000000f5000000, 0x0000000100000000)
  eden space 61440K, 0% used [0x00000000ec300000,0x00000000ec300000,0x00000000eff00000)
  from space 2560K, 98% used [0x00000000eff00000,0x00000000f01788b0,0x00000000f0180000)
  to   space 10752K, 0% used [0x00000000f4580000,0x00000000f4580000,0x00000000f5000000)
 ParOldGen       total 40960K, used 17125K [0x00000000c4800000, 0x00000000c7000000, 0x00000000ec300000)
  object space 40960K, 41% used [0x00000000c4800000,0x00000000c58b9400,0x00000000c7000000)
 Metaspace       used 20895K, capacity 21045K, committed 21296K, reserved 1069056K
  class space    used 1990K, capacity 2052K, committed 2176K, reserved 1048576K
}
Event: 5.148 GC heap before
{Heap before GC invocations=6 (full 1):
 PSYoungGen      total 64000K, used 2530K [0x00000000ec300000, 0x00000000f5000000, 0x0000000100000000)
  eden space 61440K, 0% used [0x00000000ec300000,0x00000000ec300000,0x00000000eff00000)
  from space 2560K, 98% used [0x00000000eff00000,0x00000000f01788b0,0x00000000f0180000)
  to   space 10752K, 0% used [0x00000000f4580000,0x00000000f4580000,0x00000000f5000000)
 ParOldGen       total 40960K, used 17125K [0x00000000c4800000, 0x00000000c7000000, 0x00000000ec300000)
  object space 40960K, 41% used [0x00000000c4800000,0x00000000c58b9400,0x00000000c7000000)
 Metaspace       used 20895K, capacity 21045K, committed 21296K, reserved 1069056K
  class space    used 1990K, capacity 2052K, committed 2176K, reserved 1048576K
Event: 5.217 GC heap after
Heap after GC invocations=6 (full 1):
 PSYoungGen      total 64000K, used 0K [0x00000000ec300000, 0x00000000f5000000, 0x0000000100000000)
  eden space 61440K, 0% used [0x00000000ec300000,0x00000000ec300000,0x00000000eff00000)
  from space 2560K, 0% used [0x00000000eff00000,0x00000000eff00000,0x00000000f0180000)
  to   space 10752K, 0% used [0x00000000f4580000,0x00000000f4580000,0x00000000f5000000)
 ParOldGen       total 44544K, used 14814K [0x00000000c4800000, 0x00000000c7380000, 0x00000000ec300000)
  object space 44544K, 33% used [0x00000000c4800000,0x00000000c56779c0,0x00000000c7380000)
 Metaspace       used 20895K, capacity 21045K, committed 21296K, reserved 1069056K
  class space    used 1990K, capacity 2052K, committed 2176K, reserved 1048576K
}
Event: 20.503 GC heap before
{Heap before GC invocations=7 (full 1):
 PSYoungGen      total 64000K, used 61440K [0x00000000ec300000, 0x00000000f5000000, 0x0000000100000000)
  eden space 61440K, 100% used [0x00000000ec300000,0x00000000eff00000,0x00000000eff00000)
  from space 2560K, 0% used [0x00000000eff00000,0x00000000eff00000,0x00000000f0180000)
  to   space 10752K, 0% used [0x00000000f4580000,0x00000000f4580000,0x00000000f5000000)
 ParOldGen       total 44544K, used 14814K [0x00000000c4800000, 0x00000000c7380000, 0x00000000ec300000)
  object space 44544K, 33% used [0x00000000c4800000,0x00000000c56779c0,0x00000000c7380000)
 Metaspace       used 21172K, capacity 21365K, committed 21808K, reserved 1069056K
  class space    used 1990K, capacity 2052K, committed 2176K, reserved 1048576K
Event: 20.523 GC heap after
Heap after GC invocations=7 (full 1):
 PSYoungGen      total 97792K, used 1440K [0x00000000ec300000, 0x00000000f4700000, 0x0000000100000000)
  eden space 96256K, 0% used [0x00000000ec300000,0x00000000ec300000,0x00000000f2100000)
  from space 1536K, 93% used [0x00000000f4580000,0x00000000f46e8050,0x00000000f4700000)
  to   space 11264K, 0% used [0x00000000f3100000,0x00000000f3100000,0x00000000f3c00000)
 ParOldGen       total 44544K, used 14822K [0x00000000c4800000, 0x00000000c7380000, 0x00000000ec300000)
  object space 44544K, 33% used [0x00000000c4800000,0x00000000c56799c0,0x00000000c7380000)
 Metaspace       used 21172K, capacity 21365K, committed 21808K, reserved 1069056K
  class space    used 1990K, capacity 2052K, committed 2176K, reserved 1048576K
}
Event: 47.170 GC heap before
{Heap before GC invocations=8 (full 1):
 PSYoungGen      total 97792K, used 97696K [0x00000000ec300000, 0x00000000f4700000, 0x0000000100000000)
  eden space 96256K, 100% used [0x00000000ec300000,0x00000000f2100000,0x00000000f2100000)
  from space 1536K, 93% used [0x00000000f4580000,0x00000000f46e8050,0x00000000f4700000)
  to   space 11264K, 0% used [0x00000000f3100000,0x00000000f3100000,0x00000000f3c00000)
 ParOldGen       total 44544K, used 14822K [0x00000000c4800000, 0x00000000c7380000, 0x00000000ec300000)
  object space 44544K, 33% used [0x00000000c4800000,0x00000000c56799c0,0x00000000c7380000)
 Metaspace       used 21172K, capacity 21365K, committed 21808K, reserved 1069056K
  class space    used 1991K, capacity 2052K, committed 2176K, reserved 1048576K
Event: 47.176 GC heap after
Heap after GC invocations=8 (full 1):
 PSYoungGen      total 123904K, used 1408K [0x00000000ec300000, 0x00000000f6580000, 0x0000000100000000)
  eden space 112640K, 0% used [0x00000000ec300000,0x00000000ec300000,0x00000000f3100000)
  from space 11264K, 12% used [0x00000000f3100000,0x00000000f3260050,0x00000000f3c00000)
  to   space 11264K, 0% used [0x00000000f5a80000,0x00000000f5a80000,0x00000000f6580000)
 ParOldGen       total 44544K, used 14830K [0x00000000c4800000, 0x00000000c7380000, 0x00000000ec300000)
  object space 44544K, 33% used [0x00000000c4800000,0x00000000c567b9c0,0x00000000c7380000)
 Metaspace       used 21172K, capacity 21365K, committed 21808K, reserved 1069056K
  class space    used 1991K, capacity 2052K, committed 2176K, reserved 1048576K
}
Event: 81.877 GC heap before
{Heap before GC invocations=9 (full 1):
 PSYoungGen      total 123904K, used 114048K [0x00000000ec300000, 0x00000000f6580000, 0x0000000100000000)
  eden space 112640K, 100% used [0x00000000ec300000,0x00000000f3100000,0x00000000f3100000)
  from space 11264K, 12% used [0x00000000f3100000,0x00000000f3260050,0x00000000f3c00000)
  to   space 11264K, 0% used [0x00000000f5a80000,0x00000000f5a80000,0x00000000f6580000)
 ParOldGen       total 44544K, used 14830K [0x00000000c4800000, 0x00000000c7380000, 0x00000000ec300000)
  object space 44544K, 33% used [0x00000000c4800000,0x00000000c567b9c0,0x00000000c7380000)
 Metaspace       used 21173K, capacity 21365K, committed 21808K, reserved 1069056K
  class space    used 1991K, capacity 2052K, committed 2176K, reserved 1048576K
Event: 81.891 GC heap after
Heap after GC invocations=9 (full 1):
 PSYoungGen      total 155136K, used 1440K [0x00000000ec300000, 0x00000000f7600000, 0x0000000100000000)
  eden space 143872K, 0% used [0x00000000ec300000,0x00000000ec300000,0x00000000f4f80000)
  from space 11264K, 12% used [0x00000000f5a80000,0x00000000f5be8050,0x00000000f6580000)
  to   space 11264K, 0% used [0x00000000f4f80000,0x00000000f4f80000,0x00000000f5a80000)
 ParOldGen       total 44544K, used 14830K [0x00000000c4800000, 0x00000000c7380000, 0x00000000ec300000)
  object space 44544K, 33% used [0x00000000c4800000,0x00000000c567b9c0,0x00000000c7380000)
 Metaspace       used 21173K, capacity 21365K, committed 21808K, reserved 1069056K
  class space    used 1991K, capacity 2052K, committed 2176K, reserved 1048576K
}

