# JRE version: Java(TM) SE Runtime Environment (8.0_45-b14) (build 1.8.0_45-b14)
# Java VM: Java HotSpot(TM) 64-Bit Server VM (25.45-b02 mixed mode linux-amd64 compressed oops)
Heap:
 PSYoungGen      total 64000K, used 44089K [0x00000000ec300000, 0x00000000f5300000, 0x0000000100000000)
  eden space 61440K, 71% used [0x00000000ec300000,0x00000000eee0e5c8,0x00000000eff00000)
  from space 2560K, 0% used [0x00000000eff00000,0x00000000eff00000,0x00000000f0180000)
  to   space 12288K, 0% used [0x00000000f4700000,0x00000000f4700000,0x00000000f5300000)
 ParOldGen       total 47104K, used 16770K [0x00000000c4800000, 0x00000000c7600000, 0x00000000ec300000)
  object space 47104K, 35% used [0x00000000c4800000,0x00000000c58609d8,0x00000000c7600000)
 Metaspace       used 21264K, capacity 21531K, committed 21808K, reserved 1069056K
  class space    used 2001K, capacity 2085K, committed 2176K, reserved 1048576K
GC Heap History (10 events):
Event: 1.262 GC heap before
{Heap before GC invocations=2 (full 0):
 PSYoungGen      total 17920K, used 17911K [0x00000000ec300000, 0x00000000ee600000, 0x0000000100000000)
  eden space 15360K, 100% used [0x00000000ec300000,0x00000000ed200000,0x00000000ed200000)
  from space 2560K, 99% used [0x00000000ed200000,0x00000000ed47dc88,0x00000000ed480000)
  to   space 2560K, 0% used [0x00000000ee380000,0x00000000ee380000,0x00000000ee600000)
 ParOldGen       total 40960K, used 552K [0x00000000c4800000, 0x00000000c7000000, 0x00000000ec300000)
  object space 40960K, 1% used [0x00000000c4800000,0x00000000c488a088,0x00000000c7000000)
 Metaspace       used 16427K, capacity 16645K, committed 16768K, reserved 1064960K
  class space    used 1599K, capacity 1660K, committed 1664K, reserved 1048576K
Event: 1.278 GC heap after
Heap after GC invocations=2 (full 0):
 PSYoungGen      total 33280K, used 2544K [0x00000000ec300000, 0x00000000ee600000, 0x0000000100000000)
  eden space 30720K, 0% used [0x00000000ec300000,0x00000000ec300000,0x00000000ee100000)
  from space 2560K, 99% used [0x00000000ee380000,0x00000000ee5fc030,0x00000000ee600000)
  to   space 2560K, 0% used [0x00000000ee100000,0x00000000ee100000,0x00000000ee380000)
 ParOldGen       total 40960K, used 2163K [0x00000000c4800000, 0x00000000c7000000, 0x00000000ec300000)
  object space 40960K, 5% used [0x00000000c4800000,0x00000000c4a1cda8,0x00000000c7000000)
 Metaspace       used 16427K, capacity 16645K, committed 16768K, reserved 1064960K
  class space    used 1599K, capacity 1660K, committed 1664K, reserved 1048576K
}
Event: 4.208 GC heap before
{Heap before GC invocations=3 (full 0):
 PSYoungGen      total 33280K, used 33258K [0x00000000ec300000, 0x00000000ee600000, 0x0000000100000000)
  eden space 30720K, 99% used [0x00000000ec300000,0x00000000ee0fe808,0x00000000ee100000)
  from space 2560K, 99% used [0x00000000ee380000,0x00000000ee5fc030,0x00000000ee600000)
  to   space 2560K, 0% used [0x00000000ee100000,0x00000000ee100000,0x00000000ee380000)
 ParOldGen       total 40960K, used 2163K [0x00000000c4800000, 0x00000000c7000000, 0x00000000ec300000)
  object space 40960K, 5% used [0x00000000c4800000,0x00000000c4a1cda8,0x00000000c7000000)
 Metaspace       used 20115K, capacity 20311K, committed 20480K, reserved 1067008K
  class space    used 1965K, capacity 2047K, committed 2048K, reserved 1048576K
Event: 4.236 GC heap after
Heap after GC invocations=3 (full 0):
 PSYoungGen      total 33280K, used 2557K [0x00000000ec300000, 0x00000000f0400000, 0x0000000100000000)
  eden space 30720K, 0% used [0x00000000ec300000,0x00000000ec300000,0x00000000ee100000)
  from space 2560K, 99% used [0x00000000ee100000,0x00000000ee37f660,0x00000000ee380000)
  to   space 2560K, 0% used [0x00000000f0180000,0x00000000f0180000,0x00000000f0400000)
 ParOldGen       total 40960K, used 12353K [0x00000000c4800000, 0x00000000c7000000, 0x00000000ec300000)
  object space 40960K, 30% used [0x00000000c4800000,0x00000000c54107f8,0x00000000c7000000)
 Metaspace       used 20115K, capacity 20311K, committed 20480K, reserved 1067008K
  class space    used 1965K, capacity 2047K, committed 2048K, reserved 1048576K
}
Event: 6.183 GC heap before
{Heap before GC invocations=4 (full 0):
 PSYoungGen      total 33280K, used 33130K [0x00000000ec300000, 0x00000000f0400000, 0x0000000100000000)
  eden space 30720K, 99% used [0x00000000ec300000,0x00000000ee0db2c8,0x00000000ee100000)
  from space 2560K, 99% used [0x00000000ee100000,0x00000000ee37f660,0x00000000ee380000)
  to   space 2560K, 0% used [0x00000000f0180000,0x00000000f0180000,0x00000000f0400000)
 ParOldGen       total 40960K, used 12353K [0x00000000c4800000, 0x00000000c7000000, 0x00000000ec300000)
  object space 40960K, 30% used [0x00000000c4800000,0x00000000c54107f8,0x00000000c7000000)
 Metaspace       used 20869K, capacity 21077K, committed 21296K, reserved 1069056K
  class space    used 1999K, capacity 2084K, committed 2176K, reserved 1048576K
Event: 6.243 GC heap after
Heap after GC invocations=4 (full 0):
 PSYoungGen      total 64000K, used 2528K [0x00000000ec300000, 0x00000000f0400000, 0x0000000100000000)
  eden space 61440K, 0% used [0x00000000ec300000,0x00000000ec300000,0x00000000eff00000)
  from space 2560K, 98% used [0x00000000f0180000,0x00000000f03f8060,0x00000000f0400000)
  to   space 2560K, 0% used [0x00000000eff00000,0x00000000eff00000,0x00000000f0180000)
 ParOldGen       total 40960K, used 16835K [0x00000000c4800000, 0x00000000c7000000, 0x00000000ec300000)
  object space 40960K, 41% used [0x00000000c4800000,0x00000000c5870d50,0x00000000c7000000)
 Metaspace       used 20869K, capacity 21077K, committed 21296K, reserved 1069056K
  class space    used 1999K, capacity 2084K, committed 2176K, reserved 1048576K
}
Event: 6.783 GC heap before
{Heap before GC invocations=5 (full 0):
 PSYoungGen      total 64000K, used 13794K [0x00000000ec300000, 0x00000000f0400000, 0x0000000100000000)
  eden space 61440K, 18% used [0x00000000ec300000,0x00000000ece009c8,0x00000000eff00000)
  from space 2560K, 98% used [0x00000000f0180000,0x00000000f03f8060,0x00000000f0400000)
  to   space 2560K, 0% used [0x00000000eff00000,0x00000000eff00000,0x00000000f0180000)
 ParOldGen       total 40960K, used 16835K [0x00000000c4800000, 0x00000000c7000000, 0x00000000ec300000)
  object space 40960K, 41% used [0x00000000c4800000,0x00000000c5870d50,0x00000000c7000000)
 Metaspace       used 20915K, capacity 21141K, committed 21296K, reserved 1069056K
  class space    used 1999K, capacity 2084K, committed 2176K, reserved 1048576K
Event: 6.801 GC heap after
Heap after GC invocations=5 (full 0):
 PSYoungGen      total 64000K, used 2546K [0x00000000ec300000, 0x00000000f5300000, 0x0000000100000000)
  eden space 61440K, 0% used [0x00000000ec300000,0x00000000ec300000,0x00000000eff00000)
  from space 2560K, 99% used [0x00000000eff00000,0x00000000f017c880,0x00000000f0180000)
  to   space 12288K, 0% used [0x00000000f4700000,0x00000000f4700000,0x00000000f5300000)
 ParOldGen       total 40960K, used 17683K [0x00000000c4800000, 0x00000000c7000000, 0x00000000ec300000)
  object space 40960K, 43% used [0x00000000c4800000,0x00000000c5944d80,0x00000000c7000000)
 Metaspace       used 20915K, capacity 21141K, committed 21296K, reserved 1069056K
  class space    used 1999K, capacity 2084K, committed 2176K, reserved 1048576K
}
Event: 6.801 GC heap before
{Heap before GC invocations=6 (full 1):
 PSYoungGen      total 64000K, used 2546K [0x00000000ec300000, 0x00000000f5300000, 0x0000000100000000)
  eden space 61440K, 0% used [0x00000000ec300000,0x00000000ec300000,0x00000000eff00000)
  from space 2560K, 99% used [0x00000000eff00000,0x00000000f017c880,0x00000000f0180000)
  to   space 12288K, 0% used [0x00000000f4700000,0x00000000f4700000,0x00000000f5300000)
 ParOldGen       total 40960K, used 17683K [0x00000000c4800000, 0x00000000c7000000, 0x00000000ec300000)
  object space 40960K, 43% used [0x00000000c4800000,0x00000000c5944d80,0x00000000c7000000)
 Metaspace       used 20915K, capacity 21141K, committed 21296K, reserved 1069056K
  class space    used 1999K, capacity 2084K, committed 2176K, reserved 1048576K
Event: 6.899 GC heap after
Heap after GC invocations=6 (full 1):
 PSYoungGen      total 64000K, used 0K [0x00000000ec300000, 0x00000000f5300000, 0x0000000100000000)
  eden space 61440K, 0% used [0x00000000ec300000,0x00000000ec300000,0x00000000eff00000)
  from space 2560K, 0% used [0x00000000eff00000,0x00000000eff00000,0x00000000f0180000)
  to   space 12288K, 0% used [0x00000000f4700000,0x00000000f4700000,0x00000000f5300000)
 ParOldGen       total 47104K, used 16770K [0x00000000c4800000, 0x00000000c7600000, 0x00000000ec300000)
  object space 47104K, 35% used [0x00000000c4800000,0x00000000c58609d8,0x00000000c7600000)
 Metaspace       used 20915K, capacity 21141K, committed 21296K, reserved 1069056K
  class space    used 1999K, capacity 2084K, committed 2176K, reserved 1048576K
}

