# JRE version: Java(TM) SE Runtime Environment (8.0_45-b14) (build 1.8.0_45-b14)
# Java VM: Java HotSpot(TM) 64-Bit Server VM (25.45-b02 mixed mode linux-amd64 compressed oops)
Heap:
 PSYoungGen      total 164864K, used 121183K [0x00000000ec300000, 0x00000000f7a80000, 0x0000000100000000)
  eden space 152576K, 79% used [0x00000000ec300000,0x00000000f3937ce8,0x00000000f5800000)
  from space 12288K, 1% used [0x00000000f6400000,0x00000000f6420000,0x00000000f7000000)
  to   space 12288K, 0% used [0x00000000f5800000,0x00000000f5800000,0x00000000f6400000)
 ParOldGen       total 46080K, used 16011K [0x00000000c4800000, 0x00000000c7500000, 0x00000000ec300000)
  object space 46080K, 34% used [0x00000000c4800000,0x00000000c57a2d88,0x00000000c7500000)
 Metaspace       used 21118K, capacity 21301K, committed 21552K, reserved 1069056K
  class space    used 1994K, capacity 2052K, committed 2176K, reserved 1048576K
GC Heap History (10 events):
Event: 13.871 GC heap before
{Heap before GC invocations=5 (full 0):
 PSYoungGen      total 64000K, used 19095K [0x00000000ec300000, 0x00000000f0400000, 0x0000000100000000)
  eden space 61440K, 26% used [0x00000000ec300000,0x00000000ed329588,0x00000000eff00000)
  from space 2560K, 99% used [0x00000000f0180000,0x00000000f03fc750,0x00000000f0400000)
  to   space 2560K, 0% used [0x00000000eff00000,0x00000000eff00000,0x00000000f0180000)
 ParOldGen       total 40960K, used 16374K [0x00000000c4800000, 0x00000000c7000000, 0x00000000ec300000)
  object space 40960K, 39% used [0x00000000c4800000,0x00000000c57fd960,0x00000000c7000000)
 Metaspace       used 20934K, capacity 21109K, committed 21296K, reserved 1069056K
  class space    used 1989K, capacity 2052K, committed 2176K, reserved 1048576K
Event: 13.900 GC heap after
Heap after GC invocations=5 (full 0):
 PSYoungGen      total 64000K, used 2530K [0x00000000ec300000, 0x00000000f5200000, 0x0000000100000000)
  eden space 61440K, 0% used [0x00000000ec300000,0x00000000ec300000,0x00000000eff00000)
  from space 2560K, 98% used [0x00000000eff00000,0x00000000f0178860,0x00000000f0180000)
  to   space 11776K, 0% used [0x00000000f4680000,0x00000000f4680000,0x00000000f5200000)
 ParOldGen       total 40960K, used 16654K [0x00000000c4800000, 0x00000000c7000000, 0x00000000ec300000)
  object space 40960K, 40% used [0x00000000c4800000,0x00000000c5843960,0x00000000c7000000)
 Metaspace       used 20934K, capacity 21109K, committed 21296K, reserved 1069056K
  class space    used 1989K, capacity 2052K, committed 2176K, reserved 1048576K
}
Event: 13.900 GC heap before
{Heap before GC invocations=6 (full 1):
 PSYoungGen      total 64000K, used 2530K [0x00000000ec300000, 0x00000000f5200000, 0x0000000100000000)
  eden space 61440K, 0% used [0x00000000ec300000,0x00000000ec300000,0x00000000eff00000)
  from space 2560K, 98% used [0x00000000eff00000,0x00000000f0178860,0x00000000f0180000)
  to   space 11776K, 0% used [0x00000000f4680000,0x00000000f4680000,0x00000000f5200000)
 ParOldGen       total 40960K, used 16654K [0x00000000c4800000, 0x00000000c7000000, 0x00000000ec300000)
  object space 40960K, 40% used [0x00000000c4800000,0x00000000c5843960,0x00000000c7000000)
 Metaspace       used 20934K, capacity 21109K, committed 21296K, reserved 1069056K
  class space    used 1989K, capacity 2052K, committed 2176K, reserved 1048576K
Event: 14.003 GC heap after
Heap after GC invocations=6 (full 1):
 PSYoungGen      total 64000K, used 0K [0x00000000ec300000, 0x00000000f5200000, 0x0000000100000000)
  eden space 61440K, 0% used [0x00000000ec300000,0x00000000ec300000,0x00000000eff00000)
  from space 2560K, 0% used [0x00000000eff00000,0x00000000eff00000,0x00000000f0180000)
  to   space 11776K, 0% used [0x00000000f4680000,0x00000000f4680000,0x00000000f5200000)
 ParOldGen       total 46080K, used 16003K [0x00000000c4800000, 0x00000000c7500000, 0x00000000ec300000)
  object space 46080K, 34% used [0x00000000c4800000,0x00000000c57a0d88,0x00000000c7500000)
 Metaspace       used 20934K, capacity 21109K, committed 21296K, reserved 1069056K
  class space    used 1989K, capacity 2052K, committed 2176K, reserved 1048576K
}
Event: 76.617 GC heap before
{Heap before GC invocations=7 (full 1):
 PSYoungGen      total 64000K, used 61440K [0x00000000ec300000, 0x00000000f5200000, 0x0000000100000000)
  eden space 61440K, 100% used [0x00000000ec300000,0x00000000eff00000,0x00000000eff00000)
  from space 2560K, 0% used [0x00000000eff00000,0x00000000eff00000,0x00000000f0180000)
  to   space 11776K, 0% used [0x00000000f4680000,0x00000000f4680000,0x00000000f5200000)
 ParOldGen       total 46080K, used 16003K [0x00000000c4800000, 0x00000000c7500000, 0x00000000ec300000)
  object space 46080K, 34% used [0x00000000c4800000,0x00000000c57a0d88,0x00000000c7500000)
 Metaspace       used 21073K, capacity 21237K, committed 21552K, reserved 1069056K
  class space    used 1990K, capacity 2052K, committed 2176K, reserved 1048576K
Event: 76.641 GC heap after
Heap after GC invocations=7 (full 1):
 PSYoungGen      total 99328K, used 160K [0x00000000ec300000, 0x00000000f4700000, 0x0000000100000000)
  eden space 98816K, 0% used [0x00000000ec300000,0x00000000ec300000,0x00000000f2380000)
  from space 512K, 31% used [0x00000000f4680000,0x00000000f46a8000,0x00000000f4700000)
  to   space 12288K, 0% used [0x00000000f2f00000,0x00000000f2f00000,0x00000000f3b00000)
 ParOldGen       total 46080K, used 16011K [0x00000000c4800000, 0x00000000c7500000, 0x00000000ec300000)
  object space 46080K, 34% used [0x00000000c4800000,0x00000000c57a2d88,0x00000000c7500000)
 Metaspace       used 21073K, capacity 21237K, committed 21552K, reserved 1069056K
  class space    used 1990K, capacity 2052K, committed 2176K, reserved 1048576K
}
Event: 109.808 GC heap before
{Heap before GC invocations=8 (full 1):
 PSYoungGen      total 99328K, used 98976K [0x00000000ec300000, 0x00000000f4700000, 0x0000000100000000)
  eden space 98816K, 100% used [0x00000000ec300000,0x00000000f2380000,0x00000000f2380000)
  from space 512K, 31% used [0x00000000f4680000,0x00000000f46a8000,0x00000000f4700000)
  to   space 12288K, 0% used [0x00000000f2f00000,0x00000000f2f00000,0x00000000f3b00000)
 ParOldGen       total 46080K, used 16011K [0x00000000c4800000, 0x00000000c7500000, 0x00000000ec300000)
  object space 46080K, 34% used [0x00000000c4800000,0x00000000c57a2d88,0x00000000c7500000)
 Metaspace       used 21073K, capacity 21237K, committed 21552K, reserved 1069056K
  class space    used 1990K, capacity 2052K, committed 2176K, reserved 1048576K
Event: 109.821 GC heap after
Heap after GC invocations=8 (full 1):
 PSYoungGen      total 122880K, used 128K [0x00000000ec300000, 0x00000000f7000000, 0x0000000100000000)
  eden space 110592K, 0% used [0x00000000ec300000,0x00000000ec300000,0x00000000f2f00000)
  from space 12288K, 1% used [0x00000000f2f00000,0x00000000f2f20000,0x00000000f3b00000)
  to   space 12288K, 0% used [0x00000000f6400000,0x00000000f6400000,0x00000000f7000000)
 ParOldGen       total 46080K, used 16011K [0x00000000c4800000, 0x00000000c7500000, 0x00000000ec300000)
  object space 46080K, 34% used [0x00000000c4800000,0x00000000c57a2d88,0x00000000c7500000)
 Metaspace       used 21073K, capacity 21237K, committed 21552K, reserved 1069056K
  class space    used 1990K, capacity 2052K, committed 2176K, reserved 1048576K
}
Event: 145.721 GC heap before
{Heap before GC invocations=9 (full 1):
 PSYoungGen      total 122880K, used 110720K [0x00000000ec300000, 0x00000000f7000000, 0x0000000100000000)
  eden space 110592K, 100% used [0x00000000ec300000,0x00000000f2f00000,0x00000000f2f00000)
  from space 12288K, 1% used [0x00000000f2f00000,0x00000000f2f20000,0x00000000f3b00000)
  to   space 12288K, 0% used [0x00000000f6400000,0x00000000f6400000,0x00000000f7000000)
 ParOldGen       total 46080K, used 16011K [0x00000000c4800000, 0x00000000c7500000, 0x00000000ec300000)
  object space 46080K, 34% used [0x00000000c4800000,0x00000000c57a2d88,0x00000000c7500000)
 Metaspace       used 21074K, capacity 21237K, committed 21552K, reserved 1069056K
  class space    used 1990K, capacity 2052K, committed 2176K, reserved 1048576K
Event: 145.741 GC heap after
Heap after GC invocations=9 (full 1):
 PSYoungGen      total 164864K, used 128K [0x00000000ec300000, 0x00000000f7a80000, 0x0000000100000000)
  eden space 152576K, 0% used [0x00000000ec300000,0x00000000ec300000,0x00000000f5800000)
  from space 12288K, 1% used [0x00000000f6400000,0x00000000f6420000,0x00000000f7000000)
  to   space 12288K, 0% used [0x00000000f5800000,0x00000000f5800000,0x00000000f6400000)
 ParOldGen       total 46080K, used 16011K [0x00000000c4800000, 0x00000000c7500000, 0x00000000ec300000)
  object space 46080K, 34% used [0x00000000c4800000,0x00000000c57a2d88,0x00000000c7500000)
 Metaspace       used 21074K, capacity 21237K, committed 21552K, reserved 1069056K
  class space    used 1990K, capacity 2052K, committed 2176K, reserved 1048576K
}

