# JRE version: Java(TM) SE Runtime Environment (8.0_45-b14) (build 1.8.0_45-b14)
# Java VM: Java HotSpot(TM) 64-Bit Server VM (25.45-b02 mixed mode linux-amd64 compressed oops)
Heap:
 PSYoungGen      total 108032K, used 53958K [0x00000000ec300000, 0x00000000f3a80000, 0x0000000100000000)
  eden space 97792K, 44% used [0x00000000ec300000,0x00000000eedc98e0,0x00000000f2280000)
  from space 10240K, 99% used [0x00000000f3080000,0x00000000f3a68260,0x00000000f3a80000)
  to   space 11776K, 0% used [0x00000000f2380000,0x00000000f2380000,0x00000000f2f00000)
 ParOldGen       total 45568K, used 19767K [0x00000000c4800000, 0x00000000c7480000, 0x00000000ec300000)
  object space 45568K, 43% used [0x00000000c4800000,0x00000000c5b4df48,0x00000000c7480000)
 Metaspace       used 21509K, capacity 21787K, committed 22064K, reserved 1069056K
  class space    used 2000K, capacity 2085K, committed 2176K, reserved 1048576K
GC Heap History (10 events):
Event: 5.602 GC heap before
{Heap before GC invocations=5 (full 0):
 PSYoungGen      total 33280K, used 33274K [0x00000000ec300000, 0x00000000ee600000, 0x0000000100000000)
  eden space 30720K, 100% used [0x00000000ec300000,0x00000000ee100000,0x00000000ee100000)
  from space 2560K, 99% used [0x00000000ee380000,0x00000000ee5fe8c0,0x00000000ee600000)
  to   space 2560K, 0% used [0x00000000ee100000,0x00000000ee100000,0x00000000ee380000)
 ParOldGen       total 40960K, used 13519K [0x00000000c4800000, 0x00000000c7000000, 0x00000000ec300000)
  object space 40960K, 33% used [0x00000000c4800000,0x00000000c5533fd8,0x00000000c7000000)
 Metaspace       used 20858K, capacity 21045K, committed 21296K, reserved 1069056K
  class space    used 1992K, capacity 2052K, committed 2176K, reserved 1048576K
Event: 5.617 GC heap after
Heap after GC invocations=5 (full 0):
 PSYoungGen      total 33280K, used 2544K [0x00000000ec300000, 0x00000000f1500000, 0x0000000100000000)
  eden space 30720K, 0% used [0x00000000ec300000,0x00000000ec300000,0x00000000ee100000)
  from space 2560K, 99% used [0x00000000ee100000,0x00000000ee37c060,0x00000000ee380000)
  to   space 11264K, 0% used [0x00000000f0a00000,0x00000000f0a00000,0x00000000f1500000)
 ParOldGen       total 40960K, used 18379K [0x00000000c4800000, 0x00000000c7000000, 0x00000000ec300000)
  object space 40960K, 44% used [0x00000000c4800000,0x00000000c59f2d20,0x00000000c7000000)
 Metaspace       used 20858K, capacity 21045K, committed 21296K, reserved 1069056K
  class space    used 1992K, capacity 2052K, committed 2176K, reserved 1048576K
}
Event: 6.217 GC heap before
{Heap before GC invocations=6 (full 0):
 PSYoungGen      total 33280K, used 12328K [0x00000000ec300000, 0x00000000f1500000, 0x0000000100000000)
  eden space 30720K, 31% used [0x00000000ec300000,0x00000000ecc8e050,0x00000000ee100000)
  from space 2560K, 99% used [0x00000000ee100000,0x00000000ee37c060,0x00000000ee380000)
  to   space 11264K, 0% used [0x00000000f0a00000,0x00000000f0a00000,0x00000000f1500000)
 ParOldGen       total 40960K, used 18379K [0x00000000c4800000, 0x00000000c7000000, 0x00000000ec300000)
  object space 40960K, 44% used [0x00000000c4800000,0x00000000c59f2d20,0x00000000c7000000)
 Metaspace       used 20910K, capacity 21109K, committed 21296K, reserved 1069056K
  class space    used 1992K, capacity 2052K, committed 2176K, reserved 1048576K
Event: 6.250 GC heap after
Heap after GC invocations=6 (full 0):
 PSYoungGen      total 71680K, used 4208K [0x00000000ec300000, 0x00000000f1400000, 0x0000000100000000)
  eden space 61440K, 0% used [0x00000000ec300000,0x00000000ec300000,0x00000000eff00000)
  from space 10240K, 41% used [0x00000000f0a00000,0x00000000f0e1c0c0,0x00000000f1400000)
  to   space 10752K, 0% used [0x00000000eff00000,0x00000000eff00000,0x00000000f0980000)
 ParOldGen       total 40960K, used 18387K [0x00000000c4800000, 0x00000000c7000000, 0x00000000ec300000)
  object space 40960K, 44% used [0x00000000c4800000,0x00000000c59f4d20,0x00000000c7000000)
 Metaspace       used 20910K, capacity 21109K, committed 21296K, reserved 1069056K
  class space    used 1992K, capacity 2052K, committed 2176K, reserved 1048576K
}
Event: 6.250 GC heap before
{Heap before GC invocations=7 (full 1):
 PSYoungGen      total 71680K, used 4208K [0x00000000ec300000, 0x00000000f1400000, 0x0000000100000000)
  eden space 61440K, 0% used [0x00000000ec300000,0x00000000ec300000,0x00000000eff00000)
  from space 10240K, 41% used [0x00000000f0a00000,0x00000000f0e1c0c0,0x00000000f1400000)
  to   space 10752K, 0% used [0x00000000eff00000,0x00000000eff00000,0x00000000f0980000)
 ParOldGen       total 40960K, used 18387K [0x00000000c4800000, 0x00000000c7000000, 0x00000000ec300000)
  object space 40960K, 44% used [0x00000000c4800000,0x00000000c59f4d20,0x00000000c7000000)
 Metaspace       used 20910K, capacity 21109K, committed 21296K, reserved 1069056K
  class space    used 1992K, capacity 2052K, committed 2176K, reserved 1048576K
Event: 6.318 GC heap after
Heap after GC invocations=7 (full 1):
 PSYoungGen      total 71680K, used 0K [0x00000000ec300000, 0x00000000f1400000, 0x0000000100000000)
  eden space 61440K, 0% used [0x00000000ec300000,0x00000000ec300000,0x00000000eff00000)
  from space 10240K, 0% used [0x00000000f0a00000,0x00000000f0a00000,0x00000000f1400000)
  to   space 10752K, 0% used [0x00000000eff00000,0x00000000eff00000,0x00000000f0980000)
 ParOldGen       total 45568K, used 16935K [0x00000000c4800000, 0x00000000c7480000, 0x00000000ec300000)
  object space 45568K, 37% used [0x00000000c4800000,0x00000000c5889e98,0x00000000c7480000)
 Metaspace       used 20910K, capacity 21109K, committed 21296K, reserved 1069056K
  class space    used 1992K, capacity 2052K, committed 2176K, reserved 1048576K
}
Event: 10.937 GC heap before
{Heap before GC invocations=8 (full 1):
 PSYoungGen      total 71680K, used 61440K [0x00000000ec300000, 0x00000000f1400000, 0x0000000100000000)
  eden space 61440K, 100% used [0x00000000ec300000,0x00000000eff00000,0x00000000eff00000)
  from space 10240K, 0% used [0x00000000f0a00000,0x00000000f0a00000,0x00000000f1400000)
  to   space 10752K, 0% used [0x00000000eff00000,0x00000000eff00000,0x00000000f0980000)
 ParOldGen       total 45568K, used 16935K [0x00000000c4800000, 0x00000000c7480000, 0x00000000ec300000)
  object space 45568K, 37% used [0x00000000c4800000,0x00000000c5889e98,0x00000000c7480000)
 Metaspace       used 21234K, capacity 21435K, committed 21808K, reserved 1069056K
  class space    used 1995K, capacity 2053K, committed 2176K, reserved 1048576K
Event: 10.955 GC heap after
Heap after GC invocations=8 (full 1):
 PSYoungGen      total 72192K, used 5856K [0x00000000ec300000, 0x00000000f3a80000, 0x0000000100000000)
  eden space 61440K, 0% used [0x00000000ec300000,0x00000000ec300000,0x00000000eff00000)
  from space 10752K, 54% used [0x00000000eff00000,0x00000000f04b8160,0x00000000f0980000)
  to   space 10240K, 0% used [0x00000000f3080000,0x00000000f3080000,0x00000000f3a80000)
 ParOldGen       total 45568K, used 16943K [0x00000000c4800000, 0x00000000c7480000, 0x00000000ec300000)
  object space 45568K, 37% used [0x00000000c4800000,0x00000000c588be98,0x00000000c7480000)
 Metaspace       used 21234K, capacity 21435K, committed 21808K, reserved 1069056K
  class space    used 1995K, capacity 2053K, committed 2176K, reserved 1048576K
}
Event: 74.998 GC heap before
{Heap before GC invocations=9 (full 1):
 PSYoungGen      total 72192K, used 67296K [0x00000000ec300000, 0x00000000f3a80000, 0x0000000100000000)
  eden space 61440K, 100% used [0x00000000ec300000,0x00000000eff00000,0x00000000eff00000)
  from space 10752K, 54% used [0x00000000eff00000,0x00000000f04b8160,0x00000000f0980000)
  to   space 10240K, 0% used [0x00000000f3080000,0x00000000f3080000,0x00000000f3a80000)
 ParOldGen       total 45568K, used 16943K [0x00000000c4800000, 0x00000000c7480000, 0x00000000ec300000)
  object space 45568K, 37% used [0x00000000c4800000,0x00000000c588be98,0x00000000c7480000)
 Metaspace       used 21438K, capacity 21659K, committed 21808K, reserved 1069056K
  class space    used 1999K, capacity 2085K, committed 2176K, reserved 1048576K
Event: 75.021 GC heap after
Heap after GC invocations=9 (full 1):
 PSYoungGen      total 108032K, used 10144K [0x00000000ec300000, 0x00000000f3a80000, 0x0000000100000000)
  eden space 97792K, 0% used [0x00000000ec300000,0x00000000ec300000,0x00000000f2280000)
  from space 10240K, 99% used [0x00000000f3080000,0x00000000f3a68260,0x00000000f3a80000)
  to   space 11776K, 0% used [0x00000000f2380000,0x00000000f2380000,0x00000000f2f00000)
 ParOldGen       total 45568K, used 19767K [0x00000000c4800000, 0x00000000c7480000, 0x00000000ec300000)
  object space 45568K, 43% used [0x00000000c4800000,0x00000000c5b4df48,0x00000000c7480000)
 Metaspace       used 21438K, capacity 21659K, committed 21808K, reserved 1069056K
  class space    used 1999K, capacity 2085K, committed 2176K, reserved 1048576K
}

