# JRE version: Java(TM) SE Runtime Environment (8.0_45-b14) (build 1.8.0_45-b14)
# Java VM: Java HotSpot(TM) 64-Bit Server VM (25.45-b02 mixed mode linux-amd64 compressed oops)
Heap:
 PSYoungGen      total 72192K, used 44503K [0x00000000ec300000, 0x00000000f1400000, 0x0000000100000000)
  eden space 61440K, 72% used [0x00000000ec300000,0x00000000eee75f28,0x00000000eff00000)
  from space 10752K, 0% used [0x00000000f0980000,0x00000000f0980000,0x00000000f1400000)
  to   space 10752K, 0% used [0x00000000eff00000,0x00000000eff00000,0x00000000f0980000)
 ParOldGen       total 40448K, used 15169K [0x00000000c4800000, 0x00000000c6f80000, 0x00000000ec300000)
  object space 40448K, 37% used [0x00000000c4800000,0x00000000c56d0478,0x00000000c6f80000)
 Metaspace       used 21178K, capacity 21371K, committed 21552K, reserved 1069056K
  class space    used 1994K, capacity 2053K, committed 2176K, reserved 1048576K
GC Heap History (10 events):
Event: 1.585 GC heap before
{Heap before GC invocations=3 (full 0):
 PSYoungGen      total 17920K, used 17904K [0x00000000ec300000, 0x00000000ed700000, 0x0000000100000000)
  eden space 15360K, 100% used [0x00000000ec300000,0x00000000ed200000,0x00000000ed200000)
  from space 2560K, 99% used [0x00000000ed480000,0x00000000ed6fc010,0x00000000ed700000)
  to   space 2560K, 0% used [0x00000000ed200000,0x00000000ed200000,0x00000000ed480000)
 ParOldGen       total 40960K, used 2155K [0x00000000c4800000, 0x00000000c7000000, 0x00000000ec300000)
  object space 40960K, 5% used [0x00000000c4800000,0x00000000c4a1ae18,0x00000000c7000000)
 Metaspace       used 18139K, capacity 18347K, committed 18560K, reserved 1067008K
  class space    used 1764K, capacity 1821K, committed 1920K, reserved 1048576K
Event: 1.600 GC heap after
Heap after GC invocations=3 (full 0):
 PSYoungGen      total 17920K, used 2544K [0x00000000ec300000, 0x00000000ee600000, 0x0000000100000000)
  eden space 15360K, 0% used [0x00000000ec300000,0x00000000ec300000,0x00000000ed200000)
  from space 2560K, 99% used [0x00000000ed200000,0x00000000ed47c010,0x00000000ed480000)
  to   space 2560K, 0% used [0x00000000ee380000,0x00000000ee380000,0x00000000ee600000)
 ParOldGen       total 40960K, used 6330K [0x00000000c4800000, 0x00000000c7000000, 0x00000000ec300000)
  object space 40960K, 15% used [0x00000000c4800000,0x00000000c4e2e968,0x00000000c7000000)
 Metaspace       used 18139K, capacity 18347K, committed 18560K, reserved 1067008K
  class space    used 1764K, capacity 1821K, committed 1920K, reserved 1048576K
}
Event: 4.446 GC heap before
{Heap before GC invocations=4 (full 0):
 PSYoungGen      total 17920K, used 17904K [0x00000000ec300000, 0x00000000ee600000, 0x0000000100000000)
  eden space 15360K, 100% used [0x00000000ec300000,0x00000000ed200000,0x00000000ed200000)
  from space 2560K, 99% used [0x00000000ed200000,0x00000000ed47c010,0x00000000ed480000)
  to   space 2560K, 0% used [0x00000000ee380000,0x00000000ee380000,0x00000000ee600000)
 ParOldGen       total 40960K, used 6330K [0x00000000c4800000, 0x00000000c7000000, 0x00000000ec300000)
  object space 40960K, 15% used [0x00000000c4800000,0x00000000c4e2e968,0x00000000c7000000)
 Metaspace       used 20170K, capacity 20439K, committed 20480K, reserved 1067008K
  class space    used 1962K, capacity 2047K, committed 2048K, reserved 1048576K
Event: 4.467 GC heap after
Heap after GC invocations=4 (full 0):
 PSYoungGen      total 33280K, used 2544K [0x00000000ec300000, 0x00000000ee600000, 0x0000000100000000)
  eden space 30720K, 0% used [0x00000000ec300000,0x00000000ec300000,0x00000000ee100000)
  from space 2560K, 99% used [0x00000000ee380000,0x00000000ee5fc010,0x00000000ee600000)
  to   space 2560K, 0% used [0x00000000ee100000,0x00000000ee100000,0x00000000ee380000)
 ParOldGen       total 40960K, used 13478K [0x00000000c4800000, 0x00000000c7000000, 0x00000000ec300000)
  object space 40960K, 32% used [0x00000000c4800000,0x00000000c55298d0,0x00000000c7000000)
 Metaspace       used 20170K, capacity 20439K, committed 20480K, reserved 1067008K
  class space    used 1962K, capacity 2047K, committed 2048K, reserved 1048576K
}
Event: 6.213 GC heap before
{Heap before GC invocations=5 (full 0):
 PSYoungGen      total 33280K, used 33264K [0x00000000ec300000, 0x00000000ee600000, 0x0000000100000000)
  eden space 30720K, 100% used [0x00000000ec300000,0x00000000ee100000,0x00000000ee100000)
  from space 2560K, 99% used [0x00000000ee380000,0x00000000ee5fc010,0x00000000ee600000)
  to   space 2560K, 0% used [0x00000000ee100000,0x00000000ee100000,0x00000000ee380000)
 ParOldGen       total 40960K, used 13478K [0x00000000c4800000, 0x00000000c7000000, 0x00000000ec300000)
  object space 40960K, 32% used [0x00000000c4800000,0x00000000c55298d0,0x00000000c7000000)
 Metaspace       used 20905K, capacity 21109K, committed 21296K, reserved 1069056K
  class space    used 1990K, capacity 2052K, committed 2176K, reserved 1048576K
Event: 6.230 GC heap after
Heap after GC invocations=5 (full 0):
 PSYoungGen      total 33280K, used 2528K [0x00000000ec300000, 0x00000000f1400000, 0x0000000100000000)
  eden space 30720K, 0% used [0x00000000ec300000,0x00000000ec300000,0x00000000ee100000)
  from space 2560K, 98% used [0x00000000ee100000,0x00000000ee378050,0x00000000ee380000)
  to   space 10752K, 0% used [0x00000000f0980000,0x00000000f0980000,0x00000000f1400000)
 ParOldGen       total 40960K, used 17638K [0x00000000c4800000, 0x00000000c7000000, 0x00000000ec300000)
  object space 40960K, 43% used [0x00000000c4800000,0x00000000c5939a78,0x00000000c7000000)
 Metaspace       used 20905K, capacity 21109K, committed 21296K, reserved 1069056K
  class space    used 1990K, capacity 2052K, committed 2176K, reserved 1048576K
}
Event: 6.331 GC heap before
{Heap before GC invocations=6 (full 0):
 PSYoungGen      total 33280K, used 5649K [0x00000000ec300000, 0x00000000f1400000, 0x0000000100000000)
  eden space 30720K, 10% used [0x00000000ec300000,0x00000000ec60c408,0x00000000ee100000)
  from space 2560K, 98% used [0x00000000ee100000,0x00000000ee378050,0x00000000ee380000)
  to   space 10752K, 0% used [0x00000000f0980000,0x00000000f0980000,0x00000000f1400000)
 ParOldGen       total 40960K, used 17638K [0x00000000c4800000, 0x00000000c7000000, 0x00000000ec300000)
  object space 40960K, 43% used [0x00000000c4800000,0x00000000c5939a78,0x00000000c7000000)
 Metaspace       used 20917K, capacity 21115K, committed 21296K, reserved 1069056K
  class space    used 1990K, capacity 2053K, committed 2176K, reserved 1048576K
Event: 6.347 GC heap after
Heap after GC invocations=6 (full 0):
 PSYoungGen      total 72192K, used 3218K [0x00000000ec300000, 0x00000000f1400000, 0x0000000100000000)
  eden space 61440K, 0% used [0x00000000ec300000,0x00000000ec300000,0x00000000eff00000)
  from space 10752K, 29% used [0x00000000f0980000,0x00000000f0ca4880,0x00000000f1400000)
  to   space 10752K, 0% used [0x00000000eff00000,0x00000000eff00000,0x00000000f0980000)
 ParOldGen       total 40960K, used 17638K [0x00000000c4800000, 0x00000000c7000000, 0x00000000ec300000)
  object space 40960K, 43% used [0x00000000c4800000,0x00000000c5939a78,0x00000000c7000000)
 Metaspace       used 20917K, capacity 21115K, committed 21296K, reserved 1069056K
  class space    used 1990K, capacity 2053K, committed 2176K, reserved 1048576K
}
Event: 6.348 GC heap before
{Heap before GC invocations=7 (full 1):
 PSYoungGen      total 72192K, used 3218K [0x00000000ec300000, 0x00000000f1400000, 0x0000000100000000)
  eden space 61440K, 0% used [0x00000000ec300000,0x00000000ec300000,0x00000000eff00000)
  from space 10752K, 29% used [0x00000000f0980000,0x00000000f0ca4880,0x00000000f1400000)
  to   space 10752K, 0% used [0x00000000eff00000,0x00000000eff00000,0x00000000f0980000)
 ParOldGen       total 40960K, used 17638K [0x00000000c4800000, 0x00000000c7000000, 0x00000000ec300000)
  object space 40960K, 43% used [0x00000000c4800000,0x00000000c5939a78,0x00000000c7000000)
 Metaspace       used 20917K, capacity 21115K, committed 21296K, reserved 1069056K
  class space    used 1990K, capacity 2053K, committed 2176K, reserved 1048576K
Event: 6.398 GC heap after
Heap after GC invocations=7 (full 1):
 PSYoungGen      total 72192K, used 0K [0x00000000ec300000, 0x00000000f1400000, 0x0000000100000000)
  eden space 61440K, 0% used [0x00000000ec300000,0x00000000ec300000,0x00000000eff00000)
  from space 10752K, 0% used [0x00000000f0980000,0x00000000f0980000,0x00000000f1400000)
  to   space 10752K, 0% used [0x00000000eff00000,0x00000000eff00000,0x00000000f0980000)
 ParOldGen       total 40448K, used 15169K [0x00000000c4800000, 0x00000000c6f80000, 0x00000000ec300000)
  object space 40448K, 37% used [0x00000000c4800000,0x00000000c56d0478,0x00000000c6f80000)
 Metaspace       used 20917K, capacity 21115K, committed 21296K, reserved 1069056K
  class space    used 1990K, capacity 2053K, committed 2176K, reserved 1048576K
}

