# JRE version: Java(TM) SE Runtime Environment (8.0_45-b14) (build 1.8.0_45-b14)
# Java VM: Java HotSpot(TM) 64-Bit Server VM (25.45-b02 mixed mode linux-amd64 compressed oops)
Heap:
 PSYoungGen      total 176128K, used 135276K [0x00000000ec300000, 0x00000000f8500000, 0x0000000100000000)
  eden space 160768K, 84% used [0x00000000ec300000,0x00000000f4703018,0x00000000f6000000)
  from space 15360K, 0% used [0x00000000f7600000,0x00000000f7618000,0x00000000f8500000)
  to   space 18944K, 0% used [0x00000000f6000000,0x00000000f6000000,0x00000000f7280000)
 ParOldGen       total 102400K, used 81412K [0x00000000c4800000, 0x00000000cac00000, 0x00000000ec300000)
  object space 102400K, 79% used [0x00000000c4800000,0x00000000c9781160,0x00000000cac00000)
 Metaspace       used 21939K, capacity 22171K, committed 22320K, reserved 1069056K
  class space    used 1997K, capacity 2085K, committed 2096K, reserved 1048576K
GC Heap History (10 events):
Event: 136.763 GC heap before
{Heap before GC invocations=15 (full 2):
 PSYoungGen      total 87040K, used 77864K [0x00000000ec300000, 0x00000000f2680000, 0x0000000100000000)
  eden space 74752K, 100% used [0x00000000ec300000,0x00000000f0c00000,0x00000000f0c00000)
  from space 12288K, 25% used [0x00000000f1900000,0x00000000f1c0a370,0x00000000f2500000)
  to   space 13312K, 0% used [0x00000000f0c00000,0x00000000f0c00000,0x00000000f1900000)
 ParOldGen       total 69120K, used 40357K [0x00000000c4800000, 0x00000000c8b80000, 0x00000000ec300000)
  object space 69120K, 58% used [0x00000000c4800000,0x00000000c6f69610,0x00000000c8b80000)
 Metaspace       used 21673K, capacity 21819K, committed 22064K, reserved 1069056K
  class space    used 1995K, capacity 2053K, committed 2096K, reserved 1048576K
Event: 136.814 GC heap after
Heap after GC invocations=15 (full 2):
 PSYoungGen      total 88064K, used 13280K [0x00000000ec300000, 0x00000000f5400000, 0x0000000100000000)
  eden space 74752K, 0% used [0x00000000ec300000,0x00000000ec300000,0x00000000f0c00000)
  from space 13312K, 99% used [0x00000000f0c00000,0x00000000f18f8330,0x00000000f1900000)
  to   space 16896K, 0% used [0x00000000f4380000,0x00000000f4380000,0x00000000f5400000)
 ParOldGen       total 69120K, used 45301K [0x00000000c4800000, 0x00000000c8b80000, 0x00000000ec300000)
  object space 69120K, 65% used [0x00000000c4800000,0x00000000c743d740,0x00000000c8b80000)
 Metaspace       used 21673K, capacity 21819K, committed 22064K, reserved 1069056K
  class space    used 1995K, capacity 2053K, committed 2096K, reserved 1048576K
}
Event: 139.264 GC heap before
{Heap before GC invocations=16 (full 2):
 PSYoungGen      total 88064K, used 88032K [0x00000000ec300000, 0x00000000f5400000, 0x0000000100000000)
  eden space 74752K, 100% used [0x00000000ec300000,0x00000000f0c00000,0x00000000f0c00000)
  from space 13312K, 99% used [0x00000000f0c00000,0x00000000f18f8330,0x00000000f1900000)
  to   space 16896K, 0% used [0x00000000f4380000,0x00000000f4380000,0x00000000f5400000)
 ParOldGen       total 69120K, used 45301K [0x00000000c4800000, 0x00000000c8b80000, 0x00000000ec300000)
  object space 69120K, 65% used [0x00000000c4800000,0x00000000c743d740,0x00000000c8b80000)
 Metaspace       used 21798K, capacity 22011K, committed 22320K, reserved 1069056K
  class space    used 1995K, capacity 2053K, committed 2096K, reserved 1048576K
Event: 139.337 GC heap after
Heap after GC invocations=16 (full 2):
 PSYoungGen      total 130048K, used 14048K [0x00000000ec300000, 0x00000000f5680000, 0x0000000100000000)
  eden space 113152K, 0% used [0x00000000ec300000,0x00000000ec300000,0x00000000f3180000)
  from space 16896K, 83% used [0x00000000f4380000,0x00000000f5138360,0x00000000f5400000)
  to   space 18432K, 0% used [0x00000000f3180000,0x00000000f3180000,0x00000000f4380000)
 ParOldGen       total 69120K, used 57670K [0x00000000c4800000, 0x00000000c8b80000, 0x00000000ec300000)
  object space 69120K, 83% used [0x00000000c4800000,0x00000000c8051a60,0x00000000c8b80000)
 Metaspace       used 21798K, capacity 22011K, committed 22320K, reserved 1069056K
  class space    used 1995K, capacity 2053K, committed 2096K, reserved 1048576K
}
Event: 139.337 GC heap before
{Heap before GC invocations=17 (full 3):
 PSYoungGen      total 130048K, used 14048K [0x00000000ec300000, 0x00000000f5680000, 0x0000000100000000)
  eden space 113152K, 0% used [0x00000000ec300000,0x00000000ec300000,0x00000000f3180000)
  from space 16896K, 83% used [0x00000000f4380000,0x00000000f5138360,0x00000000f5400000)
  to   space 18432K, 0% used [0x00000000f3180000,0x00000000f3180000,0x00000000f4380000)
 ParOldGen       total 69120K, used 57670K [0x00000000c4800000, 0x00000000c8b80000, 0x00000000ec300000)
  object space 69120K, 83% used [0x00000000c4800000,0x00000000c8051a60,0x00000000c8b80000)
 Metaspace       used 21798K, capacity 22011K, committed 22320K, reserved 1069056K
  class space    used 1995K, capacity 2053K, committed 2096K, reserved 1048576K
Event: 139.880 GC heap after
Heap after GC invocations=17 (full 3):
 PSYoungGen      total 130048K, used 1598K [0x00000000ec300000, 0x00000000f5680000, 0x0000000100000000)
  eden space 113152K, 0% used [0x00000000ec300000,0x00000000ec300000,0x00000000f3180000)
  from space 16896K, 9% used [0x00000000f4380000,0x00000000f450f998,0x00000000f5400000)
  to   space 18432K, 0% used [0x00000000f3180000,0x00000000f3180000,0x00000000f4380000)
 ParOldGen       total 102400K, used 68771K [0x00000000c4800000, 0x00000000cac00000, 0x00000000ec300000)
  object space 102400K, 67% used [0x00000000c4800000,0x00000000c8b28e40,0x00000000cac00000)
 Metaspace       used 21798K, capacity 22011K, committed 22320K, reserved 1069056K
  class space    used 1995K, capacity 2053K, committed 2096K, reserved 1048576K
}
Event: 150.726 GC heap before
{Heap before GC invocations=18 (full 3):
 PSYoungGen      total 130048K, used 114750K [0x00000000ec300000, 0x00000000f5680000, 0x0000000100000000)
  eden space 113152K, 100% used [0x00000000ec300000,0x00000000f3180000,0x00000000f3180000)
  from space 16896K, 9% used [0x00000000f4380000,0x00000000f450f998,0x00000000f5400000)
  to   space 18432K, 0% used [0x00000000f3180000,0x00000000f3180000,0x00000000f4380000)
 ParOldGen       total 102400K, used 68771K [0x00000000c4800000, 0x00000000cac00000, 0x00000000ec300000)
  object space 102400K, 67% used [0x00000000c4800000,0x00000000c8b28e40,0x00000000cac00000)
 Metaspace       used 21925K, capacity 22139K, committed 22320K, reserved 1069056K
  class space    used 1995K, capacity 2053K, committed 2096K, reserved 1048576K
Event: 150.751 GC heap after
Heap after GC invocations=18 (full 3):
 PSYoungGen      total 131584K, used 11232K [0x00000000ec300000, 0x00000000f8800000, 0x0000000100000000)
  eden space 113152K, 0% used [0x00000000ec300000,0x00000000ec300000,0x00000000f3180000)
  from space 18432K, 60% used [0x00000000f3180000,0x00000000f3c782c0,0x00000000f4380000)
  to   space 18432K, 0% used [0x00000000f7600000,0x00000000f7600000,0x00000000f8800000)
 ParOldGen       total 102400K, used 70315K [0x00000000c4800000, 0x00000000cac00000, 0x00000000ec300000)
  object space 102400K, 68% used [0x00000000c4800000,0x00000000c8caaea0,0x00000000cac00000)
 Metaspace       used 21925K, capacity 22139K, committed 22320K, reserved 1069056K
  class space    used 1995K, capacity 2053K, committed 2096K, reserved 1048576K
}
Event: 171.401 GC heap before
{Heap before GC invocations=19 (full 3):
 PSYoungGen      total 131584K, used 124384K [0x00000000ec300000, 0x00000000f8800000, 0x0000000100000000)
  eden space 113152K, 100% used [0x00000000ec300000,0x00000000f3180000,0x00000000f3180000)
  from space 18432K, 60% used [0x00000000f3180000,0x00000000f3c782c0,0x00000000f4380000)
  to   space 18432K, 0% used [0x00000000f7600000,0x00000000f7600000,0x00000000f8800000)
 ParOldGen       total 102400K, used 70315K [0x00000000c4800000, 0x00000000cac00000, 0x00000000ec300000)
  object space 102400K, 68% used [0x00000000c4800000,0x00000000c8caaea0,0x00000000cac00000)
 Metaspace       used 21928K, capacity 22139K, committed 22320K, reserved 1069056K
  class space    used 1995K, capacity 2053K, committed 2096K, reserved 1048576K
Event: 171.425 GC heap after
Heap after GC invocations=19 (full 3):
 PSYoungGen      total 176128K, used 96K [0x00000000ec300000, 0x00000000f8500000, 0x0000000100000000)
  eden space 160768K, 0% used [0x00000000ec300000,0x00000000ec300000,0x00000000f6000000)
  from space 15360K, 0% used [0x00000000f7600000,0x00000000f7618000,0x00000000f8500000)
  to   space 18944K, 0% used [0x00000000f6000000,0x00000000f6000000,0x00000000f7280000)
 ParOldGen       total 102400K, used 81412K [0x00000000c4800000, 0x00000000cac00000, 0x00000000ec300000)
  object space 102400K, 79% used [0x00000000c4800000,0x00000000c9781160,0x00000000cac00000)
 Metaspace       used 21928K, capacity 22139K, committed 22320K, reserved 1069056K
  class space    used 1995K, capacity 2053K, committed 2096K, reserved 1048576K
}

