# JRE version: Java(TM) SE Runtime Environment (8.0_45-b14) (build 1.8.0_45-b14)
# Java VM: Java HotSpot(TM) 64-Bit Server VM (25.45-b02 mixed mode linux-amd64 compressed oops)
Heap:
 PSYoungGen      total 72192K, used 15425K [0x00000000ec300000, 0x00000000f4500000, 0x0000000100000000)
  eden space 61440K, 24% used [0x00000000ec300000,0x00000000ed1b05f0,0x00000000eff00000)
  from space 10752K, 3% used [0x00000000eff00000,0x00000000eff60010,0x00000000f0980000)
  to   space 11264K, 0% used [0x00000000f3a00000,0x00000000f3a00000,0x00000000f4500000)
 ParOldGen       total 41984K, used 15873K [0x00000000c4800000, 0x00000000c7100000, 0x00000000ec300000)
  object space 41984K, 37% used [0x00000000c4800000,0x00000000c5780690,0x00000000c7100000)
 Metaspace       used 21130K, capacity 21301K, committed 21552K, reserved 1069056K
  class space    used 1991K, capacity 2052K, committed 2176K, reserved 1048576K
GC Heap History (10 events):
Event: 10.610 GC heap before
{Heap before GC invocations=4 (full 0):
 PSYoungGen      total 17920K, used 17919K [0x00000000ec300000, 0x00000000ee600000, 0x0000000100000000)
  eden space 15360K, 100% used [0x00000000ec300000,0x00000000ed200000,0x00000000ed200000)
  from space 2560K, 99% used [0x00000000ed200000,0x00000000ed47fcd8,0x00000000ed480000)
  to   space 2560K, 0% used [0x00000000ee380000,0x00000000ee380000,0x00000000ee600000)
 ParOldGen       total 40960K, used 6129K [0x00000000c4800000, 0x00000000c7000000, 0x00000000ec300000)
  object space 40960K, 14% used [0x00000000c4800000,0x00000000c4dfc678,0x00000000c7000000)
 Metaspace       used 19728K, capacity 19863K, committed 19968K, reserved 1067008K
  class space    used 1925K, capacity 1983K, committed 2048K, reserved 1048576K
Event: 10.633 GC heap after
Heap after GC invocations=4 (full 0):
 PSYoungGen      total 33280K, used 2543K [0x00000000ec300000, 0x00000000ee600000, 0x0000000100000000)
  eden space 30720K, 0% used [0x00000000ec300000,0x00000000ec300000,0x00000000ee100000)
  from space 2560K, 99% used [0x00000000ee380000,0x00000000ee5fbcd8,0x00000000ee600000)
  to   space 2560K, 0% used [0x00000000ee100000,0x00000000ee100000,0x00000000ee380000)
 ParOldGen       total 40960K, used 12750K [0x00000000c4800000, 0x00000000c7000000, 0x00000000ec300000)
  object space 40960K, 31% used [0x00000000c4800000,0x00000000c5473b98,0x00000000c7000000)
 Metaspace       used 19728K, capacity 19863K, committed 19968K, reserved 1067008K
  class space    used 1925K, capacity 1983K, committed 2048K, reserved 1048576K
}
Event: 20.878 GC heap before
{Heap before GC invocations=5 (full 0):
 PSYoungGen      total 33280K, used 33263K [0x00000000ec300000, 0x00000000ee600000, 0x0000000100000000)
  eden space 30720K, 100% used [0x00000000ec300000,0x00000000ee100000,0x00000000ee100000)
  from space 2560K, 99% used [0x00000000ee380000,0x00000000ee5fbcd8,0x00000000ee600000)
  to   space 2560K, 0% used [0x00000000ee100000,0x00000000ee100000,0x00000000ee380000)
 ParOldGen       total 40960K, used 12750K [0x00000000c4800000, 0x00000000c7000000, 0x00000000ec300000)
  object space 40960K, 31% used [0x00000000c4800000,0x00000000c5473b98,0x00000000c7000000)
 Metaspace       used 20761K, capacity 20981K, committed 21296K, reserved 1069056K
  class space    used 1990K, capacity 2052K, committed 2176K, reserved 1048576K
Event: 20.926 GC heap after
Heap after GC invocations=5 (full 0):
 PSYoungGen      total 33280K, used 2530K [0x00000000ec300000, 0x00000000f1400000, 0x0000000100000000)
  eden space 30720K, 0% used [0x00000000ec300000,0x00000000ec300000,0x00000000ee100000)
  from space 2560K, 98% used [0x00000000ee100000,0x00000000ee3788a0,0x00000000ee380000)
  to   space 10752K, 0% used [0x00000000f0980000,0x00000000f0980000,0x00000000f1400000)
 ParOldGen       total 40960K, used 17419K [0x00000000c4800000, 0x00000000c7000000, 0x00000000ec300000)
  object space 40960K, 42% used [0x00000000c4800000,0x00000000c5902dd8,0x00000000c7000000)
 Metaspace       used 20761K, capacity 20981K, committed 21296K, reserved 1069056K
  class space    used 1990K, capacity 2052K, committed 2176K, reserved 1048576K
}
Event: 22.115 GC heap before
{Heap before GC invocations=6 (full 0):
 PSYoungGen      total 33280K, used 7161K [0x00000000ec300000, 0x00000000f1400000, 0x0000000100000000)
  eden space 30720K, 15% used [0x00000000ec300000,0x00000000ec785e08,0x00000000ee100000)
  from space 2560K, 98% used [0x00000000ee100000,0x00000000ee3788a0,0x00000000ee380000)
  to   space 10752K, 0% used [0x00000000f0980000,0x00000000f0980000,0x00000000f1400000)
 ParOldGen       total 40960K, used 17419K [0x00000000c4800000, 0x00000000c7000000, 0x00000000ec300000)
  object space 40960K, 42% used [0x00000000c4800000,0x00000000c5902dd8,0x00000000c7000000)
 Metaspace       used 20861K, capacity 21045K, committed 21296K, reserved 1069056K
  class space    used 1990K, capacity 2052K, committed 2176K, reserved 1048576K
Event: 22.171 GC heap after
Heap after GC invocations=6 (full 0):
 PSYoungGen      total 72192K, used 2626K [0x00000000ec300000, 0x00000000f1400000, 0x0000000100000000)
  eden space 61440K, 0% used [0x00000000ec300000,0x00000000ec300000,0x00000000eff00000)
  from space 10752K, 24% used [0x00000000f0980000,0x00000000f0c10880,0x00000000f1400000)
  to   space 10752K, 0% used [0x00000000eff00000,0x00000000eff00000,0x00000000f0980000)
 ParOldGen       total 40960K, used 17427K [0x00000000c4800000, 0x00000000c7000000, 0x00000000ec300000)
  object space 40960K, 42% used [0x00000000c4800000,0x00000000c5904dd8,0x00000000c7000000)
 Metaspace       used 20861K, capacity 21045K, committed 21296K, reserved 1069056K
  class space    used 1990K, capacity 2052K, committed 2176K, reserved 1048576K
}
Event: 22.171 GC heap before
{Heap before GC invocations=7 (full 1):
 PSYoungGen      total 72192K, used 2626K [0x00000000ec300000, 0x00000000f1400000, 0x0000000100000000)
  eden space 61440K, 0% used [0x00000000ec300000,0x00000000ec300000,0x00000000eff00000)
  from space 10752K, 24% used [0x00000000f0980000,0x00000000f0c10880,0x00000000f1400000)
  to   space 10752K, 0% used [0x00000000eff00000,0x00000000eff00000,0x00000000f0980000)
 ParOldGen       total 40960K, used 17427K [0x00000000c4800000, 0x00000000c7000000, 0x00000000ec300000)
  object space 40960K, 42% used [0x00000000c4800000,0x00000000c5904dd8,0x00000000c7000000)
 Metaspace       used 20861K, capacity 21045K, committed 21296K, reserved 1069056K
  class space    used 1990K, capacity 2052K, committed 2176K, reserved 1048576K
Event: 22.255 GC heap after
Heap after GC invocations=7 (full 1):
 PSYoungGen      total 72192K, used 0K [0x00000000ec300000, 0x00000000f1400000, 0x0000000100000000)
  eden space 61440K, 0% used [0x00000000ec300000,0x00000000ec300000,0x00000000eff00000)
  from space 10752K, 0% used [0x00000000f0980000,0x00000000f0980000,0x00000000f1400000)
  to   space 10752K, 0% used [0x00000000eff00000,0x00000000eff00000,0x00000000f0980000)
 ParOldGen       total 41984K, used 15865K [0x00000000c4800000, 0x00000000c7100000, 0x00000000ec300000)
  object space 41984K, 37% used [0x00000000c4800000,0x00000000c577e690,0x00000000c7100000)
 Metaspace       used 20861K, capacity 21045K, committed 21296K, reserved 1069056K
  class space    used 1990K, capacity 2052K, committed 2176K, reserved 1048576K
}
Event: 49.425 GC heap before
{Heap before GC invocations=8 (full 1):
 PSYoungGen      total 72192K, used 61440K [0x00000000ec300000, 0x00000000f1400000, 0x0000000100000000)
  eden space 61440K, 100% used [0x00000000ec300000,0x00000000eff00000,0x00000000eff00000)
  from space 10752K, 0% used [0x00000000f0980000,0x00000000f0980000,0x00000000f1400000)
  to   space 10752K, 0% used [0x00000000eff00000,0x00000000eff00000,0x00000000f0980000)
 ParOldGen       total 41984K, used 15865K [0x00000000c4800000, 0x00000000c7100000, 0x00000000ec300000)
  object space 41984K, 37% used [0x00000000c4800000,0x00000000c577e690,0x00000000c7100000)
 Metaspace       used 21126K, capacity 21301K, committed 21552K, reserved 1069056K
  class space    used 1990K, capacity 2052K, committed 2176K, reserved 1048576K
Event: 49.430 GC heap after
Heap after GC invocations=8 (full 1):
 PSYoungGen      total 72192K, used 384K [0x00000000ec300000, 0x00000000f4500000, 0x0000000100000000)
  eden space 61440K, 0% used [0x00000000ec300000,0x00000000ec300000,0x00000000eff00000)
  from space 10752K, 3% used [0x00000000eff00000,0x00000000eff60010,0x00000000f0980000)
  to   space 11264K, 0% used [0x00000000f3a00000,0x00000000f3a00000,0x00000000f4500000)
 ParOldGen       total 41984K, used 15873K [0x00000000c4800000, 0x00000000c7100000, 0x00000000ec300000)
  object space 41984K, 37% used [0x00000000c4800000,0x00000000c5780690,0x00000000c7100000)
 Metaspace       used 21126K, capacity 21301K, committed 21552K, reserved 1069056K
  class space    used 1990K, capacity 2052K, committed 2176K, reserved 1048576K
}

