# JRE version: Java(TM) SE Runtime Environment (8.0_45-b14) (build 1.8.0_45-b14)
# Java VM: Java HotSpot(TM) 64-Bit Server VM (25.45-b02 mixed mode linux-amd64 compressed oops)
Heap:
 PSYoungGen      total 64000K, used 22495K [0x00000000ec300000, 0x00000000f5000000, 0x0000000100000000)
  eden space 61440K, 36% used [0x00000000ec300000,0x00000000ed8f7f38,0x00000000eff00000)
  from space 2560K, 0% used [0x00000000eff00000,0x00000000eff00000,0x00000000f0180000)
  to   space 10752K, 0% used [0x00000000f4580000,0x00000000f4580000,0x00000000f5000000)
 ParOldGen       total 46592K, used 16980K [0x00000000c4800000, 0x00000000c7580000, 0x00000000ec300000)
  object space 46592K, 36% used [0x00000000c4800000,0x00000000c58950b8,0x00000000c7580000)
 Metaspace       used 21172K, capacity 21403K, committed 21552K, reserved 1069056K
  class space    used 2000K, capacity 2085K, committed 2176K, reserved 1048576K
GC Heap History (10 events):
Event: 1.444 GC heap before
{Heap before GC invocations=2 (full 0):
 PSYoungGen      total 17920K, used 17897K [0x00000000ec300000, 0x00000000ee600000, 0x0000000100000000)
  eden space 15360K, 100% used [0x00000000ec300000,0x00000000ed200000,0x00000000ed200000)
  from space 2560K, 99% used [0x00000000ed200000,0x00000000ed47a4c8,0x00000000ed480000)
  to   space 2560K, 0% used [0x00000000ee380000,0x00000000ee380000,0x00000000ee600000)
 ParOldGen       total 40960K, used 544K [0x00000000c4800000, 0x00000000c7000000, 0x00000000ec300000)
  object space 40960K, 1% used [0x00000000c4800000,0x00000000c4888088,0x00000000c7000000)
 Metaspace       used 16391K, capacity 16581K, committed 16768K, reserved 1064960K
  class space    used 1595K, capacity 1660K, committed 1664K, reserved 1048576K
Event: 1.454 GC heap after
Heap after GC invocations=2 (full 0):
 PSYoungGen      total 33280K, used 2530K [0x00000000ec300000, 0x00000000ee600000, 0x0000000100000000)
  eden space 30720K, 0% used [0x00000000ec300000,0x00000000ec300000,0x00000000ee100000)
  from space 2560K, 98% used [0x00000000ee380000,0x00000000ee5f8850,0x00000000ee600000)
  to   space 2560K, 0% used [0x00000000ee100000,0x00000000ee100000,0x00000000ee380000)
 ParOldGen       total 40960K, used 2125K [0x00000000c4800000, 0x00000000c7000000, 0x00000000ec300000)
  object space 40960K, 5% used [0x00000000c4800000,0x00000000c4a13650,0x00000000c7000000)
 Metaspace       used 16391K, capacity 16581K, committed 16768K, reserved 1064960K
  class space    used 1595K, capacity 1660K, committed 1664K, reserved 1048576K
}
Event: 4.738 GC heap before
{Heap before GC invocations=3 (full 0):
 PSYoungGen      total 33280K, used 33250K [0x00000000ec300000, 0x00000000ee600000, 0x0000000100000000)
  eden space 30720K, 100% used [0x00000000ec300000,0x00000000ee100000,0x00000000ee100000)
  from space 2560K, 98% used [0x00000000ee380000,0x00000000ee5f8850,0x00000000ee600000)
  to   space 2560K, 0% used [0x00000000ee100000,0x00000000ee100000,0x00000000ee380000)
 ParOldGen       total 40960K, used 2125K [0x00000000c4800000, 0x00000000c7000000, 0x00000000ec300000)
  object space 40960K, 5% used [0x00000000c4800000,0x00000000c4a13650,0x00000000c7000000)
 Metaspace       used 20076K, capacity 20311K, committed 20480K, reserved 1067008K
  class space    used 1962K, capacity 2047K, committed 2048K, reserved 1048576K
Event: 4.755 GC heap after
Heap after GC invocations=3 (full 0):
 PSYoungGen      total 33280K, used 2537K [0x00000000ec300000, 0x00000000f0400000, 0x0000000100000000)
  eden space 30720K, 0% used [0x00000000ec300000,0x00000000ec300000,0x00000000ee100000)
  from space 2560K, 99% used [0x00000000ee100000,0x00000000ee37a6f0,0x00000000ee380000)
  to   space 2560K, 0% used [0x00000000f0180000,0x00000000f0180000,0x00000000f0400000)
 ParOldGen       total 40960K, used 12075K [0x00000000c4800000, 0x00000000c7000000, 0x00000000ec300000)
  object space 40960K, 29% used [0x00000000c4800000,0x00000000c53cac60,0x00000000c7000000)
 Metaspace       used 20076K, capacity 20311K, committed 20480K, reserved 1067008K
  class space    used 1962K, capacity 2047K, committed 2048K, reserved 1048576K
}
Event: 6.735 GC heap before
{Heap before GC invocations=4 (full 0):
 PSYoungGen      total 33280K, used 33257K [0x00000000ec300000, 0x00000000f0400000, 0x0000000100000000)
  eden space 30720K, 100% used [0x00000000ec300000,0x00000000ee100000,0x00000000ee100000)
  from space 2560K, 99% used [0x00000000ee100000,0x00000000ee37a6f0,0x00000000ee380000)
  to   space 2560K, 0% used [0x00000000f0180000,0x00000000f0180000,0x00000000f0400000)
 ParOldGen       total 40960K, used 12075K [0x00000000c4800000, 0x00000000c7000000, 0x00000000ec300000)
  object space 40960K, 29% used [0x00000000c4800000,0x00000000c53cac60,0x00000000c7000000)
 Metaspace       used 20859K, capacity 21077K, committed 21296K, reserved 1069056K
  class space    used 1996K, capacity 2084K, committed 2176K, reserved 1048576K
Event: 6.759 GC heap after
Heap after GC invocations=4 (full 0):
 PSYoungGen      total 64000K, used 2555K [0x00000000ec300000, 0x00000000f0400000, 0x0000000100000000)
  eden space 61440K, 0% used [0x00000000ec300000,0x00000000ec300000,0x00000000eff00000)
  from space 2560K, 99% used [0x00000000f0180000,0x00000000f03fefa0,0x00000000f0400000)
  to   space 2560K, 0% used [0x00000000eff00000,0x00000000eff00000,0x00000000f0180000)
 ParOldGen       total 40960K, used 15493K [0x00000000c4800000, 0x00000000c7000000, 0x00000000ec300000)
  object space 40960K, 37% used [0x00000000c4800000,0x00000000c5721428,0x00000000c7000000)
 Metaspace       used 20859K, capacity 21077K, committed 21296K, reserved 1069056K
  class space    used 1996K, capacity 2084K, committed 2176K, reserved 1048576K
}
Event: 7.635 GC heap before
{Heap before GC invocations=5 (full 0):
 PSYoungGen      total 64000K, used 19653K [0x00000000ec300000, 0x00000000f0400000, 0x0000000100000000)
  eden space 61440K, 27% used [0x00000000ec300000,0x00000000ed3b25a8,0x00000000eff00000)
  from space 2560K, 99% used [0x00000000f0180000,0x00000000f03fefa0,0x00000000f0400000)
  to   space 2560K, 0% used [0x00000000eff00000,0x00000000eff00000,0x00000000f0180000)
 ParOldGen       total 40960K, used 15493K [0x00000000c4800000, 0x00000000c7000000, 0x00000000ec300000)
  object space 40960K, 37% used [0x00000000c4800000,0x00000000c5721428,0x00000000c7000000)
 Metaspace       used 20939K, capacity 21141K, committed 21296K, reserved 1069056K
  class space    used 1996K, capacity 2084K, committed 2176K, reserved 1048576K
Event: 7.656 GC heap after
Heap after GC invocations=5 (full 0):
 PSYoungGen      total 64000K, used 2539K [0x00000000ec300000, 0x00000000f5000000, 0x0000000100000000)
  eden space 61440K, 0% used [0x00000000ec300000,0x00000000ec300000,0x00000000eff00000)
  from space 2560K, 99% used [0x00000000eff00000,0x00000000f017afa0,0x00000000f0180000)
  to   space 10752K, 0% used [0x00000000f4580000,0x00000000f4580000,0x00000000f5000000)
 ParOldGen       total 40960K, used 18423K [0x00000000c4800000, 0x00000000c7000000, 0x00000000ec300000)
  object space 40960K, 44% used [0x00000000c4800000,0x00000000c59fddb8,0x00000000c7000000)
 Metaspace       used 20939K, capacity 21141K, committed 21296K, reserved 1069056K
  class space    used 1996K, capacity 2084K, committed 2176K, reserved 1048576K
}
Event: 7.656 GC heap before
{Heap before GC invocations=6 (full 1):
 PSYoungGen      total 64000K, used 2539K [0x00000000ec300000, 0x00000000f5000000, 0x0000000100000000)
  eden space 61440K, 0% used [0x00000000ec300000,0x00000000ec300000,0x00000000eff00000)
  from space 2560K, 99% used [0x00000000eff00000,0x00000000f017afa0,0x00000000f0180000)
  to   space 10752K, 0% used [0x00000000f4580000,0x00000000f4580000,0x00000000f5000000)
 ParOldGen       total 40960K, used 18423K [0x00000000c4800000, 0x00000000c7000000, 0x00000000ec300000)
  object space 40960K, 44% used [0x00000000c4800000,0x00000000c59fddb8,0x00000000c7000000)
 Metaspace       used 20939K, capacity 21141K, committed 21296K, reserved 1069056K
  class space    used 1996K, capacity 2084K, committed 2176K, reserved 1048576K
Event: 7.718 GC heap after
Heap after GC invocations=6 (full 1):
 PSYoungGen      total 64000K, used 0K [0x00000000ec300000, 0x00000000f5000000, 0x0000000100000000)
  eden space 61440K, 0% used [0x00000000ec300000,0x00000000ec300000,0x00000000eff00000)
  from space 2560K, 0% used [0x00000000eff00000,0x00000000eff00000,0x00000000f0180000)
  to   space 10752K, 0% used [0x00000000f4580000,0x00000000f4580000,0x00000000f5000000)
 ParOldGen       total 46592K, used 16980K [0x00000000c4800000, 0x00000000c7580000, 0x00000000ec300000)
  object space 46592K, 36% used [0x00000000c4800000,0x00000000c58950b8,0x00000000c7580000)
 Metaspace       used 20939K, capacity 21141K, committed 21296K, reserved 1069056K
  class space    used 1996K, capacity 2084K, committed 2176K, reserved 1048576K
}

