# JRE version: Java(TM) SE Runtime Environment (8.0_45-b14) (build 1.8.0_45-b14)
# Java VM: Java HotSpot(TM) 64-Bit Server VM (25.45-b02 mixed mode linux-amd64 compressed oops)
Heap:
 PSYoungGen      total 71680K, used 31361K [0x00000000ec300000, 0x00000000f4280000, 0x0000000100000000)
  eden space 61440K, 41% used [0x00000000ec300000,0x00000000edc18438,0x00000000eff00000)
  from space 10240K, 55% used [0x00000000eff00000,0x00000000f0488160,0x00000000f0900000)
  to   space 9728K, 0% used [0x00000000f3900000,0x00000000f3900000,0x00000000f4280000)
 ParOldGen       total 39936K, used 14509K [0x00000000c4800000, 0x00000000c6f00000, 0x00000000ec300000)
  object space 39936K, 36% used [0x00000000c4800000,0x00000000c562b660,0x00000000c6f00000)
 Metaspace       used 21297K, capacity 21531K, committed 21808K, reserved 1069056K
  class space    used 1996K, capacity 2085K, committed 2176K, reserved 1048576K
GC Heap History (10 events):
Event: 3.964 GC heap before
{Heap before GC invocations=4 (full 0):
 PSYoungGen      total 17920K, used 17907K [0x00000000ec300000, 0x00000000ee600000, 0x0000000100000000)
  eden space 15360K, 100% used [0x00000000ec300000,0x00000000ed200000,0x00000000ed200000)
  from space 2560K, 99% used [0x00000000ed200000,0x00000000ed47cfc0,0x00000000ed480000)
  to   space 2560K, 0% used [0x00000000ee380000,0x00000000ee380000,0x00000000ee600000)
 ParOldGen       total 40960K, used 6240K [0x00000000c4800000, 0x00000000c7000000, 0x00000000ec300000)
  object space 40960K, 15% used [0x00000000c4800000,0x00000000c4e18038,0x00000000c7000000)
 Metaspace       used 20161K, capacity 20375K, committed 20480K, reserved 1067008K
  class space    used 1964K, capacity 2047K, committed 2048K, reserved 1048576K
Event: 3.977 GC heap after
Heap after GC invocations=4 (full 0):
 PSYoungGen      total 33280K, used 2547K [0x00000000ec300000, 0x00000000ee600000, 0x0000000100000000)
  eden space 30720K, 0% used [0x00000000ec300000,0x00000000ec300000,0x00000000ee100000)
  from space 2560K, 99% used [0x00000000ee380000,0x00000000ee5fcfa0,0x00000000ee600000)
  to   space 2560K, 0% used [0x00000000ee100000,0x00000000ee100000,0x00000000ee380000)
 ParOldGen       total 40960K, used 13449K [0x00000000c4800000, 0x00000000c7000000, 0x00000000ec300000)
  object space 40960K, 32% used [0x00000000c4800000,0x00000000c5522728,0x00000000c7000000)
 Metaspace       used 20161K, capacity 20375K, committed 20480K, reserved 1067008K
  class space    used 1964K, capacity 2047K, committed 2048K, reserved 1048576K
}
Event: 6.093 GC heap before
{Heap before GC invocations=5 (full 0):
 PSYoungGen      total 33280K, used 33267K [0x00000000ec300000, 0x00000000ee600000, 0x0000000100000000)
  eden space 30720K, 100% used [0x00000000ec300000,0x00000000ee100000,0x00000000ee100000)
  from space 2560K, 99% used [0x00000000ee380000,0x00000000ee5fcfa0,0x00000000ee600000)
  to   space 2560K, 0% used [0x00000000ee100000,0x00000000ee100000,0x00000000ee380000)
 ParOldGen       total 40960K, used 13449K [0x00000000c4800000, 0x00000000c7000000, 0x00000000ec300000)
  object space 40960K, 32% used [0x00000000c4800000,0x00000000c5522728,0x00000000c7000000)
 Metaspace       used 20932K, capacity 21115K, committed 21296K, reserved 1069056K
  class space    used 1992K, capacity 2053K, committed 2176K, reserved 1048576K
Event: 6.111 GC heap after
Heap after GC invocations=5 (full 0):
 PSYoungGen      total 33280K, used 2545K [0x00000000ec300000, 0x00000000f1300000, 0x0000000100000000)
  eden space 30720K, 0% used [0x00000000ec300000,0x00000000ec300000,0x00000000ee100000)
  from space 2560K, 99% used [0x00000000ee100000,0x00000000ee37c790,0x00000000ee380000)
  to   space 10240K, 0% used [0x00000000f0900000,0x00000000f0900000,0x00000000f1300000)
 ParOldGen       total 40960K, used 15677K [0x00000000c4800000, 0x00000000c7000000, 0x00000000ec300000)
  object space 40960K, 38% used [0x00000000c4800000,0x00000000c574f5e8,0x00000000c7000000)
 Metaspace       used 20932K, capacity 21115K, committed 21296K, reserved 1069056K
  class space    used 1992K, capacity 2053K, committed 2176K, reserved 1048576K
}
Event: 6.219 GC heap before
{Heap before GC invocations=6 (full 0):
 PSYoungGen      total 33280K, used 5926K [0x00000000ec300000, 0x00000000f1300000, 0x0000000100000000)
  eden space 30720K, 11% used [0x00000000ec300000,0x00000000ec64d120,0x00000000ee100000)
  from space 2560K, 99% used [0x00000000ee100000,0x00000000ee37c790,0x00000000ee380000)
  to   space 10240K, 0% used [0x00000000f0900000,0x00000000f0900000,0x00000000f1300000)
 ParOldGen       total 40960K, used 15677K [0x00000000c4800000, 0x00000000c7000000, 0x00000000ec300000)
  object space 40960K, 38% used [0x00000000c4800000,0x00000000c574f5e8,0x00000000c7000000)
 Metaspace       used 20945K, capacity 21115K, committed 21296K, reserved 1069056K
  class space    used 1992K, capacity 2053K, committed 2176K, reserved 1048576K
Event: 6.238 GC heap after
Heap after GC invocations=6 (full 0):
 PSYoungGen      total 71680K, used 3168K [0x00000000ec300000, 0x00000000f1300000, 0x0000000100000000)
  eden space 61440K, 0% used [0x00000000ec300000,0x00000000ec300000,0x00000000eff00000)
  from space 10240K, 30% used [0x00000000f0900000,0x00000000f0c18080,0x00000000f1300000)
  to   space 10240K, 0% used [0x00000000eff00000,0x00000000eff00000,0x00000000f0900000)
 ParOldGen       total 40960K, used 15677K [0x00000000c4800000, 0x00000000c7000000, 0x00000000ec300000)
  object space 40960K, 38% used [0x00000000c4800000,0x00000000c574f5e8,0x00000000c7000000)
 Metaspace       used 20945K, capacity 21115K, committed 21296K, reserved 1069056K
  class space    used 1992K, capacity 2053K, committed 2176K, reserved 1048576K
}
Event: 6.238 GC heap before
{Heap before GC invocations=7 (full 1):
 PSYoungGen      total 71680K, used 3168K [0x00000000ec300000, 0x00000000f1300000, 0x0000000100000000)
  eden space 61440K, 0% used [0x00000000ec300000,0x00000000ec300000,0x00000000eff00000)
  from space 10240K, 30% used [0x00000000f0900000,0x00000000f0c18080,0x00000000f1300000)
  to   space 10240K, 0% used [0x00000000eff00000,0x00000000eff00000,0x00000000f0900000)
 ParOldGen       total 40960K, used 15677K [0x00000000c4800000, 0x00000000c7000000, 0x00000000ec300000)
  object space 40960K, 38% used [0x00000000c4800000,0x00000000c574f5e8,0x00000000c7000000)
 Metaspace       used 20945K, capacity 21115K, committed 21296K, reserved 1069056K
  class space    used 1992K, capacity 2053K, committed 2176K, reserved 1048576K
Event: 6.287 GC heap after
Heap after GC invocations=7 (full 1):
 PSYoungGen      total 71680K, used 0K [0x00000000ec300000, 0x00000000f1300000, 0x0000000100000000)
  eden space 61440K, 0% used [0x00000000ec300000,0x00000000ec300000,0x00000000eff00000)
  from space 10240K, 0% used [0x00000000f0900000,0x00000000f0900000,0x00000000f1300000)
  to   space 10240K, 0% used [0x00000000eff00000,0x00000000eff00000,0x00000000f0900000)
 ParOldGen       total 39936K, used 14501K [0x00000000c4800000, 0x00000000c6f00000, 0x00000000ec300000)
  object space 39936K, 36% used [0x00000000c4800000,0x00000000c5629660,0x00000000c6f00000)
 Metaspace       used 20945K, capacity 21115K, committed 21296K, reserved 1069056K
  class space    used 1992K, capacity 2053K, committed 2176K, reserved 1048576K
}
Event: 10.760 GC heap before
{Heap before GC invocations=8 (full 1):
 PSYoungGen      total 71680K, used 61327K [0x00000000ec300000, 0x00000000f1300000, 0x0000000100000000)
  eden space 61440K, 99% used [0x00000000ec300000,0x00000000efee3f40,0x00000000eff00000)
  from space 10240K, 0% used [0x00000000f0900000,0x00000000f0900000,0x00000000f1300000)
  to   space 10240K, 0% used [0x00000000eff00000,0x00000000eff00000,0x00000000f0900000)
 ParOldGen       total 39936K, used 14501K [0x00000000c4800000, 0x00000000c6f00000, 0x00000000ec300000)
  object space 39936K, 36% used [0x00000000c4800000,0x00000000c5629660,0x00000000c6f00000)
 Metaspace       used 21224K, capacity 21435K, committed 21808K, reserved 1069056K
  class space    used 1993K, capacity 2053K, committed 2176K, reserved 1048576K
Event: 10.767 GC heap after
Heap after GC invocations=8 (full 1):
 PSYoungGen      total 71680K, used 5664K [0x00000000ec300000, 0x00000000f4280000, 0x0000000100000000)
  eden space 61440K, 0% used [0x00000000ec300000,0x00000000ec300000,0x00000000eff00000)
  from space 10240K, 55% used [0x00000000eff00000,0x00000000f0488160,0x00000000f0900000)
  to   space 9728K, 0% used [0x00000000f3900000,0x00000000f3900000,0x00000000f4280000)
 ParOldGen       total 39936K, used 14509K [0x00000000c4800000, 0x00000000c6f00000, 0x00000000ec300000)
  object space 39936K, 36% used [0x00000000c4800000,0x00000000c562b660,0x00000000c6f00000)
 Metaspace       used 21224K, capacity 21435K, committed 21808K, reserved 1069056K
  class space    used 1993K, capacity 2053K, committed 2176K, reserved 1048576K
}

