# JRE version: Java(TM) SE Runtime Environment (8.0_45-b14) (build 1.8.0_45-b14)
# Java VM: Java HotSpot(TM) 64-Bit Server VM (25.45-b02 mixed mode linux-amd64 compressed oops)
Heap:
 PSYoungGen      total 20992K, used 12910K [0x00000000ec300000, 0x00000000eeb80000, 0x0000000100000000)
  eden space 20480K, 62% used [0x00000000ec300000,0x00000000ecf7bac8,0x00000000ed700000)
  from space 512K, 25% used [0x00000000eeb00000,0x00000000eeb20000,0x00000000eeb80000)
  to   space 512K, 0% used [0x00000000eea80000,0x00000000eea80000,0x00000000eeb00000)
 ParOldGen       total 43008K, used 16851K [0x00000000c4800000, 0x00000000c7200000, 0x00000000ec300000)
  object space 43008K, 39% used [0x00000000c4800000,0x00000000c5874c30,0x00000000c7200000)
 Metaspace       used 21372K, capacity 21659K, committed 21808K, reserved 1069056K
  class space    used 1997K, capacity 2085K, committed 2176K, reserved 1048576K
GC Heap History (10 events):
Event: 2621.783 GC heap before
{Heap before GC invocations=425 (full 1):
 PSYoungGen      total 20992K, used 20544K [0x00000000ec300000, 0x00000000eeb80000, 0x0000000100000000)
  eden space 20480K, 100% used [0x00000000ec300000,0x00000000ed700000,0x00000000ed700000)
  from space 512K, 12% used [0x00000000eea80000,0x00000000eea90000,0x00000000eeb00000)
  to   space 512K, 0% used [0x00000000eeb00000,0x00000000eeb00000,0x00000000eeb80000)
 ParOldGen       total 43008K, used 16851K [0x00000000c4800000, 0x00000000c7200000, 0x00000000ec300000)
  object space 43008K, 39% used [0x00000000c4800000,0x00000000c5874c30,0x00000000c7200000)
 Metaspace       used 21369K, capacity 21659K, committed 21808K, reserved 1069056K
  class space    used 1996K, capacity 2085K, committed 2176K, reserved 1048576K
Event: 2621.800 GC heap after
Heap after GC invocations=425 (full 1):
 PSYoungGen      total 20992K, used 64K [0x00000000ec300000, 0x00000000eeb80000, 0x0000000100000000)
  eden space 20480K, 0% used [0x00000000ec300000,0x00000000ec300000,0x00000000ed700000)
  from space 512K, 12% used [0x00000000eeb00000,0x00000000eeb10000,0x00000000eeb80000)
  to   space 512K, 0% used [0x00000000eea80000,0x00000000eea80000,0x00000000eeb00000)
 ParOldGen       total 43008K, used 16851K [0x00000000c4800000, 0x00000000c7200000, 0x00000000ec300000)
  object space 43008K, 39% used [0x00000000c4800000,0x00000000c5874c30,0x00000000c7200000)
 Metaspace       used 21369K, capacity 21659K, committed 21808K, reserved 1069056K
  class space    used 1996K, capacity 2085K, committed 2176K, reserved 1048576K
}
Event: 2627.217 GC heap before
{Heap before GC invocations=426 (full 1):
 PSYoungGen      total 20992K, used 20544K [0x00000000ec300000, 0x00000000eeb80000, 0x0000000100000000)
  eden space 20480K, 100% used [0x00000000ec300000,0x00000000ed700000,0x00000000ed700000)
  from space 512K, 12% used [0x00000000eeb00000,0x00000000eeb10000,0x00000000eeb80000)
  to   space 512K, 0% used [0x00000000eea80000,0x00000000eea80000,0x00000000eeb00000)
 ParOldGen       total 43008K, used 16851K [0x00000000c4800000, 0x00000000c7200000, 0x00000000ec300000)
  object space 43008K, 39% used [0x00000000c4800000,0x00000000c5874c30,0x00000000c7200000)
 Metaspace       used 21369K, capacity 21659K, committed 21808K, reserved 1069056K
  class space    used 1996K, capacity 2085K, committed 2176K, reserved 1048576K
Event: 2627.220 GC heap after
Heap after GC invocations=426 (full 1):
 PSYoungGen      total 20992K, used 96K [0x00000000ec300000, 0x00000000eeb80000, 0x0000000100000000)
  eden space 20480K, 0% used [0x00000000ec300000,0x00000000ec300000,0x00000000ed700000)
  from space 512K, 18% used [0x00000000eea80000,0x00000000eea98000,0x00000000eeb00000)
  to   space 512K, 0% used [0x00000000eeb00000,0x00000000eeb00000,0x00000000eeb80000)
 ParOldGen       total 43008K, used 16851K [0x00000000c4800000, 0x00000000c7200000, 0x00000000ec300000)
  object space 43008K, 39% used [0x00000000c4800000,0x00000000c5874c30,0x00000000c7200000)
 Metaspace       used 21369K, capacity 21659K, committed 21808K, reserved 1069056K
  class space    used 1996K, capacity 2085K, committed 2176K, reserved 1048576K
}
Event: 2640.311 GC heap before
{Heap before GC invocations=427 (full 1):
 PSYoungGen      total 20992K, used 20576K [0x00000000ec300000, 0x00000000eeb80000, 0x0000000100000000)
  eden space 20480K, 100% used [0x00000000ec300000,0x00000000ed700000,0x00000000ed700000)
  from space 512K, 18% used [0x00000000eea80000,0x00000000eea98000,0x00000000eeb00000)
  to   space 512K, 0% used [0x00000000eeb00000,0x00000000eeb00000,0x00000000eeb80000)
 ParOldGen       total 43008K, used 16851K [0x00000000c4800000, 0x00000000c7200000, 0x00000000ec300000)
  object space 43008K, 39% used [0x00000000c4800000,0x00000000c5874c30,0x00000000c7200000)
 Metaspace       used 21369K, capacity 21659K, committed 21808K, reserved 1069056K
  class space    used 1996K, capacity 2085K, committed 2176K, reserved 1048576K
Event: 2640.314 GC heap after
Heap after GC invocations=427 (full 1):
 PSYoungGen      total 20992K, used 96K [0x00000000ec300000, 0x00000000eeb80000, 0x0000000100000000)
  eden space 20480K, 0% used [0x00000000ec300000,0x00000000ec300000,0x00000000ed700000)
  from space 512K, 18% used [0x00000000eeb00000,0x00000000eeb18000,0x00000000eeb80000)
  to   space 512K, 0% used [0x00000000eea80000,0x00000000eea80000,0x00000000eeb00000)
 ParOldGen       total 43008K, used 16851K [0x00000000c4800000, 0x00000000c7200000, 0x00000000ec300000)
  object space 43008K, 39% used [0x00000000c4800000,0x00000000c5874c30,0x00000000c7200000)
 Metaspace       used 21369K, capacity 21659K, committed 21808K, reserved 1069056K
  class space    used 1996K, capacity 2085K, committed 2176K, reserved 1048576K
}
Event: 2646.034 GC heap before
{Heap before GC invocations=428 (full 1):
 PSYoungGen      total 20992K, used 20576K [0x00000000ec300000, 0x00000000eeb80000, 0x0000000100000000)
  eden space 20480K, 100% used [0x00000000ec300000,0x00000000ed700000,0x00000000ed700000)
  from space 512K, 18% used [0x00000000eeb00000,0x00000000eeb18000,0x00000000eeb80000)
  to   space 512K, 0% used [0x00000000eea80000,0x00000000eea80000,0x00000000eeb00000)
 ParOldGen       total 43008K, used 16851K [0x00000000c4800000, 0x00000000c7200000, 0x00000000ec300000)
  object space 43008K, 39% used [0x00000000c4800000,0x00000000c5874c30,0x00000000c7200000)
 Metaspace       used 21369K, capacity 21659K, committed 21808K, reserved 1069056K
  class space    used 1996K, capacity 2085K, committed 2176K, reserved 1048576K
Event: 2646.038 GC heap after
Heap after GC invocations=428 (full 1):
 PSYoungGen      total 20992K, used 64K [0x00000000ec300000, 0x00000000eeb80000, 0x0000000100000000)
  eden space 20480K, 0% used [0x00000000ec300000,0x00000000ec300000,0x00000000ed700000)
  from space 512K, 12% used [0x00000000eea80000,0x00000000eea90000,0x00000000eeb00000)
  to   space 512K, 0% used [0x00000000eeb00000,0x00000000eeb00000,0x00000000eeb80000)
 ParOldGen       total 43008K, used 16851K [0x00000000c4800000, 0x00000000c7200000, 0x00000000ec300000)
  object space 43008K, 39% used [0x00000000c4800000,0x00000000c5874c30,0x00000000c7200000)
 Metaspace       used 21369K, capacity 21659K, committed 21808K, reserved 1069056K
  class space    used 1996K, capacity 2085K, committed 2176K, reserved 1048576K
}
Event: 2651.359 GC heap before
{Heap before GC invocations=429 (full 1):
 PSYoungGen      total 20992K, used 20544K [0x00000000ec300000, 0x00000000eeb80000, 0x0000000100000000)
  eden space 20480K, 100% used [0x00000000ec300000,0x00000000ed700000,0x00000000ed700000)
  from space 512K, 12% used [0x00000000eea80000,0x00000000eea90000,0x00000000eeb00000)
  to   space 512K, 0% used [0x00000000eeb00000,0x00000000eeb00000,0x00000000eeb80000)
 ParOldGen       total 43008K, used 16851K [0x00000000c4800000, 0x00000000c7200000, 0x00000000ec300000)
  object space 43008K, 39% used [0x00000000c4800000,0x00000000c5874c30,0x00000000c7200000)
 Metaspace       used 21369K, capacity 21659K, committed 21808K, reserved 1069056K
  class space    used 1996K, capacity 2085K, committed 2176K, reserved 1048576K
Event: 2651.362 GC heap after
Heap after GC invocations=429 (full 1):
 PSYoungGen      total 20992K, used 128K [0x00000000ec300000, 0x00000000eeb80000, 0x0000000100000000)
  eden space 20480K, 0% used [0x00000000ec300000,0x00000000ec300000,0x00000000ed700000)
  from space 512K, 25% used [0x00000000eeb00000,0x00000000eeb20000,0x00000000eeb80000)
  to   space 512K, 0% used [0x00000000eea80000,0x00000000eea80000,0x00000000eeb00000)
 ParOldGen       total 43008K, used 16851K [0x00000000c4800000, 0x00000000c7200000, 0x00000000ec300000)
  object space 43008K, 39% used [0x00000000c4800000,0x00000000c5874c30,0x00000000c7200000)
 Metaspace       used 21369K, capacity 21659K, committed 21808K, reserved 1069056K
  class space    used 1996K, capacity 2085K, committed 2176K, reserved 1048576K
}

