# JRE version: Java(TM) SE Runtime Environment (8.0_45-b14) (build 1.8.0_45-b14)
# Java VM: Java HotSpot(TM) 64-Bit Server VM (25.45-b02 mixed mode linux-amd64 compressed oops)
Heap:
 PSYoungGen      total 46080K, used 43328K [0x00000000ec300000, 0x00000000efd80000, 0x0000000100000000)
  eden space 34304K, 100% used [0x00000000ec300000,0x00000000ee480000,0x00000000ee480000)
  from space 11776K, 76% used [0x00000000ef100000,0x00000000ef9d0240,0x00000000efc80000)
  to   space 12800K, 0% used [0x00000000ee480000,0x00000000ee480000,0x00000000ef100000)
 ParOldGen       total 46080K, used 16381K [0x00000000c4800000, 0x00000000c7500000, 0x00000000ec300000)
  object space 46080K, 35% used [0x00000000c4800000,0x00000000c57ff528,0x00000000c7500000)
 Metaspace       used 21575K, capacity 21819K, committed 22064K, reserved 1069056K
  class space    used 1993K, capacity 2053K, committed 2176K, reserved 1048576K
GC Heap History (10 events):
Event: 16.008 GC heap before
{Heap before GC invocations=9 (full 1):
 PSYoungGen      total 40960K, used 40800K [0x00000000ec300000, 0x00000000f0080000, 0x0000000100000000)
  eden space 39424K, 100% used [0x00000000ec300000,0x00000000ee980000,0x00000000ee980000)
  from space 1536K, 89% used [0x00000000eea80000,0x00000000eebd8070,0x00000000eec00000)
  to   space 11776K, 0% used [0x00000000ef500000,0x00000000ef500000,0x00000000f0080000)
 ParOldGen       total 46080K, used 16357K [0x00000000c4800000, 0x00000000c7500000, 0x00000000ec300000)
  object space 46080K, 35% used [0x00000000c4800000,0x00000000c57f9528,0x00000000c7500000)
 Metaspace       used 21378K, capacity 21627K, committed 21808K, reserved 1069056K
  class space    used 1991K, capacity 2053K, committed 2176K, reserved 1048576K
Event: 16.010 GC heap after
Heap after GC invocations=9 (full 1):
 PSYoungGen      total 48128K, used 2944K [0x00000000ec300000, 0x00000000efe80000, 0x0000000100000000)
  eden space 38400K, 0% used [0x00000000ec300000,0x00000000ec300000,0x00000000ee880000)
  from space 9728K, 30% used [0x00000000ef500000,0x00000000ef7e00c0,0x00000000efe80000)
  to   space 11264K, 0% used [0x00000000ee880000,0x00000000ee880000,0x00000000ef380000)
 ParOldGen       total 46080K, used 16365K [0x00000000c4800000, 0x00000000c7500000, 0x00000000ec300000)
  object space 46080K, 35% used [0x00000000c4800000,0x00000000c57fb528,0x00000000c7500000)
 Metaspace       used 21378K, capacity 21627K, committed 21808K, reserved 1069056K
  class space    used 1991K, capacity 2053K, committed 2176K, reserved 1048576K
}
Event: 18.475 GC heap before
{Heap before GC invocations=10 (full 1):
 PSYoungGen      total 48128K, used 41344K [0x00000000ec300000, 0x00000000efe80000, 0x0000000100000000)
  eden space 38400K, 100% used [0x00000000ec300000,0x00000000ee880000,0x00000000ee880000)
  from space 9728K, 30% used [0x00000000ef500000,0x00000000ef7e00c0,0x00000000efe80000)
  to   space 11264K, 0% used [0x00000000ee880000,0x00000000ee880000,0x00000000ef380000)
 ParOldGen       total 46080K, used 16365K [0x00000000c4800000, 0x00000000c7500000, 0x00000000ec300000)
  object space 46080K, 35% used [0x00000000c4800000,0x00000000c57fb528,0x00000000c7500000)
 Metaspace       used 21484K, capacity 21691K, committed 22064K, reserved 1069056K
  class space    used 1991K, capacity 2053K, committed 2176K, reserved 1048576K
Event: 18.478 GC heap after
Heap after GC invocations=10 (full 1):
 PSYoungGen      total 43008K, used 5216K [0x00000000ec300000, 0x00000000efc80000, 0x0000000100000000)
  eden space 37376K, 0% used [0x00000000ec300000,0x00000000ec300000,0x00000000ee780000)
  from space 5632K, 92% used [0x00000000ee880000,0x00000000eed98150,0x00000000eee00000)
  to   space 10752K, 0% used [0x00000000ef200000,0x00000000ef200000,0x00000000efc80000)
 ParOldGen       total 46080K, used 16373K [0x00000000c4800000, 0x00000000c7500000, 0x00000000ec300000)
  object space 46080K, 35% used [0x00000000c4800000,0x00000000c57fd528,0x00000000c7500000)
 Metaspace       used 21484K, capacity 21691K, committed 22064K, reserved 1069056K
  class space    used 1991K, capacity 2053K, committed 2176K, reserved 1048576K
}
Event: 21.310 GC heap before
{Heap before GC invocations=11 (full 1):
 PSYoungGen      total 43008K, used 42592K [0x00000000ec300000, 0x00000000efc80000, 0x0000000100000000)
  eden space 37376K, 100% used [0x00000000ec300000,0x00000000ee780000,0x00000000ee780000)
  from space 5632K, 92% used [0x00000000ee880000,0x00000000eed98150,0x00000000eee00000)
  to   space 10752K, 0% used [0x00000000ef200000,0x00000000ef200000,0x00000000efc80000)
 ParOldGen       total 46080K, used 16373K [0x00000000c4800000, 0x00000000c7500000, 0x00000000ec300000)
  object space 46080K, 35% used [0x00000000c4800000,0x00000000c57fd528,0x00000000c7500000)
 Metaspace       used 21531K, capacity 21755K, committed 22064K, reserved 1069056K
  class space    used 1991K, capacity 2053K, committed 2176K, reserved 1048576K
Event: 21.314 GC heap after
Heap after GC invocations=11 (full 1):
 PSYoungGen      total 47104K, used 6192K [0x00000000ec300000, 0x00000000efc80000, 0x0000000100000000)
  eden space 36352K, 0% used [0x00000000ec300000,0x00000000ec300000,0x00000000ee680000)
  from space 10752K, 57% used [0x00000000ef200000,0x00000000ef80c180,0x00000000efc80000)
  to   space 11264K, 0% used [0x00000000ee680000,0x00000000ee680000,0x00000000ef180000)
 ParOldGen       total 46080K, used 16373K [0x00000000c4800000, 0x00000000c7500000, 0x00000000ec300000)
  object space 46080K, 35% used [0x00000000c4800000,0x00000000c57fd528,0x00000000c7500000)
 Metaspace       used 21531K, capacity 21755K, committed 22064K, reserved 1069056K
  class space    used 1991K, capacity 2053K, committed 2176K, reserved 1048576K
}
Event: 24.025 GC heap before
{Heap before GC invocations=12 (full 1):
 PSYoungGen      total 47104K, used 42544K [0x00000000ec300000, 0x00000000efc80000, 0x0000000100000000)
  eden space 36352K, 100% used [0x00000000ec300000,0x00000000ee680000,0x00000000ee680000)
  from space 10752K, 57% used [0x00000000ef200000,0x00000000ef80c180,0x00000000efc80000)
  to   space 11264K, 0% used [0x00000000ee680000,0x00000000ee680000,0x00000000ef180000)
 ParOldGen       total 46080K, used 16373K [0x00000000c4800000, 0x00000000c7500000, 0x00000000ec300000)
  object space 46080K, 35% used [0x00000000c4800000,0x00000000c57fd528,0x00000000c7500000)
 Metaspace       used 21539K, capacity 21755K, committed 22064K, reserved 1069056K
  class space    used 1991K, capacity 2053K, committed 2176K, reserved 1048576K
Event: 24.029 GC heap after
Heap after GC invocations=12 (full 1):
 PSYoungGen      total 44032K, used 8576K [0x00000000ec300000, 0x00000000efc80000, 0x0000000100000000)
  eden space 35328K, 0% used [0x00000000ec300000,0x00000000ec300000,0x00000000ee580000)
  from space 8704K, 98% used [0x00000000ee680000,0x00000000eeee0240,0x00000000eef00000)
  to   space 11776K, 0% used [0x00000000ef100000,0x00000000ef100000,0x00000000efc80000)
 ParOldGen       total 46080K, used 16381K [0x00000000c4800000, 0x00000000c7500000, 0x00000000ec300000)
  object space 46080K, 35% used [0x00000000c4800000,0x00000000c57ff528,0x00000000c7500000)
 Metaspace       used 21539K, capacity 21755K, committed 22064K, reserved 1069056K
  class space    used 1991K, capacity 2053K, committed 2176K, reserved 1048576K
}
Event: 28.275 GC heap before
{Heap before GC invocations=13 (full 1):
 PSYoungGen      total 44032K, used 43904K [0x00000000ec300000, 0x00000000efc80000, 0x0000000100000000)
  eden space 35328K, 100% used [0x00000000ec300000,0x00000000ee580000,0x00000000ee580000)
  from space 8704K, 98% used [0x00000000ee680000,0x00000000eeee0240,0x00000000eef00000)
  to   space 11776K, 0% used [0x00000000ef100000,0x00000000ef100000,0x00000000efc80000)
 ParOldGen       total 46080K, used 16381K [0x00000000c4800000, 0x00000000c7500000, 0x00000000ec300000)
  object space 46080K, 35% used [0x00000000c4800000,0x00000000c57ff528,0x00000000c7500000)
 Metaspace       used 21546K, capacity 21755K, committed 22064K, reserved 1069056K
  class space    used 1991K, capacity 2053K, committed 2176K, reserved 1048576K
Event: 28.280 GC heap after
Heap after GC invocations=13 (full 1):
 PSYoungGen      total 46080K, used 9024K [0x00000000ec300000, 0x00000000efd80000, 0x0000000100000000)
  eden space 34304K, 0% used [0x00000000ec300000,0x00000000ec300000,0x00000000ee480000)
  from space 11776K, 76% used [0x00000000ef100000,0x00000000ef9d0240,0x00000000efc80000)
  to   space 12800K, 0% used [0x00000000ee480000,0x00000000ee480000,0x00000000ef100000)
 ParOldGen       total 46080K, used 16381K [0x00000000c4800000, 0x00000000c7500000, 0x00000000ec300000)
  object space 46080K, 35% used [0x00000000c4800000,0x00000000c57ff528,0x00000000c7500000)
 Metaspace       used 21546K, capacity 21755K, committed 22064K, reserved 1069056K
  class space    used 1991K, capacity 2053K, committed 2176K, reserved 1048576K
}

