# JRE version: Java(TM) SE Runtime Environment (8.0_45-b14) (build 1.8.0_45-b14)
# Java VM: Java HotSpot(TM) 64-Bit Server VM (25.45-b02 mixed mode linux-amd64 compressed oops)
Heap:
 PSYoungGen      total 165376K, used 120495K [0x00000000ec300000, 0x00000000fef80000, 0x0000000100000000)
  eden space 164864K, 73% used [0x00000000ec300000,0x00000000f389bf00,0x00000000f6400000)
  from space 512K, 12% used [0x00000000fef00000,0x00000000fef10000,0x00000000fef80000)
  to   space 1536K, 0% used [0x00000000fec80000,0x00000000fec80000,0x00000000fee00000)
 ParOldGen       total 34816K, used 15110K [0x00000000c4800000, 0x00000000c6a00000, 0x00000000ec300000)
  object space 34816K, 43% used [0x00000000c4800000,0x00000000c56c1a40,0x00000000c6a00000)
 Metaspace       used 22192K, capacity 22437K, committed 22704K, reserved 1069056K
  class space    used 2187K, capacity 2284K, committed 2304K, reserved 1048576K
GC Heap History (10 events):
Event: 25.638 GC heap before
{Heap before GC invocations=43 (full 1):
 PSYoungGen      total 209408K, used 207488K [0x00000000ec300000, 0x00000000ff300000, 0x0000000100000000)
  eden space 207360K, 100% used [0x00000000ec300000,0x00000000f8d80000,0x00000000f8d80000)
  from space 2048K, 6% used [0x00000000fef00000,0x00000000fef20000,0x00000000ff100000)
  to   space 2048K, 0% used [0x00000000ff100000,0x00000000ff100000,0x00000000ff300000)
 ParOldGen       total 34816K, used 15038K [0x00000000c4800000, 0x00000000c6a00000, 0x00000000ec300000)
  object space 34816K, 43% used [0x00000000c4800000,0x00000000c56afa40,0x00000000c6a00000)
 Metaspace       used 22166K, capacity 22437K, committed 22704K, reserved 1069056K
  class space    used 2185K, capacity 2284K, committed 2304K, reserved 1048576K
Event: 25.640 GC heap after
Heap after GC invocations=43 (full 1):
 PSYoungGen      total 198656K, used 160K [0x00000000ec300000, 0x00000000ff180000, 0x0000000100000000)
  eden space 198144K, 0% used [0x00000000ec300000,0x00000000ec300000,0x00000000f8480000)
  from space 512K, 31% used [0x00000000ff100000,0x00000000ff128000,0x00000000ff180000)
  to   space 2048K, 0% used [0x00000000fed80000,0x00000000fed80000,0x00000000fef80000)
 ParOldGen       total 34816K, used 15046K [0x00000000c4800000, 0x00000000c6a00000, 0x00000000ec300000)
  object space 34816K, 43% used [0x00000000c4800000,0x00000000c56b1a40,0x00000000c6a00000)
 Metaspace       used 22166K, capacity 22437K, committed 22704K, reserved 1069056K
  class space    used 2185K, capacity 2284K, committed 2304K, reserved 1048576K
}
Event: 26.051 GC heap before
{Heap before GC invocations=44 (full 1):
 PSYoungGen      total 198656K, used 198304K [0x00000000ec300000, 0x00000000ff180000, 0x0000000100000000)
  eden space 198144K, 100% used [0x00000000ec300000,0x00000000f8480000,0x00000000f8480000)
  from space 512K, 31% used [0x00000000ff100000,0x00000000ff128000,0x00000000ff180000)
  to   space 2048K, 0% used [0x00000000fed80000,0x00000000fed80000,0x00000000fef80000)
 ParOldGen       total 34816K, used 15046K [0x00000000c4800000, 0x00000000c6a00000, 0x00000000ec300000)
  object space 34816K, 43% used [0x00000000c4800000,0x00000000c56b1a40,0x00000000c6a00000)
 Metaspace       used 22180K, capacity 22437K, committed 22704K, reserved 1069056K
  class space    used 2186K, capacity 2284K, committed 2304K, reserved 1048576K
Event: 26.052 GC heap after
Heap after GC invocations=44 (full 1):
 PSYoungGen      total 191488K, used 128K [0x00000000ec300000, 0x00000000ff180000, 0x0000000100000000)
  eden space 189440K, 0% used [0x00000000ec300000,0x00000000ec300000,0x00000000f7c00000)
  from space 2048K, 6% used [0x00000000fed80000,0x00000000feda0000,0x00000000fef80000)
  to   space 1536K, 0% used [0x00000000ff000000,0x00000000ff000000,0x00000000ff180000)
 ParOldGen       total 34816K, used 15070K [0x00000000c4800000, 0x00000000c6a00000, 0x00000000ec300000)
  object space 34816K, 43% used [0x00000000c4800000,0x00000000c56b7a40,0x00000000c6a00000)
 Metaspace       used 22180K, capacity 22437K, committed 22704K, reserved 1069056K
  class space    used 2186K, capacity 2284K, committed 2304K, reserved 1048576K
}
Event: 26.442 GC heap before
{Heap before GC invocations=45 (full 1):
 PSYoungGen      total 191488K, used 189568K [0x00000000ec300000, 0x00000000ff180000, 0x0000000100000000)
  eden space 189440K, 100% used [0x00000000ec300000,0x00000000f7c00000,0x00000000f7c00000)
  from space 2048K, 6% used [0x00000000fed80000,0x00000000feda0000,0x00000000fef80000)
  to   space 1536K, 0% used [0x00000000ff000000,0x00000000ff000000,0x00000000ff180000)
 ParOldGen       total 34816K, used 15070K [0x00000000c4800000, 0x00000000c6a00000, 0x00000000ec300000)
  object space 34816K, 43% used [0x00000000c4800000,0x00000000c56b7a40,0x00000000c6a00000)
 Metaspace       used 22180K, capacity 22437K, committed 22704K, reserved 1069056K
  class space    used 2186K, capacity 2284K, committed 2304K, reserved 1048576K
Event: 26.443 GC heap after
Heap after GC invocations=45 (full 1):
 PSYoungGen      total 181248K, used 96K [0x00000000ec300000, 0x00000000ff080000, 0x0000000100000000)
  eden space 180736K, 0% used [0x00000000ec300000,0x00000000ec300000,0x00000000f7380000)
  from space 512K, 18% used [0x00000000ff000000,0x00000000ff018000,0x00000000ff080000)
  to   space 1536K, 0% used [0x00000000fed80000,0x00000000fed80000,0x00000000fef00000)
 ParOldGen       total 34816K, used 15094K [0x00000000c4800000, 0x00000000c6a00000, 0x00000000ec300000)
  object space 34816K, 43% used [0x00000000c4800000,0x00000000c56bda40,0x00000000c6a00000)
 Metaspace       used 22180K, capacity 22437K, committed 22704K, reserved 1069056K
  class space    used 2186K, capacity 2284K, committed 2304K, reserved 1048576K
}
Event: 26.808 GC heap before
{Heap before GC invocations=46 (full 1):
 PSYoungGen      total 181248K, used 180832K [0x00000000ec300000, 0x00000000ff080000, 0x0000000100000000)
  eden space 180736K, 100% used [0x00000000ec300000,0x00000000f7380000,0x00000000f7380000)
  from space 512K, 18% used [0x00000000ff000000,0x00000000ff018000,0x00000000ff080000)
  to   space 1536K, 0% used [0x00000000fed80000,0x00000000fed80000,0x00000000fef00000)
 ParOldGen       total 34816K, used 15094K [0x00000000c4800000, 0x00000000c6a00000, 0x00000000ec300000)
  object space 34816K, 43% used [0x00000000c4800000,0x00000000c56bda40,0x00000000c6a00000)
 Metaspace       used 22185K, capacity 22437K, committed 22704K, reserved 1069056K
  class space    used 2186K, capacity 2284K, committed 2304K, reserved 1048576K
Event: 26.810 GC heap after
Heap after GC invocations=46 (full 1):
 PSYoungGen      total 174080K, used 64K [0x00000000ec300000, 0x00000000ff080000, 0x0000000100000000)
  eden space 172544K, 0% used [0x00000000ec300000,0x00000000ec300000,0x00000000f6b80000)
  from space 1536K, 4% used [0x00000000fed80000,0x00000000fed90000,0x00000000fef00000)
  to   space 1536K, 0% used [0x00000000fef00000,0x00000000fef00000,0x00000000ff080000)
 ParOldGen       total 34816K, used 15102K [0x00000000c4800000, 0x00000000c6a00000, 0x00000000ec300000)
  object space 34816K, 43% used [0x00000000c4800000,0x00000000c56bfa40,0x00000000c6a00000)
 Metaspace       used 22185K, capacity 22437K, committed 22704K, reserved 1069056K
  class space    used 2186K, capacity 2284K, committed 2304K, reserved 1048576K
}
Event: 27.161 GC heap before
{Heap before GC invocations=47 (full 1):
 PSYoungGen      total 174080K, used 172608K [0x00000000ec300000, 0x00000000ff080000, 0x0000000100000000)
  eden space 172544K, 100% used [0x00000000ec300000,0x00000000f6b80000,0x00000000f6b80000)
  from space 1536K, 4% used [0x00000000fed80000,0x00000000fed90000,0x00000000fef00000)
  to   space 1536K, 0% used [0x00000000fef00000,0x00000000fef00000,0x00000000ff080000)
 ParOldGen       total 34816K, used 15102K [0x00000000c4800000, 0x00000000c6a00000, 0x00000000ec300000)
  object space 34816K, 43% used [0x00000000c4800000,0x00000000c56bfa40,0x00000000c6a00000)
 Metaspace       used 22185K, capacity 22437K, committed 22704K, reserved 1069056K
  class space    used 2186K, capacity 2284K, committed 2304K, reserved 1048576K
Event: 27.163 GC heap after
Heap after GC invocations=47 (full 1):
 PSYoungGen      total 165376K, used 64K [0x00000000ec300000, 0x00000000fef80000, 0x0000000100000000)
  eden space 164864K, 0% used [0x00000000ec300000,0x00000000ec300000,0x00000000f6400000)
  from space 512K, 12% used [0x00000000fef00000,0x00000000fef10000,0x00000000fef80000)
  to   space 1536K, 0% used [0x00000000fec80000,0x00000000fec80000,0x00000000fee00000)
 ParOldGen       total 34816K, used 15110K [0x00000000c4800000, 0x00000000c6a00000, 0x00000000ec300000)
  object space 34816K, 43% used [0x00000000c4800000,0x00000000c56c1a40,0x00000000c6a00000)
 Metaspace       used 22185K, capacity 22437K, committed 22704K, reserved 1069056K
  class space    used 2186K, capacity 2284K, committed 2304K, reserved 1048576K
}

