# JRE version: Java(TM) SE Runtime Environment (8.0_45-b14) (build 1.8.0_45-b14)
# Java VM: Java HotSpot(TM) 64-Bit Server VM (25.45-b02 mixed mode linux-amd64 compressed oops)
Heap:
 PSYoungGen      total 33280K, used 25278K [0x00000000ec300000, 0x00000000ee600000, 0x0000000100000000)
  eden space 30720K, 73% used [0x00000000ec300000,0x00000000ed933018,0x00000000ee100000)
  from space 2560K, 99% used [0x00000000ee380000,0x00000000ee5fc840,0x00000000ee600000)
  to   space 2560K, 0% used [0x00000000ee100000,0x00000000ee100000,0x00000000ee380000)
 ParOldGen       total 40960K, used 2041K [0x00000000c4800000, 0x00000000c7000000, 0x00000000ec300000)
  object space 40960K, 4% used [0x00000000c4800000,0x00000000c49fe4b8,0x00000000c7000000)
 Metaspace       used 19402K, capacity 19607K, committed 19712K, reserved 1067008K
  class space    used 1912K, capacity 1983K, committed 2048K, reserved 1048576K
GC Heap History (4 events):
Event: 0.478 GC heap before
{Heap before GC invocations=1 (full 0):
 PSYoungGen      total 17920K, used 15360K [0x00000000ec300000, 0x00000000ed700000, 0x0000000100000000)
  eden space 15360K, 100% used [0x00000000ec300000,0x00000000ed200000,0x00000000ed200000)
  from space 2560K, 0% used [0x00000000ed480000,0x00000000ed480000,0x00000000ed700000)
  to   space 2560K, 0% used [0x00000000ed200000,0x00000000ed200000,0x00000000ed480000)
 ParOldGen       total 40960K, used 0K [0x00000000c4800000, 0x00000000c7000000, 0x00000000ec300000)
  object space 40960K, 0% used [0x00000000c4800000,0x00000000c4800000,0x00000000c7000000)
 Metaspace       used 11295K, capacity 11442K, committed 11520K, reserved 1058816K
  class space    used 1204K, capacity 1274K, committed 1280K, reserved 1048576K
Event: 0.484 GC heap after
Heap after GC invocations=1 (full 0):
 PSYoungGen      total 17920K, used 2544K [0x00000000ec300000, 0x00000000ee600000, 0x0000000100000000)
  eden space 15360K, 0% used [0x00000000ec300000,0x00000000ec300000,0x00000000ed200000)
  from space 2560K, 99% used [0x00000000ed200000,0x00000000ed47c1a0,0x00000000ed480000)
  to   space 2560K, 0% used [0x00000000ee380000,0x00000000ee380000,0x00000000ee600000)
 ParOldGen       total 40960K, used 579K [0x00000000c4800000, 0x00000000c7000000, 0x00000000ec300000)
  object space 40960K, 1% used [0x00000000c4800000,0x00000000c4890e10,0x00000000c7000000)
 Metaspace       used 11295K, capacity 11442K, committed 11520K, reserved 1058816K
  class space    used 1204K, capacity 1274K, committed 1280K, reserved 1048576K
}
Event: 0.801 GC heap before
{Heap before GC invocations=2 (full 0):
 PSYoungGen      total 17920K, used 17904K [0x00000000ec300000, 0x00000000ee600000, 0x0000000100000000)
  eden space 15360K, 100% used [0x00000000ec300000,0x00000000ed200000,0x00000000ed200000)
  from space 2560K, 99% used [0x00000000ed200000,0x00000000ed47c1a0,0x00000000ed480000)
  to   space 2560K, 0% used [0x00000000ee380000,0x00000000ee380000,0x00000000ee600000)
 ParOldGen       total 40960K, used 579K [0x00000000c4800000, 0x00000000c7000000, 0x00000000ec300000)
  object space 40960K, 1% used [0x00000000c4800000,0x00000000c4890e10,0x00000000c7000000)
 Metaspace       used 16336K, capacity 16517K, committed 16768K, reserved 1064960K
  class space    used 1587K, capacity 1660K, committed 1664K, reserved 1048576K
Event: 0.806 GC heap after
Heap after GC invocations=2 (full 0):
 PSYoungGen      total 33280K, used 2546K [0x00000000ec300000, 0x00000000ee600000, 0x0000000100000000)
  eden space 30720K, 0% used [0x00000000ec300000,0x00000000ec300000,0x00000000ee100000)
  from space 2560K, 99% used [0x00000000ee380000,0x00000000ee5fc840,0x00000000ee600000)
  to   space 2560K, 0% used [0x00000000ee100000,0x00000000ee100000,0x00000000ee380000)
 ParOldGen       total 40960K, used 2041K [0x00000000c4800000, 0x00000000c7000000, 0x00000000ec300000)
  object space 40960K, 4% used [0x00000000c4800000,0x00000000c49fe4b8,0x00000000c7000000)
 Metaspace       used 16336K, capacity 16517K, committed 16768K, reserved 1064960K
  class space    used 1587K, capacity 1660K, committed 1664K, reserved 1048576K
}

