# JRE version: Java(TM) SE Runtime Environment (8.0_45-b14) (build 1.8.0_45-b14)
# Java VM: Java HotSpot(TM) 64-Bit Server VM (25.45-b02 mixed mode linux-amd64 compressed oops)
Heap:
 PSYoungGen      total 159744K, used 127264K [0x00000000ec300000, 0x00000000f8700000, 0x0000000100000000)
  eden space 146944K, 78% used [0x00000000ec300000,0x00000000f337fd60,0x00000000f5280000)
  from space 12800K, 94% used [0x00000000f6080000,0x00000000f6c482f0,0x00000000f6d00000)
  to   space 14336K, 0% used [0x00000000f5280000,0x00000000f5280000,0x00000000f6080000)
 ParOldGen       total 44544K, used 18229K [0x00000000c4800000, 0x00000000c7380000, 0x00000000ec300000)
  object space 44544K, 40% used [0x00000000c4800000,0x00000000c59cd4f8,0x00000000c7380000)
 Metaspace       used 21430K, capacity 21659K, committed 21808K, reserved 1069056K
  class space    used 1998K, capacity 2085K, committed 2176K, reserved 1048576K
GC Heap History (10 events):
Event: 4.807 GC heap before
{Heap before GC invocations=5 (full 0):
 PSYoungGen      total 64000K, used 7945K [0x00000000ec300000, 0x00000000f0400000, 0x0000000100000000)
  eden space 61440K, 8% used [0x00000000ec300000,0x00000000ec849ba0,0x00000000eff00000)
  from space 2560K, 98% used [0x00000000f0180000,0x00000000f03f8900,0x00000000f0400000)
  to   space 2560K, 0% used [0x00000000eff00000,0x00000000eff00000,0x00000000f0180000)
 ParOldGen       total 40960K, used 14594K [0x00000000c4800000, 0x00000000c7000000, 0x00000000ec300000)
  object space 40960K, 35% used [0x00000000c4800000,0x00000000c5640878,0x00000000c7000000)
 Metaspace       used 20905K, capacity 21109K, committed 21296K, reserved 1069056K
  class space    used 1992K, capacity 2052K, committed 2176K, reserved 1048576K
Event: 4.813 GC heap after
Heap after GC invocations=5 (full 0):
 PSYoungGen      total 64000K, used 2530K [0x00000000ec300000, 0x00000000f5100000, 0x0000000100000000)
  eden space 61440K, 0% used [0x00000000ec300000,0x00000000ec300000,0x00000000eff00000)
  from space 2560K, 98% used [0x00000000eff00000,0x00000000f0178900,0x00000000f0180000)
  to   space 11264K, 0% used [0x00000000f4600000,0x00000000f4600000,0x00000000f5100000)
 ParOldGen       total 40960K, used 14626K [0x00000000c4800000, 0x00000000c7000000, 0x00000000ec300000)
  object space 40960K, 35% used [0x00000000c4800000,0x00000000c5648878,0x00000000c7000000)
 Metaspace       used 20905K, capacity 21109K, committed 21296K, reserved 1069056K
  class space    used 1992K, capacity 2052K, committed 2176K, reserved 1048576K
}
Event: 4.813 GC heap before
{Heap before GC invocations=6 (full 1):
 PSYoungGen      total 64000K, used 2530K [0x00000000ec300000, 0x00000000f5100000, 0x0000000100000000)
  eden space 61440K, 0% used [0x00000000ec300000,0x00000000ec300000,0x00000000eff00000)
  from space 2560K, 98% used [0x00000000eff00000,0x00000000f0178900,0x00000000f0180000)
  to   space 11264K, 0% used [0x00000000f4600000,0x00000000f4600000,0x00000000f5100000)
 ParOldGen       total 40960K, used 14626K [0x00000000c4800000, 0x00000000c7000000, 0x00000000ec300000)
  object space 40960K, 35% used [0x00000000c4800000,0x00000000c5648878,0x00000000c7000000)
 Metaspace       used 20905K, capacity 21109K, committed 21296K, reserved 1069056K
  class space    used 1992K, capacity 2052K, committed 2176K, reserved 1048576K
Event: 4.850 GC heap after
Heap after GC invocations=6 (full 1):
 PSYoungGen      total 64000K, used 0K [0x00000000ec300000, 0x00000000f5100000, 0x0000000100000000)
  eden space 61440K, 0% used [0x00000000ec300000,0x00000000ec300000,0x00000000eff00000)
  from space 2560K, 0% used [0x00000000eff00000,0x00000000eff00000,0x00000000f0180000)
  to   space 11264K, 0% used [0x00000000f4600000,0x00000000f4600000,0x00000000f5100000)
 ParOldGen       total 44544K, used 14885K [0x00000000c4800000, 0x00000000c7380000, 0x00000000ec300000)
  object space 44544K, 33% used [0x00000000c4800000,0x00000000c5689428,0x00000000c7380000)
 Metaspace       used 20905K, capacity 21109K, committed 21296K, reserved 1069056K
  class space    used 1992K, capacity 2052K, committed 2176K, reserved 1048576K
}
Event: 10.238 GC heap before
{Heap before GC invocations=7 (full 1):
 PSYoungGen      total 64000K, used 61440K [0x00000000ec300000, 0x00000000f5100000, 0x0000000100000000)
  eden space 61440K, 100% used [0x00000000ec300000,0x00000000eff00000,0x00000000eff00000)
  from space 2560K, 0% used [0x00000000eff00000,0x00000000eff00000,0x00000000f0180000)
  to   space 11264K, 0% used [0x00000000f4600000,0x00000000f4600000,0x00000000f5100000)
 ParOldGen       total 44544K, used 14885K [0x00000000c4800000, 0x00000000c7380000, 0x00000000ec300000)
  object space 44544K, 33% used [0x00000000c4800000,0x00000000c5689428,0x00000000c7380000)
 Metaspace       used 21305K, capacity 21499K, committed 21808K, reserved 1069056K
  class space    used 1995K, capacity 2053K, committed 2176K, reserved 1048576K
Event: 10.243 GC heap after
Heap after GC invocations=7 (full 1):
 PSYoungGen      total 102400K, used 4896K [0x00000000ec300000, 0x00000000f4b00000, 0x0000000100000000)
  eden space 97280K, 0% used [0x00000000ec300000,0x00000000ec300000,0x00000000f2200000)
  from space 5120K, 95% used [0x00000000f4600000,0x00000000f4ac8130,0x00000000f4b00000)
  to   space 10752K, 0% used [0x00000000f3600000,0x00000000f3600000,0x00000000f4080000)
 ParOldGen       total 44544K, used 14893K [0x00000000c4800000, 0x00000000c7380000, 0x00000000ec300000)
  object space 44544K, 33% used [0x00000000c4800000,0x00000000c568b428,0x00000000c7380000)
 Metaspace       used 21305K, capacity 21499K, committed 21808K, reserved 1069056K
  class space    used 1995K, capacity 2053K, committed 2176K, reserved 1048576K
}
Event: 14.855 GC heap before
{Heap before GC invocations=8 (full 1):
 PSYoungGen      total 102400K, used 102176K [0x00000000ec300000, 0x00000000f4b00000, 0x0000000100000000)
  eden space 97280K, 100% used [0x00000000ec300000,0x00000000f2200000,0x00000000f2200000)
  from space 5120K, 95% used [0x00000000f4600000,0x00000000f4ac8130,0x00000000f4b00000)
  to   space 10752K, 0% used [0x00000000f3600000,0x00000000f3600000,0x00000000f4080000)
 ParOldGen       total 44544K, used 14893K [0x00000000c4800000, 0x00000000c7380000, 0x00000000ec300000)
  object space 44544K, 33% used [0x00000000c4800000,0x00000000c568b428,0x00000000c7380000)
 Metaspace       used 21395K, capacity 21627K, committed 21808K, reserved 1069056K
  class space    used 1995K, capacity 2053K, committed 2176K, reserved 1048576K
Event: 14.865 GC heap after
Heap after GC invocations=8 (full 1):
 PSYoungGen      total 128512K, used 10576K [0x00000000ec300000, 0x00000000f6d00000, 0x0000000100000000)
  eden space 117760K, 0% used [0x00000000ec300000,0x00000000ec300000,0x00000000f3600000)
  from space 10752K, 98% used [0x00000000f3600000,0x00000000f40542a0,0x00000000f4080000)
  to   space 12800K, 0% used [0x00000000f6080000,0x00000000f6080000,0x00000000f6d00000)
 ParOldGen       total 44544K, used 18229K [0x00000000c4800000, 0x00000000c7380000, 0x00000000ec300000)
  object space 44544K, 40% used [0x00000000c4800000,0x00000000c59cd4f8,0x00000000c7380000)
 Metaspace       used 21395K, capacity 21627K, committed 21808K, reserved 1069056K
  class space    used 1995K, capacity 2053K, committed 2176K, reserved 1048576K
}
Event: 28.610 GC heap before
{Heap before GC invocations=9 (full 1):
 PSYoungGen      total 128512K, used 128336K [0x00000000ec300000, 0x00000000f6d00000, 0x0000000100000000)
  eden space 117760K, 100% used [0x00000000ec300000,0x00000000f3600000,0x00000000f3600000)
  from space 10752K, 98% used [0x00000000f3600000,0x00000000f40542a0,0x00000000f4080000)
  to   space 12800K, 0% used [0x00000000f6080000,0x00000000f6080000,0x00000000f6d00000)
 ParOldGen       total 44544K, used 18229K [0x00000000c4800000, 0x00000000c7380000, 0x00000000ec300000)
  object space 44544K, 40% used [0x00000000c4800000,0x00000000c59cd4f8,0x00000000c7380000)
 Metaspace       used 21417K, capacity 21627K, committed 21808K, reserved 1069056K
  class space    used 1995K, capacity 2053K, committed 2176K, reserved 1048576K
Event: 28.621 GC heap after
Heap after GC invocations=9 (full 1):
 PSYoungGen      total 159744K, used 12064K [0x00000000ec300000, 0x00000000f8700000, 0x0000000100000000)
  eden space 146944K, 0% used [0x00000000ec300000,0x00000000ec300000,0x00000000f5280000)
  from space 12800K, 94% used [0x00000000f6080000,0x00000000f6c482f0,0x00000000f6d00000)
  to   space 14336K, 0% used [0x00000000f5280000,0x00000000f5280000,0x00000000f6080000)
 ParOldGen       total 44544K, used 18229K [0x00000000c4800000, 0x00000000c7380000, 0x00000000ec300000)
  object space 44544K, 40% used [0x00000000c4800000,0x00000000c59cd4f8,0x00000000c7380000)
 Metaspace       used 21417K, capacity 21627K, committed 21808K, reserved 1069056K
  class space    used 1995K, capacity 2053K, committed 2176K, reserved 1048576K
}

