# JRE version: Java(TM) SE Runtime Environment (8.0_45-b14) (build 1.8.0_45-b14)
# Java VM: Java HotSpot(TM) 64-Bit Server VM (25.45-b02 mixed mode linux-amd64 compressed oops)
Heap:
 PSYoungGen      total 20480K, used 4899K [0x00000000ec300000, 0x00000000ed800000, 0x0000000100000000)
  eden space 19968K, 24% used [0x00000000ec300000,0x00000000ec7b0ce0,0x00000000ed680000)
  from space 512K, 18% used [0x00000000ed700000,0x00000000ed718000,0x00000000ed780000)
  to   space 512K, 0% used [0x00000000ed780000,0x00000000ed780000,0x00000000ed800000)
 ParOldGen       total 44032K, used 17721K [0x00000000c4800000, 0x00000000c7300000, 0x00000000ec300000)
  object space 44032K, 40% used [0x00000000c4800000,0x00000000c594e4a0,0x00000000c7300000)
 Metaspace       used 21335K, capacity 21531K, committed 21808K, reserved 1069056K
  class space    used 2002K, capacity 2085K, committed 2176K, reserved 1048576K
GC Heap History (10 events):
Event: 378.168 GC heap before
{Heap before GC invocations=80 (full 1):
 PSYoungGen      total 20480K, used 20032K [0x00000000ec300000, 0x00000000ed800000, 0x0000000100000000)
  eden space 19968K, 100% used [0x00000000ec300000,0x00000000ed680000,0x00000000ed680000)
  from space 512K, 12% used [0x00000000ed780000,0x00000000ed790000,0x00000000ed800000)
  to   space 512K, 0% used [0x00000000ed700000,0x00000000ed700000,0x00000000ed780000)
 ParOldGen       total 44032K, used 17721K [0x00000000c4800000, 0x00000000c7300000, 0x00000000ec300000)
  object space 44032K, 40% used [0x00000000c4800000,0x00000000c594e4a0,0x00000000c7300000)
 Metaspace       used 21332K, capacity 21531K, committed 21808K, reserved 1069056K
  class space    used 2001K, capacity 2085K, committed 2176K, reserved 1048576K
Event: 378.170 GC heap after
Heap after GC invocations=80 (full 1):
 PSYoungGen      total 20480K, used 96K [0x00000000ec300000, 0x00000000ed800000, 0x0000000100000000)
  eden space 19968K, 0% used [0x00000000ec300000,0x00000000ec300000,0x00000000ed680000)
  from space 512K, 18% used [0x00000000ed700000,0x00000000ed718000,0x00000000ed780000)
  to   space 512K, 0% used [0x00000000ed780000,0x00000000ed780000,0x00000000ed800000)
 ParOldGen       total 44032K, used 17721K [0x00000000c4800000, 0x00000000c7300000, 0x00000000ec300000)
  object space 44032K, 40% used [0x00000000c4800000,0x00000000c594e4a0,0x00000000c7300000)
 Metaspace       used 21332K, capacity 21531K, committed 21808K, reserved 1069056K
  class space    used 2001K, capacity 2085K, committed 2176K, reserved 1048576K
}
Event: 382.491 GC heap before
{Heap before GC invocations=81 (full 1):
 PSYoungGen      total 20480K, used 20064K [0x00000000ec300000, 0x00000000ed800000, 0x0000000100000000)
  eden space 19968K, 100% used [0x00000000ec300000,0x00000000ed680000,0x00000000ed680000)
  from space 512K, 18% used [0x00000000ed700000,0x00000000ed718000,0x00000000ed780000)
  to   space 512K, 0% used [0x00000000ed780000,0x00000000ed780000,0x00000000ed800000)
 ParOldGen       total 44032K, used 17721K [0x00000000c4800000, 0x00000000c7300000, 0x00000000ec300000)
  object space 44032K, 40% used [0x00000000c4800000,0x00000000c594e4a0,0x00000000c7300000)
 Metaspace       used 21332K, capacity 21531K, committed 21808K, reserved 1069056K
  class space    used 2001K, capacity 2085K, committed 2176K, reserved 1048576K
Event: 382.495 GC heap after
Heap after GC invocations=81 (full 1):
 PSYoungGen      total 20480K, used 96K [0x00000000ec300000, 0x00000000ed800000, 0x0000000100000000)
  eden space 19968K, 0% used [0x00000000ec300000,0x00000000ec300000,0x00000000ed680000)
  from space 512K, 18% used [0x00000000ed780000,0x00000000ed798000,0x00000000ed800000)
  to   space 512K, 0% used [0x00000000ed700000,0x00000000ed700000,0x00000000ed780000)
 ParOldGen       total 44032K, used 17721K [0x00000000c4800000, 0x00000000c7300000, 0x00000000ec300000)
  object space 44032K, 40% used [0x00000000c4800000,0x00000000c594e4a0,0x00000000c7300000)
 Metaspace       used 21332K, capacity 21531K, committed 21808K, reserved 1069056K
  class space    used 2001K, capacity 2085K, committed 2176K, reserved 1048576K
}
Event: 386.971 GC heap before
{Heap before GC invocations=82 (full 1):
 PSYoungGen      total 20480K, used 20064K [0x00000000ec300000, 0x00000000ed800000, 0x0000000100000000)
  eden space 19968K, 100% used [0x00000000ec300000,0x00000000ed680000,0x00000000ed680000)
  from space 512K, 18% used [0x00000000ed780000,0x00000000ed798000,0x00000000ed800000)
  to   space 512K, 0% used [0x00000000ed700000,0x00000000ed700000,0x00000000ed780000)
 ParOldGen       total 44032K, used 17721K [0x00000000c4800000, 0x00000000c7300000, 0x00000000ec300000)
  object space 44032K, 40% used [0x00000000c4800000,0x00000000c594e4a0,0x00000000c7300000)
 Metaspace       used 21332K, capacity 21531K, committed 21808K, reserved 1069056K
  class space    used 2001K, capacity 2085K, committed 2176K, reserved 1048576K
Event: 386.973 GC heap after
Heap after GC invocations=82 (full 1):
 PSYoungGen      total 20480K, used 64K [0x00000000ec300000, 0x00000000ed800000, 0x0000000100000000)
  eden space 19968K, 0% used [0x00000000ec300000,0x00000000ec300000,0x00000000ed680000)
  from space 512K, 12% used [0x00000000ed700000,0x00000000ed710000,0x00000000ed780000)
  to   space 512K, 0% used [0x00000000ed780000,0x00000000ed780000,0x00000000ed800000)
 ParOldGen       total 44032K, used 17721K [0x00000000c4800000, 0x00000000c7300000, 0x00000000ec300000)
  object space 44032K, 40% used [0x00000000c4800000,0x00000000c594e4a0,0x00000000c7300000)
 Metaspace       used 21332K, capacity 21531K, committed 21808K, reserved 1069056K
  class space    used 2001K, capacity 2085K, committed 2176K, reserved 1048576K
}
Event: 391.536 GC heap before
{Heap before GC invocations=83 (full 1):
 PSYoungGen      total 20480K, used 20032K [0x00000000ec300000, 0x00000000ed800000, 0x0000000100000000)
  eden space 19968K, 100% used [0x00000000ec300000,0x00000000ed680000,0x00000000ed680000)
  from space 512K, 12% used [0x00000000ed700000,0x00000000ed710000,0x00000000ed780000)
  to   space 512K, 0% used [0x00000000ed780000,0x00000000ed780000,0x00000000ed800000)
 ParOldGen       total 44032K, used 17721K [0x00000000c4800000, 0x00000000c7300000, 0x00000000ec300000)
  object space 44032K, 40% used [0x00000000c4800000,0x00000000c594e4a0,0x00000000c7300000)
 Metaspace       used 21332K, capacity 21531K, committed 21808K, reserved 1069056K
  class space    used 2001K, capacity 2085K, committed 2176K, reserved 1048576K
Event: 391.540 GC heap after
Heap after GC invocations=83 (full 1):
 PSYoungGen      total 20480K, used 64K [0x00000000ec300000, 0x00000000ed800000, 0x0000000100000000)
  eden space 19968K, 0% used [0x00000000ec300000,0x00000000ec300000,0x00000000ed680000)
  from space 512K, 12% used [0x00000000ed780000,0x00000000ed790000,0x00000000ed800000)
  to   space 512K, 0% used [0x00000000ed700000,0x00000000ed700000,0x00000000ed780000)
 ParOldGen       total 44032K, used 17721K [0x00000000c4800000, 0x00000000c7300000, 0x00000000ec300000)
  object space 44032K, 40% used [0x00000000c4800000,0x00000000c594e4a0,0x00000000c7300000)
 Metaspace       used 21332K, capacity 21531K, committed 21808K, reserved 1069056K
  class space    used 2001K, capacity 2085K, committed 2176K, reserved 1048576K
}
Event: 396.215 GC heap before
{Heap before GC invocations=84 (full 1):
 PSYoungGen      total 20480K, used 20032K [0x00000000ec300000, 0x00000000ed800000, 0x0000000100000000)
  eden space 19968K, 100% used [0x00000000ec300000,0x00000000ed680000,0x00000000ed680000)
  from space 512K, 12% used [0x00000000ed780000,0x00000000ed790000,0x00000000ed800000)
  to   space 512K, 0% used [0x00000000ed700000,0x00000000ed700000,0x00000000ed780000)
 ParOldGen       total 44032K, used 17721K [0x00000000c4800000, 0x00000000c7300000, 0x00000000ec300000)
  object space 44032K, 40% used [0x00000000c4800000,0x00000000c594e4a0,0x00000000c7300000)
 Metaspace       used 21332K, capacity 21531K, committed 21808K, reserved 1069056K
  class space    used 2001K, capacity 2085K, committed 2176K, reserved 1048576K
Event: 396.216 GC heap after
Heap after GC invocations=84 (full 1):
 PSYoungGen      total 20480K, used 96K [0x00000000ec300000, 0x00000000ed800000, 0x0000000100000000)
  eden space 19968K, 0% used [0x00000000ec300000,0x00000000ec300000,0x00000000ed680000)
  from space 512K, 18% used [0x00000000ed700000,0x00000000ed718000,0x00000000ed780000)
  to   space 512K, 0% used [0x00000000ed780000,0x00000000ed780000,0x00000000ed800000)
 ParOldGen       total 44032K, used 17721K [0x00000000c4800000, 0x00000000c7300000, 0x00000000ec300000)
  object space 44032K, 40% used [0x00000000c4800000,0x00000000c594e4a0,0x00000000c7300000)
 Metaspace       used 21332K, capacity 21531K, committed 21808K, reserved 1069056K
  class space    used 2001K, capacity 2085K, committed 2176K, reserved 1048576K
}

