# JRE version: Java(TM) SE Runtime Environment (8.0_45-b14) (build 1.8.0_45-b14)
# Java VM: Java HotSpot(TM) 64-Bit Server VM (25.45-b02 mixed mode linux-amd64 compressed oops)
Heap:
 PSYoungGen      total 40448K, used 13450K [0x00000000ec300000, 0x00000000f0600000, 0x0000000100000000)
  eden space 39936K, 33% used [0x00000000ec300000,0x00000000ed00aaa8,0x00000000eea00000)
  from space 512K, 18% used [0x00000000eeb00000,0x00000000eeb18000,0x00000000eeb80000)
  to   space 14336K, 0% used [0x00000000ef800000,0x00000000ef800000,0x00000000f0600000)
 ParOldGen       total 121344K, used 85304K [0x00000000c4800000, 0x00000000cbe80000, 0x00000000ec300000)
  object space 121344K, 70% used [0x00000000c4800000,0x00000000c9b4e220,0x00000000cbe80000)
 Metaspace       used 21833K, capacity 22043K, committed 22320K, reserved 1069056K
  class space    used 2003K, capacity 2085K, committed 2176K, reserved 1048576K
GC Heap History (10 events):
Event: 30.182 GC heap before
{Heap before GC invocations=22 (full 3):
 PSYoungGen      total 57344K, used 45056K [0x00000000ec300000, 0x00000000f1480000, 0x0000000100000000)
  eden space 45056K, 100% used [0x00000000ec300000,0x00000000eef00000,0x00000000eef00000)
  from space 12288K, 0% used [0x00000000efc00000,0x00000000efc00000,0x00000000f0800000)
  to   space 13312K, 0% used [0x00000000eef00000,0x00000000eef00000,0x00000000efc00000)
 ParOldGen       total 121344K, used 76063K [0x00000000c4800000, 0x00000000cbe80000, 0x00000000ec300000)
  object space 121344K, 62% used [0x00000000c4800000,0x00000000c9247fb0,0x00000000cbe80000)
 Metaspace       used 21826K, capacity 22043K, committed 22320K, reserved 1069056K
  class space    used 2002K, capacity 2085K, committed 2176K, reserved 1048576K
Event: 30.185 GC heap after
Heap after GC invocations=22 (full 3):
 PSYoungGen      total 53248K, used 8960K [0x00000000ec300000, 0x00000000f0800000, 0x0000000100000000)
  eden space 44032K, 0% used [0x00000000ec300000,0x00000000ec300000,0x00000000eee00000)
  from space 9216K, 97% used [0x00000000eef00000,0x00000000ef7c0230,0x00000000ef800000)
  to   space 13312K, 0% used [0x00000000efb00000,0x00000000efb00000,0x00000000f0800000)
 ParOldGen       total 121344K, used 76071K [0x00000000c4800000, 0x00000000cbe80000, 0x00000000ec300000)
  object space 121344K, 62% used [0x00000000c4800000,0x00000000c9249fb0,0x00000000cbe80000)
 Metaspace       used 21826K, capacity 22043K, committed 22320K, reserved 1069056K
  class space    used 2002K, capacity 2085K, committed 2176K, reserved 1048576K
}
Event: 36.365 GC heap before
{Heap before GC invocations=23 (full 3):
 PSYoungGen      total 53248K, used 52992K [0x00000000ec300000, 0x00000000f0800000, 0x0000000100000000)
  eden space 44032K, 100% used [0x00000000ec300000,0x00000000eee00000,0x00000000eee00000)
  from space 9216K, 97% used [0x00000000eef00000,0x00000000ef7c0230,0x00000000ef800000)
  to   space 13312K, 0% used [0x00000000efb00000,0x00000000efb00000,0x00000000f0800000)
 ParOldGen       total 121344K, used 76071K [0x00000000c4800000, 0x00000000cbe80000, 0x00000000ec300000)
  object space 121344K, 62% used [0x00000000c4800000,0x00000000c9249fb0,0x00000000cbe80000)
 Metaspace       used 21827K, capacity 22043K, committed 22320K, reserved 1069056K
  class space    used 2002K, capacity 2085K, committed 2176K, reserved 1048576K
Event: 36.372 GC heap after
Heap after GC invocations=23 (full 3):
 PSYoungGen      total 56320K, used 432K [0x00000000ec300000, 0x00000000f0800000, 0x0000000100000000)
  eden space 43008K, 0% used [0x00000000ec300000,0x00000000ec300000,0x00000000eed00000)
  from space 13312K, 3% used [0x00000000efb00000,0x00000000efb6c020,0x00000000f0800000)
  to   space 13824K, 0% used [0x00000000eed00000,0x00000000eed00000,0x00000000efa80000)
 ParOldGen       total 121344K, used 85008K [0x00000000c4800000, 0x00000000cbe80000, 0x00000000ec300000)
  object space 121344K, 70% used [0x00000000c4800000,0x00000000c9b04200,0x00000000cbe80000)
 Metaspace       used 21827K, capacity 22043K, committed 22320K, reserved 1069056K
  class space    used 2002K, capacity 2085K, committed 2176K, reserved 1048576K
}
Event: 42.515 GC heap before
{Heap before GC invocations=24 (full 3):
 PSYoungGen      total 56320K, used 43440K [0x00000000ec300000, 0x00000000f0800000, 0x0000000100000000)
  eden space 43008K, 100% used [0x00000000ec300000,0x00000000eed00000,0x00000000eed00000)
  from space 13312K, 3% used [0x00000000efb00000,0x00000000efb6c020,0x00000000f0800000)
  to   space 13824K, 0% used [0x00000000eed00000,0x00000000eed00000,0x00000000efa80000)
 ParOldGen       total 121344K, used 85008K [0x00000000c4800000, 0x00000000cbe80000, 0x00000000ec300000)
  object space 121344K, 70% used [0x00000000c4800000,0x00000000c9b04200,0x00000000cbe80000)
 Metaspace       used 21827K, capacity 22043K, committed 22320K, reserved 1069056K
  class space    used 2002K, capacity 2085K, committed 2176K, reserved 1048576K
Event: 42.517 GC heap after
Heap after GC invocations=24 (full 3):
 PSYoungGen      total 42496K, used 128K [0x00000000ec300000, 0x00000000f0700000, 0x0000000100000000)
  eden space 41984K, 0% used [0x00000000ec300000,0x00000000ec300000,0x00000000eec00000)
  from space 512K, 25% used [0x00000000eed00000,0x00000000eed20000,0x00000000eed80000)
  to   space 13824K, 0% used [0x00000000ef980000,0x00000000ef980000,0x00000000f0700000)
 ParOldGen       total 121344K, used 85304K [0x00000000c4800000, 0x00000000cbe80000, 0x00000000ec300000)
  object space 121344K, 70% used [0x00000000c4800000,0x00000000c9b4e220,0x00000000cbe80000)
 Metaspace       used 21827K, capacity 22043K, committed 22320K, reserved 1069056K
  class space    used 2002K, capacity 2085K, committed 2176K, reserved 1048576K
}
Event: 48.534 GC heap before
{Heap before GC invocations=25 (full 3):
 PSYoungGen      total 42496K, used 42112K [0x00000000ec300000, 0x00000000f0700000, 0x0000000100000000)
  eden space 41984K, 100% used [0x00000000ec300000,0x00000000eec00000,0x00000000eec00000)
  from space 512K, 25% used [0x00000000eed00000,0x00000000eed20000,0x00000000eed80000)
  to   space 13824K, 0% used [0x00000000ef980000,0x00000000ef980000,0x00000000f0700000)
 ParOldGen       total 121344K, used 85304K [0x00000000c4800000, 0x00000000cbe80000, 0x00000000ec300000)
  object space 121344K, 70% used [0x00000000c4800000,0x00000000c9b4e220,0x00000000cbe80000)
 Metaspace       used 21827K, capacity 22043K, committed 22320K, reserved 1069056K
  class space    used 2002K, capacity 2085K, committed 2176K, reserved 1048576K
Event: 48.536 GC heap after
Heap after GC invocations=25 (full 3):
 PSYoungGen      total 54784K, used 96K [0x00000000ec300000, 0x00000000f0700000, 0x0000000100000000)
  eden space 40960K, 0% used [0x00000000ec300000,0x00000000ec300000,0x00000000eeb00000)
  from space 13824K, 0% used [0x00000000ef980000,0x00000000ef998000,0x00000000f0700000)
  to   space 14336K, 0% used [0x00000000eeb00000,0x00000000eeb00000,0x00000000ef900000)
 ParOldGen       total 121344K, used 85304K [0x00000000c4800000, 0x00000000cbe80000, 0x00000000ec300000)
  object space 121344K, 70% used [0x00000000c4800000,0x00000000c9b4e220,0x00000000cbe80000)
 Metaspace       used 21827K, capacity 22043K, committed 22320K, reserved 1069056K
  class space    used 2002K, capacity 2085K, committed 2176K, reserved 1048576K
}
Event: 54.482 GC heap before
{Heap before GC invocations=26 (full 3):
 PSYoungGen      total 54784K, used 41056K [0x00000000ec300000, 0x00000000f0700000, 0x0000000100000000)
  eden space 40960K, 100% used [0x00000000ec300000,0x00000000eeb00000,0x00000000eeb00000)
  from space 13824K, 0% used [0x00000000ef980000,0x00000000ef998000,0x00000000f0700000)
  to   space 14336K, 0% used [0x00000000eeb00000,0x00000000eeb00000,0x00000000ef900000)
 ParOldGen       total 121344K, used 85304K [0x00000000c4800000, 0x00000000cbe80000, 0x00000000ec300000)
  object space 121344K, 70% used [0x00000000c4800000,0x00000000c9b4e220,0x00000000cbe80000)
 Metaspace       used 21827K, capacity 22043K, committed 22320K, reserved 1069056K
  class space    used 2002K, capacity 2085K, committed 2176K, reserved 1048576K
Event: 54.485 GC heap after
Heap after GC invocations=26 (full 3):
 PSYoungGen      total 40448K, used 96K [0x00000000ec300000, 0x00000000f0600000, 0x0000000100000000)
  eden space 39936K, 0% used [0x00000000ec300000,0x00000000ec300000,0x00000000eea00000)
  from space 512K, 18% used [0x00000000eeb00000,0x00000000eeb18000,0x00000000eeb80000)
  to   space 14336K, 0% used [0x00000000ef800000,0x00000000ef800000,0x00000000f0600000)
 ParOldGen       total 121344K, used 85304K [0x00000000c4800000, 0x00000000cbe80000, 0x00000000ec300000)
  object space 121344K, 70% used [0x00000000c4800000,0x00000000c9b4e220,0x00000000cbe80000)
 Metaspace       used 21827K, capacity 22043K, committed 22320K, reserved 1069056K
  class space    used 2002K, capacity 2085K, committed 2176K, reserved 1048576K
}

