# JRE version: Java(TM) SE Runtime Environment (8.0_45-b14) (build 1.8.0_45-b14)
# Java VM: Java HotSpot(TM) 64-Bit Server VM (25.45-b02 mixed mode linux-amd64 compressed oops)
Heap:
 PSYoungGen      total 95744K, used 89879K [0x00000000ec300000, 0x00000000f4300000, 0x0000000100000000)
  eden space 95232K, 94% used [0x00000000ec300000,0x00000000f1aadce0,0x00000000f2000000)
  from space 512K, 18% used [0x00000000f2380000,0x00000000f2398000,0x00000000f2400000)
  to   space 17920K, 0% used [0x00000000f3180000,0x00000000f3180000,0x00000000f4300000)
 ParOldGen       total 73216K, used 41701K [0x00000000c4800000, 0x00000000c8f80000, 0x00000000ec300000)
  object space 73216K, 56% used [0x00000000c4800000,0x00000000c70b97b0,0x00000000c8f80000)
 Metaspace       used 21616K, capacity 21851K, committed 22064K, reserved 1069056K
  class space    used 2000K, capacity 2085K, committed 2176K, reserved 1048576K
GC Heap History (10 events):
Event: 87.315 GC heap before
{Heap before GC invocations=15 (full 2):
 PSYoungGen      total 131584K, used 116320K [0x00000000ec300000, 0x00000000f5b80000, 0x0000000100000000)
  eden space 116224K, 100% used [0x00000000ec300000,0x00000000f3480000,0x00000000f3480000)
  from space 15360K, 0% used [0x00000000f4c80000,0x00000000f4c98000,0x00000000f5b80000)
  to   space 19968K, 0% used [0x00000000f3480000,0x00000000f3480000,0x00000000f4800000)
 ParOldGen       total 73216K, used 41701K [0x00000000c4800000, 0x00000000c8f80000, 0x00000000ec300000)
  object space 73216K, 56% used [0x00000000c4800000,0x00000000c70b97b0,0x00000000c8f80000)
 Metaspace       used 21610K, capacity 21851K, committed 22064K, reserved 1069056K
  class space    used 1999K, capacity 2085K, committed 2176K, reserved 1048576K
Event: 87.317 GC heap after
Heap after GC invocations=15 (full 2):
 PSYoungGen      total 112128K, used 64K [0x00000000ec300000, 0x00000000f5600000, 0x0000000100000000)
  eden space 111616K, 0% used [0x00000000ec300000,0x00000000ec300000,0x00000000f3000000)
  from space 512K, 12% used [0x00000000f3480000,0x00000000f3490000,0x00000000f3500000)
  to   space 19456K, 0% used [0x00000000f4300000,0x00000000f4300000,0x00000000f5600000)
 ParOldGen       total 73216K, used 41701K [0x00000000c4800000, 0x00000000c8f80000, 0x00000000ec300000)
  object space 73216K, 56% used [0x00000000c4800000,0x00000000c70b97b0,0x00000000c8f80000)
 Metaspace       used 21610K, capacity 21851K, committed 22064K, reserved 1069056K
  class space    used 1999K, capacity 2085K, committed 2176K, reserved 1048576K
}
Event: 103.559 GC heap before
{Heap before GC invocations=16 (full 2):
 PSYoungGen      total 112128K, used 111680K [0x00000000ec300000, 0x00000000f5600000, 0x0000000100000000)
  eden space 111616K, 100% used [0x00000000ec300000,0x00000000f3000000,0x00000000f3000000)
  from space 512K, 12% used [0x00000000f3480000,0x00000000f3490000,0x00000000f3500000)
  to   space 19456K, 0% used [0x00000000f4300000,0x00000000f4300000,0x00000000f5600000)
 ParOldGen       total 73216K, used 41701K [0x00000000c4800000, 0x00000000c8f80000, 0x00000000ec300000)
  object space 73216K, 56% used [0x00000000c4800000,0x00000000c70b97b0,0x00000000c8f80000)
 Metaspace       used 21610K, capacity 21851K, committed 22064K, reserved 1069056K
  class space    used 1999K, capacity 2085K, committed 2176K, reserved 1048576K
Event: 103.563 GC heap after
Heap after GC invocations=16 (full 2):
 PSYoungGen      total 121856K, used 128K [0x00000000ec300000, 0x00000000f5180000, 0x0000000100000000)
  eden space 107008K, 0% used [0x00000000ec300000,0x00000000ec300000,0x00000000f2b80000)
  from space 14848K, 0% used [0x00000000f4300000,0x00000000f4320000,0x00000000f5180000)
  to   space 19456K, 0% used [0x00000000f2b80000,0x00000000f2b80000,0x00000000f3e80000)
 ParOldGen       total 73216K, used 41701K [0x00000000c4800000, 0x00000000c8f80000, 0x00000000ec300000)
  object space 73216K, 56% used [0x00000000c4800000,0x00000000c70b97b0,0x00000000c8f80000)
 Metaspace       used 21610K, capacity 21851K, committed 22064K, reserved 1069056K
  class space    used 1999K, capacity 2085K, committed 2176K, reserved 1048576K
}
Event: 119.315 GC heap before
{Heap before GC invocations=17 (full 2):
 PSYoungGen      total 121856K, used 107136K [0x00000000ec300000, 0x00000000f5180000, 0x0000000100000000)
  eden space 107008K, 100% used [0x00000000ec300000,0x00000000f2b80000,0x00000000f2b80000)
  from space 14848K, 0% used [0x00000000f4300000,0x00000000f4320000,0x00000000f5180000)
  to   space 19456K, 0% used [0x00000000f2b80000,0x00000000f2b80000,0x00000000f3e80000)
 ParOldGen       total 73216K, used 41701K [0x00000000c4800000, 0x00000000c8f80000, 0x00000000ec300000)
  object space 73216K, 56% used [0x00000000c4800000,0x00000000c70b97b0,0x00000000c8f80000)
 Metaspace       used 21612K, capacity 21851K, committed 22064K, reserved 1069056K
  class space    used 1999K, capacity 2085K, committed 2176K, reserved 1048576K
Event: 119.317 GC heap after
Heap after GC invocations=17 (full 2):
 PSYoungGen      total 103424K, used 128K [0x00000000ec300000, 0x00000000f4c80000, 0x0000000100000000)
  eden space 102912K, 0% used [0x00000000ec300000,0x00000000ec300000,0x00000000f2780000)
  from space 512K, 25% used [0x00000000f2b80000,0x00000000f2ba0000,0x00000000f2c00000)
  to   space 18944K, 0% used [0x00000000f3a00000,0x00000000f3a00000,0x00000000f4c80000)
 ParOldGen       total 73216K, used 41701K [0x00000000c4800000, 0x00000000c8f80000, 0x00000000ec300000)
  object space 73216K, 56% used [0x00000000c4800000,0x00000000c70b97b0,0x00000000c8f80000)
 Metaspace       used 21612K, capacity 21851K, committed 22064K, reserved 1069056K
  class space    used 1999K, capacity 2085K, committed 2176K, reserved 1048576K
}
Event: 134.446 GC heap before
{Heap before GC invocations=18 (full 2):
 PSYoungGen      total 103424K, used 103040K [0x00000000ec300000, 0x00000000f4c80000, 0x0000000100000000)
  eden space 102912K, 100% used [0x00000000ec300000,0x00000000f2780000,0x00000000f2780000)
  from space 512K, 25% used [0x00000000f2b80000,0x00000000f2ba0000,0x00000000f2c00000)
  to   space 18944K, 0% used [0x00000000f3a00000,0x00000000f3a00000,0x00000000f4c80000)
 ParOldGen       total 73216K, used 41701K [0x00000000c4800000, 0x00000000c8f80000, 0x00000000ec300000)
  object space 73216K, 56% used [0x00000000c4800000,0x00000000c70b97b0,0x00000000c8f80000)
 Metaspace       used 21612K, capacity 21851K, committed 22064K, reserved 1069056K
  class space    used 1999K, capacity 2085K, committed 2176K, reserved 1048576K
Event: 134.447 GC heap after
Heap after GC invocations=18 (full 2):
 PSYoungGen      total 112640K, used 128K [0x00000000ec300000, 0x00000000f4780000, 0x0000000100000000)
  eden space 98816K, 0% used [0x00000000ec300000,0x00000000ec300000,0x00000000f2380000)
  from space 13824K, 0% used [0x00000000f3a00000,0x00000000f3a20000,0x00000000f4780000)
  to   space 18432K, 0% used [0x00000000f2380000,0x00000000f2380000,0x00000000f3580000)
 ParOldGen       total 73216K, used 41701K [0x00000000c4800000, 0x00000000c8f80000, 0x00000000ec300000)
  object space 73216K, 56% used [0x00000000c4800000,0x00000000c70b97b0,0x00000000c8f80000)
 Metaspace       used 21612K, capacity 21851K, committed 22064K, reserved 1069056K
  class space    used 1999K, capacity 2085K, committed 2176K, reserved 1048576K
}
Event: 148.932 GC heap before
{Heap before GC invocations=19 (full 2):
 PSYoungGen      total 112640K, used 98944K [0x00000000ec300000, 0x00000000f4780000, 0x0000000100000000)
  eden space 98816K, 100% used [0x00000000ec300000,0x00000000f2380000,0x00000000f2380000)
  from space 13824K, 0% used [0x00000000f3a00000,0x00000000f3a20000,0x00000000f4780000)
  to   space 18432K, 0% used [0x00000000f2380000,0x00000000f2380000,0x00000000f3580000)
 ParOldGen       total 73216K, used 41701K [0x00000000c4800000, 0x00000000c8f80000, 0x00000000ec300000)
  object space 73216K, 56% used [0x00000000c4800000,0x00000000c70b97b0,0x00000000c8f80000)
 Metaspace       used 21612K, capacity 21851K, committed 22064K, reserved 1069056K
  class space    used 1999K, capacity 2085K, committed 2176K, reserved 1048576K
Event: 148.934 GC heap after
Heap after GC invocations=19 (full 2):
 PSYoungGen      total 95744K, used 96K [0x00000000ec300000, 0x00000000f4300000, 0x0000000100000000)
  eden space 95232K, 0% used [0x00000000ec300000,0x00000000ec300000,0x00000000f2000000)
  from space 512K, 18% used [0x00000000f2380000,0x00000000f2398000,0x00000000f2400000)
  to   space 17920K, 0% used [0x00000000f3180000,0x00000000f3180000,0x00000000f4300000)
 ParOldGen       total 73216K, used 41701K [0x00000000c4800000, 0x00000000c8f80000, 0x00000000ec300000)
  object space 73216K, 56% used [0x00000000c4800000,0x00000000c70b97b0,0x00000000c8f80000)
 Metaspace       used 21612K, capacity 21851K, committed 22064K, reserved 1069056K
  class space    used 1999K, capacity 2085K, committed 2176K, reserved 1048576K
}

