# JRE version: Java(TM) SE Runtime Environment (8.0_45-b14) (build 1.8.0_45-b14)
# Java VM: Java HotSpot(TM) 64-Bit Server VM (25.45-b02 mixed mode linux-amd64 compressed oops)
Heap:
 PSYoungGen      total 138240K, used 99793K [0x00000000ec300000, 0x00000000f5d00000, 0x0000000100000000)
  eden space 123904K, 70% used [0x00000000ec300000,0x00000000f180c4b0,0x00000000f3c00000)
  from space 14336K, 88% used [0x00000000f4f00000,0x00000000f5b68310,0x00000000f5d00000)
  to   space 16896K, 0% used [0x00000000f3c00000,0x00000000f3c00000,0x00000000f4c80000)
 ParOldGen       total 45056K, used 35332K [0x00000000c4800000, 0x00000000c7400000, 0x00000000ec300000)
  object space 45056K, 78% used [0x00000000c4800000,0x00000000c6a811b0,0x00000000c7400000)
 Metaspace       used 21712K, capacity 21979K, committed 22320K, reserved 1069056K
  class space    used 1996K, capacity 2085K, committed 2176K, reserved 1048576K
GC Heap History (10 events):
Event: 5.108 GC heap before
{Heap before GC invocations=7 (full 1):
 PSYoungGen      total 71168K, used 4208K [0x00000000ec300000, 0x00000000f1300000, 0x0000000100000000)
  eden space 61440K, 0% used [0x00000000ec300000,0x00000000ec300000,0x00000000eff00000)
  from space 9728K, 43% used [0x00000000f0980000,0x00000000f0d9c0e0,0x00000000f1300000)
  to   space 10240K, 0% used [0x00000000eff00000,0x00000000eff00000,0x00000000f0900000)
 ParOldGen       total 40960K, used 17657K [0x00000000c4800000, 0x00000000c7000000, 0x00000000ec300000)
  object space 40960K, 43% used [0x00000000c4800000,0x00000000c593e438,0x00000000c7000000)
 Metaspace       used 20922K, capacity 21109K, committed 21296K, reserved 1069056K
  class space    used 1992K, capacity 2052K, committed 2176K, reserved 1048576K
Event: 5.145 GC heap after
Heap after GC invocations=7 (full 1):
 PSYoungGen      total 71168K, used 0K [0x00000000ec300000, 0x00000000f1300000, 0x0000000100000000)
  eden space 61440K, 0% used [0x00000000ec300000,0x00000000ec300000,0x00000000eff00000)
  from space 9728K, 0% used [0x00000000f0980000,0x00000000f0980000,0x00000000f1300000)
  to   space 10240K, 0% used [0x00000000eff00000,0x00000000eff00000,0x00000000f0900000)
 ParOldGen       total 45056K, used 16880K [0x00000000c4800000, 0x00000000c7400000, 0x00000000ec300000)
  object space 45056K, 37% used [0x00000000c4800000,0x00000000c587c2f0,0x00000000c7400000)
 Metaspace       used 20922K, capacity 21109K, committed 21296K, reserved 1069056K
  class space    used 1992K, capacity 2052K, committed 2176K, reserved 1048576K
}
Event: 9.551 GC heap before
{Heap before GC invocations=8 (full 1):
 PSYoungGen      total 71168K, used 61440K [0x00000000ec300000, 0x00000000f1300000, 0x0000000100000000)
  eden space 61440K, 100% used [0x00000000ec300000,0x00000000eff00000,0x00000000eff00000)
  from space 9728K, 0% used [0x00000000f0980000,0x00000000f0980000,0x00000000f1300000)
  to   space 10240K, 0% used [0x00000000eff00000,0x00000000eff00000,0x00000000f0900000)
 ParOldGen       total 45056K, used 17136K [0x00000000c4800000, 0x00000000c7400000, 0x00000000ec300000)
  object space 45056K, 38% used [0x00000000c4800000,0x00000000c58bc300,0x00000000c7400000)
 Metaspace       used 21285K, capacity 21499K, committed 21808K, reserved 1069056K
  class space    used 1994K, capacity 2053K, committed 2176K, reserved 1048576K
Event: 9.557 GC heap after
Heap after GC invocations=8 (full 1):
 PSYoungGen      total 71680K, used 6796K [0x00000000ec300000, 0x00000000f3880000, 0x0000000100000000)
  eden space 61440K, 0% used [0x00000000ec300000,0x00000000ec300000,0x00000000eff00000)
  from space 10240K, 66% used [0x00000000eff00000,0x00000000f05a3010,0x00000000f0900000)
  to   space 10240K, 0% used [0x00000000f2e80000,0x00000000f2e80000,0x00000000f3880000)
 ParOldGen       total 45056K, used 17144K [0x00000000c4800000, 0x00000000c7400000, 0x00000000ec300000)
  object space 45056K, 38% used [0x00000000c4800000,0x00000000c58be300,0x00000000c7400000)
 Metaspace       used 21285K, capacity 21499K, committed 21808K, reserved 1069056K
  class space    used 1994K, capacity 2053K, committed 2176K, reserved 1048576K
}
Event: 11.876 GC heap before
{Heap before GC invocations=9 (full 1):
 PSYoungGen      total 71680K, used 68236K [0x00000000ec300000, 0x00000000f3880000, 0x0000000100000000)
  eden space 61440K, 100% used [0x00000000ec300000,0x00000000eff00000,0x00000000eff00000)
  from space 10240K, 66% used [0x00000000eff00000,0x00000000f05a3010,0x00000000f0900000)
  to   space 10240K, 0% used [0x00000000f2e80000,0x00000000f2e80000,0x00000000f3880000)
 ParOldGen       total 45056K, used 17467K [0x00000000c4800000, 0x00000000c7400000, 0x00000000ec300000)
  object space 45056K, 38% used [0x00000000c4800000,0x00000000c590ed20,0x00000000c7400000)
 Metaspace       used 21454K, capacity 21691K, committed 22064K, reserved 1069056K
  class space    used 1994K, capacity 2053K, committed 2176K, reserved 1048576K
Event: 11.887 GC heap after
Heap after GC invocations=9 (full 1):
 PSYoungGen      total 106496K, used 10208K [0x00000000ec300000, 0x00000000f3d00000, 0x0000000100000000)
  eden space 96256K, 0% used [0x00000000ec300000,0x00000000ec300000,0x00000000f2100000)
  from space 10240K, 99% used [0x00000000f2e80000,0x00000000f3878270,0x00000000f3880000)
  to   space 13824K, 0% used [0x00000000f2100000,0x00000000f2100000,0x00000000f2e80000)
 ParOldGen       total 45056K, used 22139K [0x00000000c4800000, 0x00000000c7400000, 0x00000000ec300000)
  object space 45056K, 49% used [0x00000000c4800000,0x00000000c5d9ee40,0x00000000c7400000)
 Metaspace       used 21454K, capacity 21691K, committed 22064K, reserved 1069056K
  class space    used 1994K, capacity 2053K, committed 2176K, reserved 1048576K
}
Event: 17.476 GC heap before
{Heap before GC invocations=10 (full 1):
 PSYoungGen      total 106496K, used 106272K [0x00000000ec300000, 0x00000000f3d00000, 0x0000000100000000)
  eden space 96256K, 99% used [0x00000000ec300000,0x00000000f20d0140,0x00000000f2100000)
  from space 10240K, 99% used [0x00000000f2e80000,0x00000000f3878270,0x00000000f3880000)
  to   space 13824K, 0% used [0x00000000f2100000,0x00000000f2100000,0x00000000f2e80000)
 ParOldGen       total 45056K, used 22139K [0x00000000c4800000, 0x00000000c7400000, 0x00000000ec300000)
  object space 45056K, 49% used [0x00000000c4800000,0x00000000c5d9ee40,0x00000000c7400000)
 Metaspace       used 21628K, capacity 21819K, committed 22064K, reserved 1069056K
  class space    used 1994K, capacity 2053K, committed 2176K, reserved 1048576K
Event: 17.494 GC heap after
Heap after GC invocations=10 (full 1):
 PSYoungGen      total 110080K, used 13728K [0x00000000ec300000, 0x00000000f5e80000, 0x0000000100000000)
  eden space 96256K, 0% used [0x00000000ec300000,0x00000000ec300000,0x00000000f2100000)
  from space 13824K, 99% used [0x00000000f2100000,0x00000000f2e68350,0x00000000f2e80000)
  to   space 15872K, 0% used [0x00000000f4f00000,0x00000000f4f00000,0x00000000f5e80000)
 ParOldGen       total 45056K, used 29572K [0x00000000c4800000, 0x00000000c7400000, 0x00000000ec300000)
  object space 45056K, 65% used [0x00000000c4800000,0x00000000c64e1010,0x00000000c7400000)
 Metaspace       used 21628K, capacity 21819K, committed 22064K, reserved 1069056K
  class space    used 1994K, capacity 2053K, committed 2176K, reserved 1048576K
}
Event: 27.804 GC heap before
{Heap before GC invocations=11 (full 1):
 PSYoungGen      total 110080K, used 109984K [0x00000000ec300000, 0x00000000f5e80000, 0x0000000100000000)
  eden space 96256K, 100% used [0x00000000ec300000,0x00000000f2100000,0x00000000f2100000)
  from space 13824K, 99% used [0x00000000f2100000,0x00000000f2e68350,0x00000000f2e80000)
  to   space 15872K, 0% used [0x00000000f4f00000,0x00000000f4f00000,0x00000000f5e80000)
 ParOldGen       total 45056K, used 29572K [0x00000000c4800000, 0x00000000c7400000, 0x00000000ec300000)
  object space 45056K, 65% used [0x00000000c4800000,0x00000000c64e1010,0x00000000c7400000)
 Metaspace       used 21706K, capacity 21947K, committed 22320K, reserved 1069056K
  class space    used 1994K, capacity 2053K, committed 2176K, reserved 1048576K
Event: 27.817 GC heap after
Heap after GC invocations=11 (full 1):
 PSYoungGen      total 138240K, used 12704K [0x00000000ec300000, 0x00000000f5d00000, 0x0000000100000000)
  eden space 123904K, 0% used [0x00000000ec300000,0x00000000ec300000,0x00000000f3c00000)
  from space 14336K, 88% used [0x00000000f4f00000,0x00000000f5b68310,0x00000000f5d00000)
  to   space 16896K, 0% used [0x00000000f3c00000,0x00000000f3c00000,0x00000000f4c80000)
 ParOldGen       total 45056K, used 35332K [0x00000000c4800000, 0x00000000c7400000, 0x00000000ec300000)
  object space 45056K, 78% used [0x00000000c4800000,0x00000000c6a811b0,0x00000000c7400000)
 Metaspace       used 21706K, capacity 21947K, committed 22320K, reserved 1069056K
  class space    used 1994K, capacity 2053K, committed 2176K, reserved 1048576K
}

