# JRE version: Java(TM) SE Runtime Environment (8.0_45-b14) (build 1.8.0_45-b14)
# Java VM: Java HotSpot(TM) 64-Bit Server VM (25.45-b02 mixed mode linux-amd64 compressed oops)
Heap:
 PSYoungGen      total 65024K, used 57824K [0x00000000ec300000, 0x00000000f2580000, 0x0000000100000000)
  eden space 54272K, 100% used [0x00000000ec300000,0x00000000ef800000,0x00000000ef800000)
  from space 10752K, 33% used [0x00000000ef800000,0x00000000efb780e0,0x00000000f0280000)
  to   space 10240K, 0% used [0x00000000f1b80000,0x00000000f1b80000,0x00000000f2580000)
 ParOldGen       total 43008K, used 14045K [0x00000000c4800000, 0x00000000c7200000, 0x00000000ec300000)
  object space 43008K, 32% used [0x00000000c4800000,0x00000000c55b74b0,0x00000000c7200000)
 Metaspace       used 21483K, capacity 21723K, committed 22064K, reserved 1069056K
  class space    used 1997K, capacity 2085K, committed 2176K, reserved 1048576K
GC Heap History (10 events):
Event: 4.845 GC heap before
{Heap before GC invocations=4 (full 0):
 PSYoungGen      total 33280K, used 33266K [0x00000000ec300000, 0x00000000f0400000, 0x0000000100000000)
  eden space 30720K, 100% used [0x00000000ec300000,0x00000000ee100000,0x00000000ee100000)
  from space 2560K, 99% used [0x00000000ee100000,0x00000000ee37c880,0x00000000ee380000)
  to   space 2560K, 0% used [0x00000000f0180000,0x00000000f0180000,0x00000000f0400000)
 ParOldGen       total 40960K, used 11304K [0x00000000c4800000, 0x00000000c7000000, 0x00000000ec300000)
  object space 40960K, 27% used [0x00000000c4800000,0x00000000c530a078,0x00000000c7000000)
 Metaspace       used 20906K, capacity 21109K, committed 21296K, reserved 1069056K
  class space    used 1993K, capacity 2052K, committed 2176K, reserved 1048576K
Event: 4.854 GC heap after
Heap after GC invocations=4 (full 0):
 PSYoungGen      total 33280K, used 2544K [0x00000000ec300000, 0x00000000f0400000, 0x0000000100000000)
  eden space 30720K, 0% used [0x00000000ec300000,0x00000000ec300000,0x00000000ee100000)
  from space 2560K, 99% used [0x00000000f0180000,0x00000000f03fc0f0,0x00000000f0400000)
  to   space 2560K, 0% used [0x00000000ee100000,0x00000000ee100000,0x00000000ee380000)
 ParOldGen       total 40960K, used 14100K [0x00000000c4800000, 0x00000000c7000000, 0x00000000ec300000)
  object space 40960K, 34% used [0x00000000c4800000,0x00000000c55c53e0,0x00000000c7000000)
 Metaspace       used 20906K, capacity 21109K, committed 21296K, reserved 1069056K
  class space    used 1993K, capacity 2052K, committed 2176K, reserved 1048576K
}
Event: 4.974 GC heap before
{Heap before GC invocations=5 (full 0):
 PSYoungGen      total 33280K, used 7542K [0x00000000ec300000, 0x00000000f0400000, 0x0000000100000000)
  eden space 30720K, 16% used [0x00000000ec300000,0x00000000ec7e17a0,0x00000000ee100000)
  from space 2560K, 99% used [0x00000000f0180000,0x00000000f03fc0f0,0x00000000f0400000)
  to   space 2560K, 0% used [0x00000000ee100000,0x00000000ee100000,0x00000000ee380000)
 ParOldGen       total 40960K, used 14100K [0x00000000c4800000, 0x00000000c7000000, 0x00000000ec300000)
  object space 40960K, 34% used [0x00000000c4800000,0x00000000c55c53e0,0x00000000c7000000)
 Metaspace       used 20941K, capacity 21115K, committed 21296K, reserved 1069056K
  class space    used 1994K, capacity 2053K, committed 2176K, reserved 1048576K
Event: 4.981 GC heap after
Heap after GC invocations=5 (full 0):
 PSYoungGen      total 33280K, used 2530K [0x00000000ec300000, 0x00000000f1400000, 0x0000000100000000)
  eden space 30720K, 0% used [0x00000000ec300000,0x00000000ec300000,0x00000000ee100000)
  from space 2560K, 98% used [0x00000000ee100000,0x00000000ee378910,0x00000000ee380000)
  to   space 10752K, 0% used [0x00000000f0980000,0x00000000f0980000,0x00000000f1400000)
 ParOldGen       total 40960K, used 15189K [0x00000000c4800000, 0x00000000c7000000, 0x00000000ec300000)
  object space 40960K, 37% used [0x00000000c4800000,0x00000000c56d5430,0x00000000c7000000)
 Metaspace       used 20941K, capacity 21115K, committed 21296K, reserved 1069056K
  class space    used 1994K, capacity 2053K, committed 2176K, reserved 1048576K
}
Event: 4.981 GC heap before
{Heap before GC invocations=6 (full 1):
 PSYoungGen      total 33280K, used 2530K [0x00000000ec300000, 0x00000000f1400000, 0x0000000100000000)
  eden space 30720K, 0% used [0x00000000ec300000,0x00000000ec300000,0x00000000ee100000)
  from space 2560K, 98% used [0x00000000ee100000,0x00000000ee378910,0x00000000ee380000)
  to   space 10752K, 0% used [0x00000000f0980000,0x00000000f0980000,0x00000000f1400000)
 ParOldGen       total 40960K, used 15189K [0x00000000c4800000, 0x00000000c7000000, 0x00000000ec300000)
  object space 40960K, 37% used [0x00000000c4800000,0x00000000c56d5430,0x00000000c7000000)
 Metaspace       used 20941K, capacity 21115K, committed 21296K, reserved 1069056K
  class space    used 1994K, capacity 2053K, committed 2176K, reserved 1048576K
Event: 5.023 GC heap after
Heap after GC invocations=6 (full 1):
 PSYoungGen      total 33280K, used 0K [0x00000000ec300000, 0x00000000f1400000, 0x0000000100000000)
  eden space 30720K, 0% used [0x00000000ec300000,0x00000000ec300000,0x00000000ee100000)
  from space 2560K, 0% used [0x00000000ee100000,0x00000000ee100000,0x00000000ee380000)
  to   space 10752K, 0% used [0x00000000f0980000,0x00000000f0980000,0x00000000f1400000)
 ParOldGen       total 43008K, used 14029K [0x00000000c4800000, 0x00000000c7200000, 0x00000000ec300000)
  object space 43008K, 32% used [0x00000000c4800000,0x00000000c55b34b0,0x00000000c7200000)
 Metaspace       used 20941K, capacity 21115K, committed 21296K, reserved 1069056K
  class space    used 1994K, capacity 2053K, committed 2176K, reserved 1048576K
}
Event: 6.901 GC heap before
{Heap before GC invocations=7 (full 1):
 PSYoungGen      total 33280K, used 30720K [0x00000000ec300000, 0x00000000f1400000, 0x0000000100000000)
  eden space 30720K, 100% used [0x00000000ec300000,0x00000000ee100000,0x00000000ee100000)
  from space 2560K, 0% used [0x00000000ee100000,0x00000000ee100000,0x00000000ee380000)
  to   space 10752K, 0% used [0x00000000f0980000,0x00000000f0980000,0x00000000f1400000)
 ParOldGen       total 43008K, used 14029K [0x00000000c4800000, 0x00000000c7200000, 0x00000000ec300000)
  object space 43008K, 32% used [0x00000000c4800000,0x00000000c55b34b0,0x00000000c7200000)
 Metaspace       used 21117K, capacity 21307K, committed 21552K, reserved 1069056K
  class space    used 1994K, capacity 2053K, committed 2176K, reserved 1048576K
Event: 6.906 GC heap after
Heap after GC invocations=7 (full 1):
 PSYoungGen      total 54272K, used 3552K [0x00000000ec300000, 0x00000000f0d00000, 0x0000000100000000)
  eden space 50688K, 0% used [0x00000000ec300000,0x00000000ec300000,0x00000000ef480000)
  from space 3584K, 99% used [0x00000000f0980000,0x00000000f0cf80e0,0x00000000f0d00000)
  to   space 10752K, 0% used [0x00000000ef800000,0x00000000ef800000,0x00000000f0280000)
 ParOldGen       total 43008K, used 14037K [0x00000000c4800000, 0x00000000c7200000, 0x00000000ec300000)
  object space 43008K, 32% used [0x00000000c4800000,0x00000000c55b54b0,0x00000000c7200000)
 Metaspace       used 21117K, capacity 21307K, committed 21552K, reserved 1069056K
  class space    used 1994K, capacity 2053K, committed 2176K, reserved 1048576K
}
Event: 14.715 GC heap before
{Heap before GC invocations=8 (full 1):
 PSYoungGen      total 54272K, used 54240K [0x00000000ec300000, 0x00000000f0d00000, 0x0000000100000000)
  eden space 50688K, 100% used [0x00000000ec300000,0x00000000ef480000,0x00000000ef480000)
  from space 3584K, 99% used [0x00000000f0980000,0x00000000f0cf80e0,0x00000000f0d00000)
  to   space 10752K, 0% used [0x00000000ef800000,0x00000000ef800000,0x00000000f0280000)
 ParOldGen       total 43008K, used 14037K [0x00000000c4800000, 0x00000000c7200000, 0x00000000ec300000)
  object space 43008K, 32% used [0x00000000c4800000,0x00000000c55b54b0,0x00000000c7200000)
 Metaspace       used 21363K, capacity 21627K, committed 21808K, reserved 1069056K
  class space    used 1995K, capacity 2053K, committed 2176K, reserved 1048576K
Event: 14.720 GC heap after
Heap after GC invocations=8 (full 1):
 PSYoungGen      total 65024K, used 3552K [0x00000000ec300000, 0x00000000f2580000, 0x0000000100000000)
  eden space 54272K, 0% used [0x00000000ec300000,0x00000000ec300000,0x00000000ef800000)
  from space 10752K, 33% used [0x00000000ef800000,0x00000000efb780e0,0x00000000f0280000)
  to   space 10240K, 0% used [0x00000000f1b80000,0x00000000f1b80000,0x00000000f2580000)
 ParOldGen       total 43008K, used 14045K [0x00000000c4800000, 0x00000000c7200000, 0x00000000ec300000)
  object space 43008K, 32% used [0x00000000c4800000,0x00000000c55b74b0,0x00000000c7200000)
 Metaspace       used 21363K, capacity 21627K, committed 21808K, reserved 1069056K
  class space    used 1995K, capacity 2053K, committed 2176K, reserved 1048576K
}

