# JRE version: Java(TM) SE Runtime Environment (8.0_45-b14) (build 1.8.0_45-b14)
# Java VM: Java HotSpot(TM) 64-Bit Server VM (25.45-b02 mixed mode linux-amd64 compressed oops)
Heap:
 PSYoungGen      total 102400K, used 73054K [0x00000000ec300000, 0x00000000f3680000, 0x0000000100000000)
  eden space 94720K, 74% used [0x00000000ec300000,0x00000000f07f7938,0x00000000f1f80000)
  from space 7680K, 31% used [0x00000000f2f00000,0x00000000f3160090,0x00000000f3680000)
  to   space 11776K, 0% used [0x00000000f1f80000,0x00000000f1f80000,0x00000000f2b00000)
 ParOldGen       total 46592K, used 17564K [0x00000000c4800000, 0x00000000c7580000, 0x00000000ec300000)
  object space 46592K, 37% used [0x00000000c4800000,0x00000000c5927270,0x00000000c7580000)
 Metaspace       used 21312K, capacity 21531K, committed 21808K, reserved 1069056K
  class space    used 1995K, capacity 2085K, committed 2176K, reserved 1048576K
GC Heap History (10 events):
Event: 4.799 GC heap before
{Heap before GC invocations=5 (full 0):
 PSYoungGen      total 33280K, used 33051K [0x00000000ec300000, 0x00000000ee600000, 0x0000000100000000)
  eden space 30720K, 99% used [0x00000000ec300000,0x00000000ee0c9748,0x00000000ee100000)
  from space 2560K, 99% used [0x00000000ee380000,0x00000000ee5fd660,0x00000000ee600000)
  to   space 2560K, 0% used [0x00000000ee100000,0x00000000ee100000,0x00000000ee380000)
 ParOldGen       total 40960K, used 13438K [0x00000000c4800000, 0x00000000c7000000, 0x00000000ec300000)
  object space 40960K, 32% used [0x00000000c4800000,0x00000000c551fa20,0x00000000c7000000)
 Metaspace       used 20872K, capacity 21045K, committed 21296K, reserved 1069056K
  class space    used 1992K, capacity 2052K, committed 2176K, reserved 1048576K
Event: 4.809 GC heap after
Heap after GC invocations=5 (full 0):
 PSYoungGen      total 33280K, used 2531K [0x00000000ec300000, 0x00000000f1600000, 0x0000000100000000)
  eden space 30720K, 0% used [0x00000000ec300000,0x00000000ec300000,0x00000000ee100000)
  from space 2560K, 98% used [0x00000000ee100000,0x00000000ee378e30,0x00000000ee380000)
  to   space 11776K, 0% used [0x00000000f0a80000,0x00000000f0a80000,0x00000000f1600000)
 ParOldGen       total 40960K, used 19526K [0x00000000c4800000, 0x00000000c7000000, 0x00000000ec300000)
  object space 40960K, 47% used [0x00000000c4800000,0x00000000c5b11b50,0x00000000c7000000)
 Metaspace       used 20872K, capacity 21045K, committed 21296K, reserved 1069056K
  class space    used 1992K, capacity 2052K, committed 2176K, reserved 1048576K
}
Event: 5.134 GC heap before
{Heap before GC invocations=6 (full 0):
 PSYoungGen      total 33280K, used 10067K [0x00000000ec300000, 0x00000000f1600000, 0x0000000100000000)
  eden space 30720K, 24% used [0x00000000ec300000,0x00000000eca5c0e0,0x00000000ee100000)
  from space 2560K, 98% used [0x00000000ee100000,0x00000000ee378e30,0x00000000ee380000)
  to   space 11776K, 0% used [0x00000000f0a80000,0x00000000f0a80000,0x00000000f1600000)
 ParOldGen       total 40960K, used 19526K [0x00000000c4800000, 0x00000000c7000000, 0x00000000ec300000)
  object space 40960K, 47% used [0x00000000c4800000,0x00000000c5b11b50,0x00000000c7000000)
 Metaspace       used 20912K, capacity 21109K, committed 21296K, reserved 1069056K
  class space    used 1992K, capacity 2052K, committed 2176K, reserved 1048576K
Event: 5.141 GC heap after
Heap after GC invocations=6 (full 0):
 PSYoungGen      total 73216K, used 3925K [0x00000000ec300000, 0x00000000f1600000, 0x0000000100000000)
  eden space 61440K, 0% used [0x00000000ec300000,0x00000000ec300000,0x00000000eff00000)
  from space 11776K, 33% used [0x00000000f0a80000,0x00000000f0e556b0,0x00000000f1600000)
  to   space 11776K, 0% used [0x00000000eff00000,0x00000000eff00000,0x00000000f0a80000)
 ParOldGen       total 40960K, used 19526K [0x00000000c4800000, 0x00000000c7000000, 0x00000000ec300000)
  object space 40960K, 47% used [0x00000000c4800000,0x00000000c5b11b50,0x00000000c7000000)
 Metaspace       used 20912K, capacity 21109K, committed 21296K, reserved 1069056K
  class space    used 1992K, capacity 2052K, committed 2176K, reserved 1048576K
}
Event: 5.141 GC heap before
{Heap before GC invocations=7 (full 1):
 PSYoungGen      total 73216K, used 3925K [0x00000000ec300000, 0x00000000f1600000, 0x0000000100000000)
  eden space 61440K, 0% used [0x00000000ec300000,0x00000000ec300000,0x00000000eff00000)
  from space 11776K, 33% used [0x00000000f0a80000,0x00000000f0e556b0,0x00000000f1600000)
  to   space 11776K, 0% used [0x00000000eff00000,0x00000000eff00000,0x00000000f0a80000)
 ParOldGen       total 40960K, used 19526K [0x00000000c4800000, 0x00000000c7000000, 0x00000000ec300000)
  object space 40960K, 47% used [0x00000000c4800000,0x00000000c5b11b50,0x00000000c7000000)
 Metaspace       used 20912K, capacity 21109K, committed 21296K, reserved 1069056K
  class space    used 1992K, capacity 2052K, committed 2176K, reserved 1048576K
Event: 5.176 GC heap after
Heap after GC invocations=7 (full 1):
 PSYoungGen      total 73216K, used 0K [0x00000000ec300000, 0x00000000f1600000, 0x0000000100000000)
  eden space 61440K, 0% used [0x00000000ec300000,0x00000000ec300000,0x00000000eff00000)
  from space 11776K, 0% used [0x00000000f0a80000,0x00000000f0a80000,0x00000000f1600000)
  to   space 11776K, 0% used [0x00000000eff00000,0x00000000eff00000,0x00000000f0a80000)
 ParOldGen       total 46592K, used 17556K [0x00000000c4800000, 0x00000000c7580000, 0x00000000ec300000)
  object space 46592K, 37% used [0x00000000c4800000,0x00000000c5925270,0x00000000c7580000)
 Metaspace       used 20912K, capacity 21109K, committed 21296K, reserved 1069056K
  class space    used 1992K, capacity 2052K, committed 2176K, reserved 1048576K
}
Event: 12.863 GC heap before
{Heap before GC invocations=8 (full 1):
 PSYoungGen      total 73216K, used 61440K [0x00000000ec300000, 0x00000000f1600000, 0x0000000100000000)
  eden space 61440K, 100% used [0x00000000ec300000,0x00000000eff00000,0x00000000eff00000)
  from space 11776K, 0% used [0x00000000f0a80000,0x00000000f0a80000,0x00000000f1600000)
  to   space 11776K, 0% used [0x00000000eff00000,0x00000000eff00000,0x00000000f0a80000)
 ParOldGen       total 46592K, used 17556K [0x00000000c4800000, 0x00000000c7580000, 0x00000000ec300000)
  object space 46592K, 37% used [0x00000000c4800000,0x00000000c5925270,0x00000000c7580000)
 Metaspace       used 21290K, capacity 21493K, committed 21808K, reserved 1069056K
  class space    used 1992K, capacity 2052K, committed 2176K, reserved 1048576K
Event: 12.866 GC heap after
Heap after GC invocations=8 (full 1):
 PSYoungGen      total 73216K, used 2496K [0x00000000ec300000, 0x00000000f3a80000, 0x0000000100000000)
  eden space 61440K, 0% used [0x00000000ec300000,0x00000000ec300000,0x00000000eff00000)
  from space 11776K, 21% used [0x00000000eff00000,0x00000000f0170090,0x00000000f0a80000)
  to   space 11776K, 0% used [0x00000000f2f00000,0x00000000f2f00000,0x00000000f3a80000)
 ParOldGen       total 46592K, used 17564K [0x00000000c4800000, 0x00000000c7580000, 0x00000000ec300000)
  object space 46592K, 37% used [0x00000000c4800000,0x00000000c5927270,0x00000000c7580000)
 Metaspace       used 21290K, capacity 21493K, committed 21808K, reserved 1069056K
  class space    used 1992K, capacity 2052K, committed 2176K, reserved 1048576K
}
Event: 22.516 GC heap before
{Heap before GC invocations=9 (full 1):
 PSYoungGen      total 73216K, used 63936K [0x00000000ec300000, 0x00000000f3a80000, 0x0000000100000000)
  eden space 61440K, 100% used [0x00000000ec300000,0x00000000eff00000,0x00000000eff00000)
  from space 11776K, 21% used [0x00000000eff00000,0x00000000f0170090,0x00000000f0a80000)
  to   space 11776K, 0% used [0x00000000f2f00000,0x00000000f2f00000,0x00000000f3a80000)
 ParOldGen       total 46592K, used 17564K [0x00000000c4800000, 0x00000000c7580000, 0x00000000ec300000)
  object space 46592K, 37% used [0x00000000c4800000,0x00000000c5927270,0x00000000c7580000)
 Metaspace       used 21292K, capacity 21493K, committed 21808K, reserved 1069056K
  class space    used 1992K, capacity 2052K, committed 2176K, reserved 1048576K
Event: 22.521 GC heap after
Heap after GC invocations=9 (full 1):
 PSYoungGen      total 102400K, used 2432K [0x00000000ec300000, 0x00000000f3680000, 0x0000000100000000)
  eden space 94720K, 0% used [0x00000000ec300000,0x00000000ec300000,0x00000000f1f80000)
  from space 7680K, 31% used [0x00000000f2f00000,0x00000000f3160090,0x00000000f3680000)
  to   space 11776K, 0% used [0x00000000f1f80000,0x00000000f1f80000,0x00000000f2b00000)
 ParOldGen       total 46592K, used 17564K [0x00000000c4800000, 0x00000000c7580000, 0x00000000ec300000)
  object space 46592K, 37% used [0x00000000c4800000,0x00000000c5927270,0x00000000c7580000)
 Metaspace       used 21292K, capacity 21493K, committed 21808K, reserved 1069056K
  class space    used 1992K, capacity 2052K, committed 2176K, reserved 1048576K
}

