# JRE version: Java(TM) SE Runtime Environment (8.0_45-b14) (build 1.8.0_45-b14)
# Java VM: Java HotSpot(TM) 64-Bit Server VM (25.45-b02 mixed mode linux-amd64 compressed oops)
Heap:
 PSYoungGen      total 65536K, used 13964K [0x00000000ec300000, 0x00000000f1b00000, 0x0000000100000000)
  eden space 54272K, 19% used [0x00000000ec300000,0x00000000ecd2b0d8,0x00000000ef800000)
  from space 11264K, 31% used [0x00000000ef800000,0x00000000efb780e0,0x00000000f0300000)
  to   space 10752K, 0% used [0x00000000f1080000,0x00000000f1080000,0x00000000f1b00000)
 ParOldGen       total 46080K, used 14856K [0x00000000c4800000, 0x00000000c7500000, 0x00000000ec300000)
  object space 46080K, 32% used [0x00000000c4800000,0x00000000c56823a0,0x00000000c7500000)
 Metaspace       used 21356K, capacity 21595K, committed 21808K, reserved 1069056K
  class space    used 1997K, capacity 2085K, committed 2176K, reserved 1048576K
GC Heap History (10 events):
Event: 4.626 GC heap before
{Heap before GC invocations=4 (full 0):
 PSYoungGen      total 33280K, used 33079K [0x00000000ec300000, 0x00000000f0400000, 0x0000000100000000)
  eden space 30720K, 99% used [0x00000000ec300000,0x00000000ee0d5720,0x00000000ee100000)
  from space 2560K, 98% used [0x00000000ee100000,0x00000000ee378780,0x00000000ee380000)
  to   space 2560K, 0% used [0x00000000f0180000,0x00000000f0180000,0x00000000f0400000)
 ParOldGen       total 40960K, used 11811K [0x00000000c4800000, 0x00000000c7000000, 0x00000000ec300000)
  object space 40960K, 28% used [0x00000000c4800000,0x00000000c5388d70,0x00000000c7000000)
 Metaspace       used 20936K, capacity 21115K, committed 21296K, reserved 1069056K
  class space    used 1994K, capacity 2053K, committed 2176K, reserved 1048576K
Event: 4.636 GC heap after
Heap after GC invocations=4 (full 0):
 PSYoungGen      total 33280K, used 2547K [0x00000000ec300000, 0x00000000f0400000, 0x0000000100000000)
  eden space 30720K, 0% used [0x00000000ec300000,0x00000000ec300000,0x00000000ee100000)
  from space 2560K, 99% used [0x00000000f0180000,0x00000000f03fcfb0,0x00000000f0400000)
  to   space 2560K, 0% used [0x00000000ee100000,0x00000000ee100000,0x00000000ee380000)
 ParOldGen       total 40960K, used 15119K [0x00000000c4800000, 0x00000000c7000000, 0x00000000ec300000)
  object space 40960K, 36% used [0x00000000c4800000,0x00000000c56c3f18,0x00000000c7000000)
 Metaspace       used 20936K, capacity 21115K, committed 21296K, reserved 1069056K
  class space    used 1994K, capacity 2053K, committed 2176K, reserved 1048576K
}
Event: 4.828 GC heap before
{Heap before GC invocations=5 (full 0):
 PSYoungGen      total 33280K, used 6322K [0x00000000ec300000, 0x00000000f0400000, 0x0000000100000000)
  eden space 30720K, 12% used [0x00000000ec300000,0x00000000ec6afc10,0x00000000ee100000)
  from space 2560K, 99% used [0x00000000f0180000,0x00000000f03fcfb0,0x00000000f0400000)
  to   space 2560K, 0% used [0x00000000ee100000,0x00000000ee100000,0x00000000ee380000)
 ParOldGen       total 40960K, used 15119K [0x00000000c4800000, 0x00000000c7000000, 0x00000000ec300000)
  object space 40960K, 36% used [0x00000000c4800000,0x00000000c56c3f18,0x00000000c7000000)
 Metaspace       used 20952K, capacity 21115K, committed 21296K, reserved 1069056K
  class space    used 1994K, capacity 2053K, committed 2176K, reserved 1048576K
Event: 4.834 GC heap after
Heap after GC invocations=5 (full 0):
 PSYoungGen      total 33280K, used 2355K [0x00000000ec300000, 0x00000000f1600000, 0x0000000100000000)
  eden space 30720K, 0% used [0x00000000ec300000,0x00000000ec300000,0x00000000ee100000)
  from space 2560K, 92% used [0x00000000ee100000,0x00000000ee34cfa0,0x00000000ee380000)
  to   space 11776K, 0% used [0x00000000f0a80000,0x00000000f0a80000,0x00000000f1600000)
 ParOldGen       total 40960K, used 15375K [0x00000000c4800000, 0x00000000c7000000, 0x00000000ec300000)
  object space 40960K, 37% used [0x00000000c4800000,0x00000000c5703f28,0x00000000c7000000)
 Metaspace       used 20952K, capacity 21115K, committed 21296K, reserved 1069056K
  class space    used 1994K, capacity 2053K, committed 2176K, reserved 1048576K
}
Event: 4.834 GC heap before
{Heap before GC invocations=6 (full 1):
 PSYoungGen      total 33280K, used 2355K [0x00000000ec300000, 0x00000000f1600000, 0x0000000100000000)
  eden space 30720K, 0% used [0x00000000ec300000,0x00000000ec300000,0x00000000ee100000)
  from space 2560K, 92% used [0x00000000ee100000,0x00000000ee34cfa0,0x00000000ee380000)
  to   space 11776K, 0% used [0x00000000f0a80000,0x00000000f0a80000,0x00000000f1600000)
 ParOldGen       total 40960K, used 15375K [0x00000000c4800000, 0x00000000c7000000, 0x00000000ec300000)
  object space 40960K, 37% used [0x00000000c4800000,0x00000000c5703f28,0x00000000c7000000)
 Metaspace       used 20952K, capacity 21115K, committed 21296K, reserved 1069056K
  class space    used 1994K, capacity 2053K, committed 2176K, reserved 1048576K
Event: 4.883 GC heap after
Heap after GC invocations=6 (full 1):
 PSYoungGen      total 33280K, used 0K [0x00000000ec300000, 0x00000000f1600000, 0x0000000100000000)
  eden space 30720K, 0% used [0x00000000ec300000,0x00000000ec300000,0x00000000ee100000)
  from space 2560K, 0% used [0x00000000ee100000,0x00000000ee100000,0x00000000ee380000)
  to   space 11776K, 0% used [0x00000000f0a80000,0x00000000f0a80000,0x00000000f1600000)
 ParOldGen       total 46080K, used 14840K [0x00000000c4800000, 0x00000000c7500000, 0x00000000ec300000)
  object space 46080K, 32% used [0x00000000c4800000,0x00000000c567e3a0,0x00000000c7500000)
 Metaspace       used 20952K, capacity 21115K, committed 21296K, reserved 1069056K
  class space    used 1994K, capacity 2053K, committed 2176K, reserved 1048576K
}
Event: 6.891 GC heap before
{Heap before GC invocations=7 (full 1):
 PSYoungGen      total 33280K, used 30720K [0x00000000ec300000, 0x00000000f1600000, 0x0000000100000000)
  eden space 30720K, 100% used [0x00000000ec300000,0x00000000ee100000,0x00000000ee100000)
  from space 2560K, 0% used [0x00000000ee100000,0x00000000ee100000,0x00000000ee380000)
  to   space 11776K, 0% used [0x00000000f0a80000,0x00000000f0a80000,0x00000000f1600000)
 ParOldGen       total 46080K, used 14840K [0x00000000c4800000, 0x00000000c7500000, 0x00000000ec300000)
  object space 46080K, 32% used [0x00000000c4800000,0x00000000c567e3a0,0x00000000c7500000)
 Metaspace       used 21105K, capacity 21307K, committed 21552K, reserved 1069056K
  class space    used 1994K, capacity 2053K, committed 2176K, reserved 1048576K
Event: 6.894 GC heap after
Heap after GC invocations=7 (full 1):
 PSYoungGen      total 50688K, used 3104K [0x00000000ec300000, 0x00000000f0e00000, 0x0000000100000000)
  eden space 47104K, 0% used [0x00000000ec300000,0x00000000ec300000,0x00000000ef100000)
  from space 3584K, 86% used [0x00000000f0a80000,0x00000000f0d880c0,0x00000000f0e00000)
  to   space 11264K, 0% used [0x00000000ef800000,0x00000000ef800000,0x00000000f0300000)
 ParOldGen       total 46080K, used 14848K [0x00000000c4800000, 0x00000000c7500000, 0x00000000ec300000)
  object space 46080K, 32% used [0x00000000c4800000,0x00000000c56803a0,0x00000000c7500000)
 Metaspace       used 21105K, capacity 21307K, committed 21552K, reserved 1069056K
  class space    used 1994K, capacity 2053K, committed 2176K, reserved 1048576K
}
Event: 13.409 GC heap before
{Heap before GC invocations=8 (full 1):
 PSYoungGen      total 50688K, used 50208K [0x00000000ec300000, 0x00000000f0e00000, 0x0000000100000000)
  eden space 47104K, 100% used [0x00000000ec300000,0x00000000ef100000,0x00000000ef100000)
  from space 3584K, 86% used [0x00000000f0a80000,0x00000000f0d880c0,0x00000000f0e00000)
  to   space 11264K, 0% used [0x00000000ef800000,0x00000000ef800000,0x00000000f0300000)
 ParOldGen       total 46080K, used 14848K [0x00000000c4800000, 0x00000000c7500000, 0x00000000ec300000)
  object space 46080K, 32% used [0x00000000c4800000,0x00000000c56803a0,0x00000000c7500000)
 Metaspace       used 21341K, capacity 21499K, committed 21808K, reserved 1069056K
  class space    used 1994K, capacity 2053K, committed 2176K, reserved 1048576K
Event: 13.415 GC heap after
Heap after GC invocations=8 (full 1):
 PSYoungGen      total 65536K, used 3552K [0x00000000ec300000, 0x00000000f1b00000, 0x0000000100000000)
  eden space 54272K, 0% used [0x00000000ec300000,0x00000000ec300000,0x00000000ef800000)
  from space 11264K, 31% used [0x00000000ef800000,0x00000000efb780e0,0x00000000f0300000)
  to   space 10752K, 0% used [0x00000000f1080000,0x00000000f1080000,0x00000000f1b00000)
 ParOldGen       total 46080K, used 14856K [0x00000000c4800000, 0x00000000c7500000, 0x00000000ec300000)
  object space 46080K, 32% used [0x00000000c4800000,0x00000000c56823a0,0x00000000c7500000)
 Metaspace       used 21341K, capacity 21499K, committed 21808K, reserved 1069056K
  class space    used 1994K, capacity 2053K, committed 2176K, reserved 1048576K
}

