# JRE version: Java(TM) SE Runtime Environment (8.0_45-b14) (build 1.8.0_45-b14)
# Java VM: Java HotSpot(TM) 64-Bit Server VM (25.45-b02 mixed mode linux-amd64 compressed oops)
Heap:
 PSYoungGen      total 40960K, used 3306K [0x00000000ec300000, 0x00000000f0700000, 0x0000000100000000)
  eden space 30720K, 5% used [0x00000000ec300000,0x00000000ec4927e0,0x00000000ee100000)
  from space 10240K, 16% used [0x00000000ee100000,0x00000000ee2a8060,0x00000000eeb00000)
  to   space 10752K, 0% used [0x00000000efc80000,0x00000000efc80000,0x00000000f0700000)
 ParOldGen       total 44544K, used 15780K [0x00000000c4800000, 0x00000000c7380000, 0x00000000ec300000)
  object space 44544K, 35% used [0x00000000c4800000,0x00000000c57693a8,0x00000000c7380000)
 Metaspace       used 21232K, capacity 21435K, committed 21808K, reserved 1069056K
  class space    used 1992K, capacity 2053K, committed 2176K, reserved 1048576K
GC Heap History (10 events):
Event: 3.539 GC heap before
{Heap before GC invocations=4 (full 0):
 PSYoungGen      total 17920K, used 17864K [0x00000000ec300000, 0x00000000ee600000, 0x0000000100000000)
  eden space 15360K, 99% used [0x00000000ec300000,0x00000000ed1fa188,0x00000000ed200000)
  from space 2560K, 98% used [0x00000000ed200000,0x00000000ed478060,0x00000000ed480000)
  to   space 2560K, 0% used [0x00000000ee380000,0x00000000ee380000,0x00000000ee600000)
 ParOldGen       total 40960K, used 6327K [0x00000000c4800000, 0x00000000c7000000, 0x00000000ec300000)
  object space 40960K, 15% used [0x00000000c4800000,0x00000000c4e2dfb0,0x00000000c7000000)
 Metaspace       used 20147K, capacity 20375K, committed 20480K, reserved 1067008K
  class space    used 1959K, capacity 2047K, committed 2048K, reserved 1048576K
Event: 3.548 GC heap after
Heap after GC invocations=4 (full 0):
 PSYoungGen      total 33280K, used 2538K [0x00000000ec300000, 0x00000000ee600000, 0x0000000100000000)
  eden space 30720K, 0% used [0x00000000ec300000,0x00000000ec300000,0x00000000ee100000)
  from space 2560K, 99% used [0x00000000ee380000,0x00000000ee5fa8e0,0x00000000ee600000)
  to   space 2560K, 0% used [0x00000000ee100000,0x00000000ee100000,0x00000000ee380000)
 ParOldGen       total 40960K, used 13742K [0x00000000c4800000, 0x00000000c7000000, 0x00000000ec300000)
  object space 40960K, 33% used [0x00000000c4800000,0x00000000c556b9b8,0x00000000c7000000)
 Metaspace       used 20147K, capacity 20375K, committed 20480K, reserved 1067008K
  class space    used 1959K, capacity 2047K, committed 2048K, reserved 1048576K
}
Event: 4.815 GC heap before
{Heap before GC invocations=5 (full 0):
 PSYoungGen      total 33280K, used 33258K [0x00000000ec300000, 0x00000000ee600000, 0x0000000100000000)
  eden space 30720K, 100% used [0x00000000ec300000,0x00000000ee100000,0x00000000ee100000)
  from space 2560K, 99% used [0x00000000ee380000,0x00000000ee5fa8e0,0x00000000ee600000)
  to   space 2560K, 0% used [0x00000000ee100000,0x00000000ee100000,0x00000000ee380000)
 ParOldGen       total 40960K, used 13742K [0x00000000c4800000, 0x00000000c7000000, 0x00000000ec300000)
  object space 40960K, 33% used [0x00000000c4800000,0x00000000c556b9b8,0x00000000c7000000)
 Metaspace       used 20925K, capacity 21109K, committed 21296K, reserved 1069056K
  class space    used 1989K, capacity 2052K, committed 2176K, reserved 1048576K
Event: 4.824 GC heap after
Heap after GC invocations=5 (full 0):
 PSYoungGen      total 32768K, used 2544K [0x00000000ec300000, 0x00000000ef580000, 0x0000000100000000)
  eden space 30208K, 0% used [0x00000000ec300000,0x00000000ec300000,0x00000000ee080000)
  from space 2560K, 99% used [0x00000000ee100000,0x00000000ee37c100,0x00000000ee380000)
  to   space 10752K, 0% used [0x00000000eeb00000,0x00000000eeb00000,0x00000000ef580000)
 ParOldGen       total 40960K, used 17742K [0x00000000c4800000, 0x00000000c7000000, 0x00000000ec300000)
  object space 40960K, 43% used [0x00000000c4800000,0x00000000c5953938,0x00000000c7000000)
 Metaspace       used 20925K, capacity 21109K, committed 21296K, reserved 1069056K
  class space    used 1989K, capacity 2052K, committed 2176K, reserved 1048576K
}
Event: 5.098 GC heap before
{Heap before GC invocations=6 (full 0):
 PSYoungGen      total 32768K, used 10217K [0x00000000ec300000, 0x00000000ef580000, 0x0000000100000000)
  eden space 30208K, 25% used [0x00000000ec300000,0x00000000eca7e498,0x00000000ee080000)
  from space 2560K, 99% used [0x00000000ee100000,0x00000000ee37c100,0x00000000ee380000)
  to   space 10752K, 0% used [0x00000000eeb00000,0x00000000eeb00000,0x00000000ef580000)
 ParOldGen       total 40960K, used 17742K [0x00000000c4800000, 0x00000000c7000000, 0x00000000ec300000)
  object space 40960K, 43% used [0x00000000c4800000,0x00000000c5953938,0x00000000c7000000)
 Metaspace       used 20950K, capacity 21109K, committed 21296K, reserved 1069056K
  class space    used 1989K, capacity 2052K, committed 2176K, reserved 1048576K
Event: 5.106 GC heap after
Heap after GC invocations=6 (full 0):
 PSYoungGen      total 41472K, used 4194K [0x00000000ec300000, 0x00000000f1200000, 0x0000000100000000)
  eden space 30720K, 0% used [0x00000000ec300000,0x00000000ec300000,0x00000000ee100000)
  from space 10752K, 39% used [0x00000000eeb00000,0x00000000eef189a0,0x00000000ef580000)
  to   space 10240K, 0% used [0x00000000ee100000,0x00000000ee100000,0x00000000eeb00000)
 ParOldGen       total 40960K, used 17742K [0x00000000c4800000, 0x00000000c7000000, 0x00000000ec300000)
  object space 40960K, 43% used [0x00000000c4800000,0x00000000c5953938,0x00000000c7000000)
 Metaspace       used 20950K, capacity 21109K, committed 21296K, reserved 1069056K
  class space    used 1989K, capacity 2052K, committed 2176K, reserved 1048576K
}
Event: 5.106 GC heap before
{Heap before GC invocations=7 (full 1):
 PSYoungGen      total 41472K, used 4194K [0x00000000ec300000, 0x00000000f1200000, 0x0000000100000000)
  eden space 30720K, 0% used [0x00000000ec300000,0x00000000ec300000,0x00000000ee100000)
  from space 10752K, 39% used [0x00000000eeb00000,0x00000000eef189a0,0x00000000ef580000)
  to   space 10240K, 0% used [0x00000000ee100000,0x00000000ee100000,0x00000000eeb00000)
 ParOldGen       total 40960K, used 17742K [0x00000000c4800000, 0x00000000c7000000, 0x00000000ec300000)
  object space 40960K, 43% used [0x00000000c4800000,0x00000000c5953938,0x00000000c7000000)
 Metaspace       used 20950K, capacity 21109K, committed 21296K, reserved 1069056K
  class space    used 1989K, capacity 2052K, committed 2176K, reserved 1048576K
Event: 5.146 GC heap after
Heap after GC invocations=7 (full 1):
 PSYoungGen      total 41472K, used 0K [0x00000000ec300000, 0x00000000f1200000, 0x0000000100000000)
  eden space 30720K, 0% used [0x00000000ec300000,0x00000000ec300000,0x00000000ee100000)
  from space 10752K, 0% used [0x00000000eeb00000,0x00000000eeb00000,0x00000000ef580000)
  to   space 10240K, 0% used [0x00000000ee100000,0x00000000ee100000,0x00000000eeb00000)
 ParOldGen       total 44544K, used 15772K [0x00000000c4800000, 0x00000000c7380000, 0x00000000ec300000)
  object space 44544K, 35% used [0x00000000c4800000,0x00000000c57673a8,0x00000000c7380000)
 Metaspace       used 20950K, capacity 21109K, committed 21296K, reserved 1069056K
  class space    used 1989K, capacity 2052K, committed 2176K, reserved 1048576K
}
Event: 8.637 GC heap before
{Heap before GC invocations=8 (full 1):
 PSYoungGen      total 41472K, used 30720K [0x00000000ec300000, 0x00000000f1200000, 0x0000000100000000)
  eden space 30720K, 100% used [0x00000000ec300000,0x00000000ee100000,0x00000000ee100000)
  from space 10752K, 0% used [0x00000000eeb00000,0x00000000eeb00000,0x00000000ef580000)
  to   space 10240K, 0% used [0x00000000ee100000,0x00000000ee100000,0x00000000eeb00000)
 ParOldGen       total 44544K, used 15772K [0x00000000c4800000, 0x00000000c7380000, 0x00000000ec300000)
  object space 44544K, 35% used [0x00000000c4800000,0x00000000c57673a8,0x00000000c7380000)
 Metaspace       used 21220K, capacity 21435K, committed 21808K, reserved 1069056K
  class space    used 1990K, capacity 2053K, committed 2176K, reserved 1048576K
Event: 8.638 GC heap after
Heap after GC invocations=8 (full 1):
 PSYoungGen      total 40960K, used 1696K [0x00000000ec300000, 0x00000000f0700000, 0x0000000100000000)
  eden space 30720K, 0% used [0x00000000ec300000,0x00000000ec300000,0x00000000ee100000)
  from space 10240K, 16% used [0x00000000ee100000,0x00000000ee2a8060,0x00000000eeb00000)
  to   space 10752K, 0% used [0x00000000efc80000,0x00000000efc80000,0x00000000f0700000)
 ParOldGen       total 44544K, used 15780K [0x00000000c4800000, 0x00000000c7380000, 0x00000000ec300000)
  object space 44544K, 35% used [0x00000000c4800000,0x00000000c57693a8,0x00000000c7380000)
 Metaspace       used 21220K, capacity 21435K, committed 21808K, reserved 1069056K
  class space    used 1990K, capacity 2053K, committed 2176K, reserved 1048576K
}

