# JRE version: Java(TM) SE Runtime Environment (8.0_45-b14) (build 1.8.0_45-b14)
# Java VM: Java HotSpot(TM) 64-Bit Server VM (25.45-b02 mixed mode linux-amd64 compressed oops)
Heap:
 PSYoungGen      total 20992K, used 964K [0x00000000ec300000, 0x00000000ed880000, 0x0000000100000000)
  eden space 20480K, 4% used [0x00000000ec300000,0x00000000ec3d9288,0x00000000ed700000)
  from space 512K, 18% used [0x00000000ed780000,0x00000000ed798000,0x00000000ed800000)
  to   space 512K, 0% used [0x00000000ed800000,0x00000000ed800000,0x00000000ed880000)
 ParOldGen       total 45056K, used 18492K [0x00000000c4800000, 0x00000000c7400000, 0x00000000ec300000)
  object space 45056K, 41% used [0x00000000c4800000,0x00000000c5a0f278,0x00000000c7400000)
 Metaspace       used 21353K, capacity 21595K, committed 21808K, reserved 1069056K
  class space    used 1996K, capacity 2085K, committed 2176K, reserved 1048576K
GC Heap History (10 events):
Event: 614.524 GC heap before
{Heap before GC invocations=88 (full 1):
 PSYoungGen      total 20992K, used 20544K [0x00000000ec300000, 0x00000000ed880000, 0x0000000100000000)
  eden space 20480K, 100% used [0x00000000ec300000,0x00000000ed700000,0x00000000ed700000)
  from space 512K, 12% used [0x00000000ed800000,0x00000000ed810000,0x00000000ed880000)
  to   space 512K, 0% used [0x00000000ed780000,0x00000000ed780000,0x00000000ed800000)
 ParOldGen       total 45056K, used 18492K [0x00000000c4800000, 0x00000000c7400000, 0x00000000ec300000)
  object space 45056K, 41% used [0x00000000c4800000,0x00000000c5a0f278,0x00000000c7400000)
 Metaspace       used 21318K, capacity 21499K, committed 21808K, reserved 1069056K
  class space    used 1995K, capacity 2053K, committed 2176K, reserved 1048576K
Event: 614.528 GC heap after
Heap after GC invocations=88 (full 1):
 PSYoungGen      total 20992K, used 96K [0x00000000ec300000, 0x00000000ed880000, 0x0000000100000000)
  eden space 20480K, 0% used [0x00000000ec300000,0x00000000ec300000,0x00000000ed700000)
  from space 512K, 18% used [0x00000000ed780000,0x00000000ed798000,0x00000000ed800000)
  to   space 512K, 0% used [0x00000000ed800000,0x00000000ed800000,0x00000000ed880000)
 ParOldGen       total 45056K, used 18492K [0x00000000c4800000, 0x00000000c7400000, 0x00000000ec300000)
  object space 45056K, 41% used [0x00000000c4800000,0x00000000c5a0f278,0x00000000c7400000)
 Metaspace       used 21318K, capacity 21499K, committed 21808K, reserved 1069056K
  class space    used 1995K, capacity 2053K, committed 2176K, reserved 1048576K
}
Event: 617.788 GC heap before
{Heap before GC invocations=89 (full 1):
 PSYoungGen      total 20992K, used 20576K [0x00000000ec300000, 0x00000000ed880000, 0x0000000100000000)
  eden space 20480K, 100% used [0x00000000ec300000,0x00000000ed700000,0x00000000ed700000)
  from space 512K, 18% used [0x00000000ed780000,0x00000000ed798000,0x00000000ed800000)
  to   space 512K, 0% used [0x00000000ed800000,0x00000000ed800000,0x00000000ed880000)
 ParOldGen       total 45056K, used 18492K [0x00000000c4800000, 0x00000000c7400000, 0x00000000ec300000)
  object space 45056K, 41% used [0x00000000c4800000,0x00000000c5a0f278,0x00000000c7400000)
 Metaspace       used 21318K, capacity 21499K, committed 21808K, reserved 1069056K
  class space    used 1995K, capacity 2053K, committed 2176K, reserved 1048576K
Event: 617.792 GC heap after
Heap after GC invocations=89 (full 1):
 PSYoungGen      total 20992K, used 64K [0x00000000ec300000, 0x00000000ed880000, 0x0000000100000000)
  eden space 20480K, 0% used [0x00000000ec300000,0x00000000ec300000,0x00000000ed700000)
  from space 512K, 12% used [0x00000000ed800000,0x00000000ed810000,0x00000000ed880000)
  to   space 512K, 0% used [0x00000000ed780000,0x00000000ed780000,0x00000000ed800000)
 ParOldGen       total 45056K, used 18492K [0x00000000c4800000, 0x00000000c7400000, 0x00000000ec300000)
  object space 45056K, 41% used [0x00000000c4800000,0x00000000c5a0f278,0x00000000c7400000)
 Metaspace       used 21318K, capacity 21499K, committed 21808K, reserved 1069056K
  class space    used 1995K, capacity 2053K, committed 2176K, reserved 1048576K
}
Event: 621.059 GC heap before
{Heap before GC invocations=90 (full 1):
 PSYoungGen      total 20992K, used 20544K [0x00000000ec300000, 0x00000000ed880000, 0x0000000100000000)
  eden space 20480K, 100% used [0x00000000ec300000,0x00000000ed700000,0x00000000ed700000)
  from space 512K, 12% used [0x00000000ed800000,0x00000000ed810000,0x00000000ed880000)
  to   space 512K, 0% used [0x00000000ed780000,0x00000000ed780000,0x00000000ed800000)
 ParOldGen       total 45056K, used 18492K [0x00000000c4800000, 0x00000000c7400000, 0x00000000ec300000)
  object space 45056K, 41% used [0x00000000c4800000,0x00000000c5a0f278,0x00000000c7400000)
 Metaspace       used 21318K, capacity 21499K, committed 21808K, reserved 1069056K
  class space    used 1995K, capacity 2053K, committed 2176K, reserved 1048576K
Event: 621.063 GC heap after
Heap after GC invocations=90 (full 1):
 PSYoungGen      total 20992K, used 64K [0x00000000ec300000, 0x00000000ed880000, 0x0000000100000000)
  eden space 20480K, 0% used [0x00000000ec300000,0x00000000ec300000,0x00000000ed700000)
  from space 512K, 12% used [0x00000000ed780000,0x00000000ed790000,0x00000000ed800000)
  to   space 512K, 0% used [0x00000000ed800000,0x00000000ed800000,0x00000000ed880000)
 ParOldGen       total 45056K, used 18492K [0x00000000c4800000, 0x00000000c7400000, 0x00000000ec300000)
  object space 45056K, 41% used [0x00000000c4800000,0x00000000c5a0f278,0x00000000c7400000)
 Metaspace       used 21318K, capacity 21499K, committed 21808K, reserved 1069056K
  class space    used 1995K, capacity 2053K, committed 2176K, reserved 1048576K
}
Event: 624.546 GC heap before
{Heap before GC invocations=91 (full 1):
 PSYoungGen      total 20992K, used 20544K [0x00000000ec300000, 0x00000000ed880000, 0x0000000100000000)
  eden space 20480K, 100% used [0x00000000ec300000,0x00000000ed700000,0x00000000ed700000)
  from space 512K, 12% used [0x00000000ed780000,0x00000000ed790000,0x00000000ed800000)
  to   space 512K, 0% used [0x00000000ed800000,0x00000000ed800000,0x00000000ed880000)
 ParOldGen       total 45056K, used 18492K [0x00000000c4800000, 0x00000000c7400000, 0x00000000ec300000)
  object space 45056K, 41% used [0x00000000c4800000,0x00000000c5a0f278,0x00000000c7400000)
 Metaspace       used 21318K, capacity 21499K, committed 21808K, reserved 1069056K
  class space    used 1995K, capacity 2053K, committed 2176K, reserved 1048576K
Event: 624.550 GC heap after
Heap after GC invocations=91 (full 1):
 PSYoungGen      total 20992K, used 64K [0x00000000ec300000, 0x00000000ed880000, 0x0000000100000000)
  eden space 20480K, 0% used [0x00000000ec300000,0x00000000ec300000,0x00000000ed700000)
  from space 512K, 12% used [0x00000000ed800000,0x00000000ed810000,0x00000000ed880000)
  to   space 512K, 0% used [0x00000000ed780000,0x00000000ed780000,0x00000000ed800000)
 ParOldGen       total 45056K, used 18492K [0x00000000c4800000, 0x00000000c7400000, 0x00000000ec300000)
  object space 45056K, 41% used [0x00000000c4800000,0x00000000c5a0f278,0x00000000c7400000)
 Metaspace       used 21318K, capacity 21499K, committed 21808K, reserved 1069056K
  class space    used 1995K, capacity 2053K, committed 2176K, reserved 1048576K
}
Event: 627.859 GC heap before
{Heap before GC invocations=92 (full 1):
 PSYoungGen      total 20992K, used 20544K [0x00000000ec300000, 0x00000000ed880000, 0x0000000100000000)
  eden space 20480K, 100% used [0x00000000ec300000,0x00000000ed700000,0x00000000ed700000)
  from space 512K, 12% used [0x00000000ed800000,0x00000000ed810000,0x00000000ed880000)
  to   space 512K, 0% used [0x00000000ed780000,0x00000000ed780000,0x00000000ed800000)
 ParOldGen       total 45056K, used 18492K [0x00000000c4800000, 0x00000000c7400000, 0x00000000ec300000)
  object space 45056K, 41% used [0x00000000c4800000,0x00000000c5a0f278,0x00000000c7400000)
 Metaspace       used 21343K, capacity 21499K, committed 21808K, reserved 1069056K
  class space    used 1995K, capacity 2053K, committed 2176K, reserved 1048576K
Event: 627.864 GC heap after
Heap after GC invocations=92 (full 1):
 PSYoungGen      total 20992K, used 96K [0x00000000ec300000, 0x00000000ed880000, 0x0000000100000000)
  eden space 20480K, 0% used [0x00000000ec300000,0x00000000ec300000,0x00000000ed700000)
  from space 512K, 18% used [0x00000000ed780000,0x00000000ed798000,0x00000000ed800000)
  to   space 512K, 0% used [0x00000000ed800000,0x00000000ed800000,0x00000000ed880000)
 ParOldGen       total 45056K, used 18492K [0x00000000c4800000, 0x00000000c7400000, 0x00000000ec300000)
  object space 45056K, 41% used [0x00000000c4800000,0x00000000c5a0f278,0x00000000c7400000)
 Metaspace       used 21343K, capacity 21499K, committed 21808K, reserved 1069056K
  class space    used 1995K, capacity 2053K, committed 2176K, reserved 1048576K
}

