# JRE version: Java(TM) SE Runtime Environment (8.0_45-b14) (build 1.8.0_45-b14)
# Java VM: Java HotSpot(TM) 64-Bit Server VM (25.45-b02 mixed mode linux-amd64 compressed oops)
Heap:
 PSYoungGen      total 15872K, used 8411K [0x00000000ec300000, 0x00000000ed380000, 0x0000000100000000)
  eden space 15360K, 54% used [0x00000000ec300000,0x00000000ecb26f88,0x00000000ed200000)
  from space 512K, 12% used [0x00000000ed280000,0x00000000ed290000,0x00000000ed300000)
  to   space 512K, 0% used [0x00000000ed300000,0x00000000ed300000,0x00000000ed380000)
 ParOldGen       total 41984K, used 32479K [0x00000000c4800000, 0x00000000c7100000, 0x00000000ec300000)
  object space 41984K, 77% used [0x00000000c4800000,0x00000000c67b7f88,0x00000000c7100000)
 Metaspace       used 21471K, capacity 21627K, committed 22064K, reserved 1069056K
  class space    used 1994K, capacity 2053K, committed 2176K, reserved 1048576K
GC Heap History (10 events):
Event: 732.499 GC heap before
{Heap before GC invocations=142 (full 1):
 PSYoungGen      total 16384K, used 15424K [0x00000000ec300000, 0x00000000ed400000, 0x0000000100000000)
  eden space 15360K, 100% used [0x00000000ec300000,0x00000000ed200000,0x00000000ed200000)
  from space 1024K, 6% used [0x00000000ed300000,0x00000000ed310000,0x00000000ed400000)
  to   space 1024K, 0% used [0x00000000ed200000,0x00000000ed200000,0x00000000ed300000)
 ParOldGen       total 41984K, used 32479K [0x00000000c4800000, 0x00000000c7100000, 0x00000000ec300000)
  object space 41984K, 77% used [0x00000000c4800000,0x00000000c67b7f88,0x00000000c7100000)
 Metaspace       used 21428K, capacity 21627K, committed 22064K, reserved 1069056K
  class space    used 1992K, capacity 2053K, committed 2176K, reserved 1048576K
Event: 732.500 GC heap after
Heap after GC invocations=142 (full 1):
 PSYoungGen      total 16384K, used 64K [0x00000000ec300000, 0x00000000ed380000, 0x0000000100000000)
  eden space 15360K, 0% used [0x00000000ec300000,0x00000000ec300000,0x00000000ed200000)
  from space 1024K, 6% used [0x00000000ed200000,0x00000000ed210000,0x00000000ed300000)
  to   space 512K, 0% used [0x00000000ed300000,0x00000000ed300000,0x00000000ed380000)
 ParOldGen       total 41984K, used 32479K [0x00000000c4800000, 0x00000000c7100000, 0x00000000ec300000)
  object space 41984K, 77% used [0x00000000c4800000,0x00000000c67b7f88,0x00000000c7100000)
 Metaspace       used 21428K, capacity 21627K, committed 22064K, reserved 1069056K
  class space    used 1992K, capacity 2053K, committed 2176K, reserved 1048576K
}
Event: 735.633 GC heap before
{Heap before GC invocations=143 (full 1):
 PSYoungGen      total 16384K, used 15424K [0x00000000ec300000, 0x00000000ed380000, 0x0000000100000000)
  eden space 15360K, 100% used [0x00000000ec300000,0x00000000ed200000,0x00000000ed200000)
  from space 1024K, 6% used [0x00000000ed200000,0x00000000ed210000,0x00000000ed300000)
  to   space 512K, 0% used [0x00000000ed300000,0x00000000ed300000,0x00000000ed380000)
 ParOldGen       total 41984K, used 32479K [0x00000000c4800000, 0x00000000c7100000, 0x00000000ec300000)
  object space 41984K, 77% used [0x00000000c4800000,0x00000000c67b7f88,0x00000000c7100000)
 Metaspace       used 21428K, capacity 21627K, committed 22064K, reserved 1069056K
  class space    used 1992K, capacity 2053K, committed 2176K, reserved 1048576K
Event: 735.634 GC heap after
Heap after GC invocations=143 (full 1):
 PSYoungGen      total 15872K, used 64K [0x00000000ec300000, 0x00000000ed380000, 0x0000000100000000)
  eden space 15360K, 0% used [0x00000000ec300000,0x00000000ec300000,0x00000000ed200000)
  from space 512K, 12% used [0x00000000ed300000,0x00000000ed310000,0x00000000ed380000)
  to   space 512K, 0% used [0x00000000ed280000,0x00000000ed280000,0x00000000ed300000)
 ParOldGen       total 41984K, used 32479K [0x00000000c4800000, 0x00000000c7100000, 0x00000000ec300000)
  object space 41984K, 77% used [0x00000000c4800000,0x00000000c67b7f88,0x00000000c7100000)
 Metaspace       used 21428K, capacity 21627K, committed 22064K, reserved 1069056K
  class space    used 1992K, capacity 2053K, committed 2176K, reserved 1048576K
}
Event: 738.782 GC heap before
{Heap before GC invocations=144 (full 1):
 PSYoungGen      total 15872K, used 15424K [0x00000000ec300000, 0x00000000ed380000, 0x0000000100000000)
  eden space 15360K, 100% used [0x00000000ec300000,0x00000000ed200000,0x00000000ed200000)
  from space 512K, 12% used [0x00000000ed300000,0x00000000ed310000,0x00000000ed380000)
  to   space 512K, 0% used [0x00000000ed280000,0x00000000ed280000,0x00000000ed300000)
 ParOldGen       total 41984K, used 32479K [0x00000000c4800000, 0x00000000c7100000, 0x00000000ec300000)
  object space 41984K, 77% used [0x00000000c4800000,0x00000000c67b7f88,0x00000000c7100000)
 Metaspace       used 21428K, capacity 21627K, committed 22064K, reserved 1069056K
  class space    used 1992K, capacity 2053K, committed 2176K, reserved 1048576K
Event: 738.783 GC heap after
Heap after GC invocations=144 (full 1):
 PSYoungGen      total 15872K, used 64K [0x00000000ec300000, 0x00000000ed380000, 0x0000000100000000)
  eden space 15360K, 0% used [0x00000000ec300000,0x00000000ec300000,0x00000000ed200000)
  from space 512K, 12% used [0x00000000ed280000,0x00000000ed290000,0x00000000ed300000)
  to   space 512K, 0% used [0x00000000ed300000,0x00000000ed300000,0x00000000ed380000)
 ParOldGen       total 41984K, used 32479K [0x00000000c4800000, 0x00000000c7100000, 0x00000000ec300000)
  object space 41984K, 77% used [0x00000000c4800000,0x00000000c67b7f88,0x00000000c7100000)
 Metaspace       used 21428K, capacity 21627K, committed 22064K, reserved 1069056K
  class space    used 1992K, capacity 2053K, committed 2176K, reserved 1048576K
}
Event: 741.916 GC heap before
{Heap before GC invocations=145 (full 1):
 PSYoungGen      total 15872K, used 15424K [0x00000000ec300000, 0x00000000ed380000, 0x0000000100000000)
  eden space 15360K, 100% used [0x00000000ec300000,0x00000000ed200000,0x00000000ed200000)
  from space 512K, 12% used [0x00000000ed280000,0x00000000ed290000,0x00000000ed300000)
  to   space 512K, 0% used [0x00000000ed300000,0x00000000ed300000,0x00000000ed380000)
 ParOldGen       total 41984K, used 32479K [0x00000000c4800000, 0x00000000c7100000, 0x00000000ec300000)
  object space 41984K, 77% used [0x00000000c4800000,0x00000000c67b7f88,0x00000000c7100000)
 Metaspace       used 21428K, capacity 21627K, committed 22064K, reserved 1069056K
  class space    used 1992K, capacity 2053K, committed 2176K, reserved 1048576K
Event: 741.917 GC heap after
Heap after GC invocations=145 (full 1):
 PSYoungGen      total 15872K, used 96K [0x00000000ec300000, 0x00000000ed380000, 0x0000000100000000)
  eden space 15360K, 0% used [0x00000000ec300000,0x00000000ec300000,0x00000000ed200000)
  from space 512K, 18% used [0x00000000ed300000,0x00000000ed318000,0x00000000ed380000)
  to   space 512K, 0% used [0x00000000ed280000,0x00000000ed280000,0x00000000ed300000)
 ParOldGen       total 41984K, used 32479K [0x00000000c4800000, 0x00000000c7100000, 0x00000000ec300000)
  object space 41984K, 77% used [0x00000000c4800000,0x00000000c67b7f88,0x00000000c7100000)
 Metaspace       used 21428K, capacity 21627K, committed 22064K, reserved 1069056K
  class space    used 1992K, capacity 2053K, committed 2176K, reserved 1048576K
}
Event: 768.273 GC heap before
{Heap before GC invocations=146 (full 1):
 PSYoungGen      total 15872K, used 15456K [0x00000000ec300000, 0x00000000ed380000, 0x0000000100000000)
  eden space 15360K, 100% used [0x00000000ec300000,0x00000000ed200000,0x00000000ed200000)
  from space 512K, 18% used [0x00000000ed300000,0x00000000ed318000,0x00000000ed380000)
  to   space 512K, 0% used [0x00000000ed280000,0x00000000ed280000,0x00000000ed300000)
 ParOldGen       total 41984K, used 32479K [0x00000000c4800000, 0x00000000c7100000, 0x00000000ec300000)
  object space 41984K, 77% used [0x00000000c4800000,0x00000000c67b7f88,0x00000000c7100000)
 Metaspace       used 21428K, capacity 21627K, committed 22064K, reserved 1069056K
  class space    used 1992K, capacity 2053K, committed 2176K, reserved 1048576K
Event: 768.275 GC heap after
Heap after GC invocations=146 (full 1):
 PSYoungGen      total 15872K, used 64K [0x00000000ec300000, 0x00000000ed380000, 0x0000000100000000)
  eden space 15360K, 0% used [0x00000000ec300000,0x00000000ec300000,0x00000000ed200000)
  from space 512K, 12% used [0x00000000ed280000,0x00000000ed290000,0x00000000ed300000)
  to   space 512K, 0% used [0x00000000ed300000,0x00000000ed300000,0x00000000ed380000)
 ParOldGen       total 41984K, used 32479K [0x00000000c4800000, 0x00000000c7100000, 0x00000000ec300000)
  object space 41984K, 77% used [0x00000000c4800000,0x00000000c67b7f88,0x00000000c7100000)
 Metaspace       used 21428K, capacity 21627K, committed 22064K, reserved 1069056K
  class space    used 1992K, capacity 2053K, committed 2176K, reserved 1048576K
}

