# JRE version: Java(TM) SE Runtime Environment (8.0_45-b14) (build 1.8.0_45-b14)
# Java VM: Java HotSpot(TM) 64-Bit Server VM (25.45-b02 mixed mode linux-amd64 compressed oops)
Heap:
 PSYoungGen      total 58368K, used 26915K [0x00000000ec300000, 0x00000000f0b80000, 0x0000000100000000)
  eden space 45568K, 32% used [0x00000000ec300000,0x00000000ed190cb8,0x00000000eef80000)
  from space 12800K, 93% used [0x00000000efd80000,0x00000000f09382f0,0x00000000f0a00000)
  to   space 14336K, 0% used [0x00000000eef80000,0x00000000eef80000,0x00000000efd80000)
 ParOldGen       total 47104K, used 17689K [0x00000000c4800000, 0x00000000c7600000, 0x00000000ec300000)
  object space 47104K, 37% used [0x00000000c4800000,0x00000000c5946658,0x00000000c7600000)
 Metaspace       used 21652K, capacity 21915K, committed 22064K, reserved 1069056K
  class space    used 1998K, capacity 2085K, committed 2176K, reserved 1048576K
GC Heap History (10 events):
Event: 8.530 GC heap before
{Heap before GC invocations=5 (full 1):
 PSYoungGen      total 33280K, used 2544K [0x00000000ec300000, 0x00000000ee600000, 0x0000000100000000)
  eden space 30720K, 0% used [0x00000000ec300000,0x00000000ec300000,0x00000000ee100000)
  from space 2560K, 99% used [0x00000000ee380000,0x00000000ee5fc0b0,0x00000000ee600000)
  to   space 2560K, 0% used [0x00000000ee100000,0x00000000ee100000,0x00000000ee380000)
 ParOldGen       total 40960K, used 17421K [0x00000000c4800000, 0x00000000c7000000, 0x00000000ec300000)
  object space 40960K, 42% used [0x00000000c4800000,0x00000000c5903568,0x00000000c7000000)
 Metaspace       used 20907K, capacity 21109K, committed 21296K, reserved 1069056K
  class space    used 1993K, capacity 2052K, committed 2176K, reserved 1048576K
Event: 8.570 GC heap after
Heap after GC invocations=5 (full 1):
 PSYoungGen      total 33280K, used 0K [0x00000000ec300000, 0x00000000ee600000, 0x0000000100000000)
  eden space 30720K, 0% used [0x00000000ec300000,0x00000000ec300000,0x00000000ee100000)
  from space 2560K, 0% used [0x00000000ee380000,0x00000000ee380000,0x00000000ee600000)
  to   space 2560K, 0% used [0x00000000ee100000,0x00000000ee100000,0x00000000ee380000)
 ParOldGen       total 47104K, used 16633K [0x00000000c4800000, 0x00000000c7600000, 0x00000000ec300000)
  object space 47104K, 35% used [0x00000000c4800000,0x00000000c583e618,0x00000000c7600000)
 Metaspace       used 20907K, capacity 21109K, committed 21296K, reserved 1069056K
  class space    used 1993K, capacity 2052K, committed 2176K, reserved 1048576K
}
Event: 10.423 GC heap before
{Heap before GC invocations=6 (full 1):
 PSYoungGen      total 33280K, used 30720K [0x00000000ec300000, 0x00000000ee600000, 0x0000000100000000)
  eden space 30720K, 100% used [0x00000000ec300000,0x00000000ee100000,0x00000000ee100000)
  from space 2560K, 0% used [0x00000000ee380000,0x00000000ee380000,0x00000000ee600000)
  to   space 2560K, 0% used [0x00000000ee100000,0x00000000ee100000,0x00000000ee380000)
 ParOldGen       total 47104K, used 16633K [0x00000000c4800000, 0x00000000c7600000, 0x00000000ec300000)
  object space 47104K, 35% used [0x00000000c4800000,0x00000000c583e618,0x00000000c7600000)
 Metaspace       used 21138K, capacity 21371K, committed 21552K, reserved 1069056K
  class space    used 1994K, capacity 2053K, committed 2176K, reserved 1048576K
Event: 10.425 GC heap after
Heap after GC invocations=6 (full 1):
 PSYoungGen      total 33280K, used 2528K [0x00000000ec300000, 0x00000000f0d00000, 0x0000000100000000)
  eden space 30720K, 0% used [0x00000000ec300000,0x00000000ec300000,0x00000000ee100000)
  from space 2560K, 98% used [0x00000000ee100000,0x00000000ee3780a0,0x00000000ee380000)
  to   space 12800K, 0% used [0x00000000f0080000,0x00000000f0080000,0x00000000f0d00000)
 ParOldGen       total 47104K, used 17665K [0x00000000c4800000, 0x00000000c7600000, 0x00000000ec300000)
  object space 47104K, 37% used [0x00000000c4800000,0x00000000c5940658,0x00000000c7600000)
 Metaspace       used 21138K, capacity 21371K, committed 21552K, reserved 1069056K
  class space    used 1994K, capacity 2053K, committed 2176K, reserved 1048576K
}
Event: 12.740 GC heap before
{Heap before GC invocations=7 (full 1):
 PSYoungGen      total 33280K, used 33248K [0x00000000ec300000, 0x00000000f0d00000, 0x0000000100000000)
  eden space 30720K, 100% used [0x00000000ec300000,0x00000000ee100000,0x00000000ee100000)
  from space 2560K, 98% used [0x00000000ee100000,0x00000000ee3780a0,0x00000000ee380000)
  to   space 12800K, 0% used [0x00000000f0080000,0x00000000f0080000,0x00000000f0d00000)
 ParOldGen       total 47104K, used 17665K [0x00000000c4800000, 0x00000000c7600000, 0x00000000ec300000)
  object space 47104K, 37% used [0x00000000c4800000,0x00000000c5940658,0x00000000c7600000)
 Metaspace       used 21337K, capacity 21499K, committed 21808K, reserved 1069056K
  class space    used 1995K, capacity 2053K, committed 2176K, reserved 1048576K
Event: 12.745 GC heap after
Heap after GC invocations=7 (full 1):
 PSYoungGen      total 58880K, used 3920K [0x00000000ec300000, 0x00000000f0a80000, 0x0000000100000000)
  eden space 48640K, 0% used [0x00000000ec300000,0x00000000ec300000,0x00000000ef280000)
  from space 10240K, 38% used [0x00000000f0080000,0x00000000f0454110,0x00000000f0a80000)
  to   space 12288K, 0% used [0x00000000ef280000,0x00000000ef280000,0x00000000efe80000)
 ParOldGen       total 47104K, used 17673K [0x00000000c4800000, 0x00000000c7600000, 0x00000000ec300000)
  object space 47104K, 37% used [0x00000000c4800000,0x00000000c5942658,0x00000000c7600000)
 Metaspace       used 21337K, capacity 21499K, committed 21808K, reserved 1069056K
  class space    used 1995K, capacity 2053K, committed 2176K, reserved 1048576K
}
Event: 15.656 GC heap before
{Heap before GC invocations=8 (full 1):
 PSYoungGen      total 58880K, used 52560K [0x00000000ec300000, 0x00000000f0a80000, 0x0000000100000000)
  eden space 48640K, 100% used [0x00000000ec300000,0x00000000ef280000,0x00000000ef280000)
  from space 10240K, 38% used [0x00000000f0080000,0x00000000f0454110,0x00000000f0a80000)
  to   space 12288K, 0% used [0x00000000ef280000,0x00000000ef280000,0x00000000efe80000)
 ParOldGen       total 47104K, used 17673K [0x00000000c4800000, 0x00000000c7600000, 0x00000000ec300000)
  object space 47104K, 37% used [0x00000000c4800000,0x00000000c5942658,0x00000000c7600000)
 Metaspace       used 21572K, capacity 21755K, committed 22064K, reserved 1069056K
  class space    used 1995K, capacity 2053K, committed 2176K, reserved 1048576K
Event: 15.662 GC heap after
Heap after GC invocations=8 (full 1):
 PSYoungGen      total 55296K, used 7936K [0x00000000ec300000, 0x00000000f0a00000, 0x0000000100000000)
  eden space 47104K, 0% used [0x00000000ec300000,0x00000000ec300000,0x00000000ef100000)
  from space 8192K, 96% used [0x00000000ef280000,0x00000000efa401f0,0x00000000efa80000)
  to   space 12800K, 0% used [0x00000000efd80000,0x00000000efd80000,0x00000000f0a00000)
 ParOldGen       total 47104K, used 17681K [0x00000000c4800000, 0x00000000c7600000, 0x00000000ec300000)
  object space 47104K, 37% used [0x00000000c4800000,0x00000000c5944658,0x00000000c7600000)
 Metaspace       used 21572K, capacity 21755K, committed 22064K, reserved 1069056K
  class space    used 1995K, capacity 2053K, committed 2176K, reserved 1048576K
}
Event: 18.959 GC heap before
{Heap before GC invocations=9 (full 1):
 PSYoungGen      total 55296K, used 55040K [0x00000000ec300000, 0x00000000f0a00000, 0x0000000100000000)
  eden space 47104K, 100% used [0x00000000ec300000,0x00000000ef100000,0x00000000ef100000)
  from space 8192K, 96% used [0x00000000ef280000,0x00000000efa401f0,0x00000000efa80000)
  to   space 12800K, 0% used [0x00000000efd80000,0x00000000efd80000,0x00000000f0a00000)
 ParOldGen       total 47104K, used 17681K [0x00000000c4800000, 0x00000000c7600000, 0x00000000ec300000)
  object space 47104K, 37% used [0x00000000c4800000,0x00000000c5944658,0x00000000c7600000)
 Metaspace       used 21640K, capacity 21883K, committed 22064K, reserved 1069056K
  class space    used 1995K, capacity 2053K, committed 2176K, reserved 1048576K
Event: 18.966 GC heap after
Heap after GC invocations=9 (full 1):
 PSYoungGen      total 58368K, used 12000K [0x00000000ec300000, 0x00000000f0b80000, 0x0000000100000000)
  eden space 45568K, 0% used [0x00000000ec300000,0x00000000ec300000,0x00000000eef80000)
  from space 12800K, 93% used [0x00000000efd80000,0x00000000f09382f0,0x00000000f0a00000)
  to   space 14336K, 0% used [0x00000000eef80000,0x00000000eef80000,0x00000000efd80000)
 ParOldGen       total 47104K, used 17689K [0x00000000c4800000, 0x00000000c7600000, 0x00000000ec300000)
  object space 47104K, 37% used [0x00000000c4800000,0x00000000c5946658,0x00000000c7600000)
 Metaspace       used 21640K, capacity 21883K, committed 22064K, reserved 1069056K
  class space    used 1995K, capacity 2053K, committed 2176K, reserved 1048576K
}

