# JRE version: Java(TM) SE Runtime Environment (8.0_45-b14) (build 1.8.0_45-b14)
# Java VM: Java HotSpot(TM) 64-Bit Server VM (25.45-b02 mixed mode linux-amd64 compressed oops)
Heap:
 PSYoungGen      total 79872K, used 65310K [0x00000000ec300000, 0x00000000f3300000, 0x0000000100000000)
  eden space 68608K, 79% used [0x00000000ec300000,0x00000000ef7f3658,0x00000000f0600000)
  from space 11264K, 98% used [0x00000000f0600000,0x00000000f10d42c0,0x00000000f1100000)
  to   space 12800K, 0% used [0x00000000f2680000,0x00000000f2680000,0x00000000f3300000)
 ParOldGen       total 43008K, used 20409K [0x00000000c4800000, 0x00000000c7200000, 0x00000000ec300000)
  object space 43008K, 47% used [0x00000000c4800000,0x00000000c5bee5c8,0x00000000c7200000)
 Metaspace       used 21644K, capacity 21915K, committed 22064K, reserved 1069056K
  class space    used 2004K, capacity 2085K, committed 2176K, reserved 1048576K
GC Heap History (10 events):
Event: 7.527 GC heap before
{Heap before GC invocations=6 (full 1):
 PSYoungGen      total 33280K, used 2544K [0x00000000ec300000, 0x00000000f1300000, 0x0000000100000000)
  eden space 30720K, 0% used [0x00000000ec300000,0x00000000ec300000,0x00000000ee100000)
  from space 2560K, 99% used [0x00000000ee100000,0x00000000ee37c060,0x00000000ee380000)
  to   space 10240K, 0% used [0x00000000f0900000,0x00000000f0900000,0x00000000f1300000)
 ParOldGen       total 40960K, used 15656K [0x00000000c4800000, 0x00000000c7000000, 0x00000000ec300000)
  object space 40960K, 38% used [0x00000000c4800000,0x00000000c574a288,0x00000000c7000000)
 Metaspace       used 20917K, capacity 21141K, committed 21296K, reserved 1069056K
  class space    used 1999K, capacity 2084K, committed 2176K, reserved 1048576K
Event: 7.589 GC heap after
Heap after GC invocations=6 (full 1):
 PSYoungGen      total 33280K, used 0K [0x00000000ec300000, 0x00000000f1300000, 0x0000000100000000)
  eden space 30720K, 0% used [0x00000000ec300000,0x00000000ec300000,0x00000000ee100000)
  from space 2560K, 0% used [0x00000000ee100000,0x00000000ee100000,0x00000000ee380000)
  to   space 10240K, 0% used [0x00000000f0900000,0x00000000f0900000,0x00000000f1300000)
 ParOldGen       total 43008K, used 13209K [0x00000000c4800000, 0x00000000c7200000, 0x00000000ec300000)
  object space 43008K, 30% used [0x00000000c4800000,0x00000000c54e6408,0x00000000c7200000)
 Metaspace       used 20917K, capacity 21141K, committed 21296K, reserved 1069056K
  class space    used 1999K, capacity 2084K, committed 2176K, reserved 1048576K
}
Event: 10.121 GC heap before
{Heap before GC invocations=7 (full 1):
 PSYoungGen      total 33280K, used 30720K [0x00000000ec300000, 0x00000000f1300000, 0x0000000100000000)
  eden space 30720K, 100% used [0x00000000ec300000,0x00000000ee100000,0x00000000ee100000)
  from space 2560K, 0% used [0x00000000ee100000,0x00000000ee100000,0x00000000ee380000)
  to   space 10240K, 0% used [0x00000000f0900000,0x00000000f0900000,0x00000000f1300000)
 ParOldGen       total 43008K, used 13209K [0x00000000c4800000, 0x00000000c7200000, 0x00000000ec300000)
  object space 43008K, 30% used [0x00000000c4800000,0x00000000c54e6408,0x00000000c7200000)
 Metaspace       used 21097K, capacity 21333K, committed 21552K, reserved 1069056K
  class space    used 1999K, capacity 2084K, committed 2176K, reserved 1048576K
Event: 10.129 GC heap after
Heap after GC invocations=7 (full 1):
 PSYoungGen      total 50688K, used 3296K [0x00000000ec300000, 0x00000000f0c80000, 0x0000000100000000)
  eden space 47104K, 0% used [0x00000000ec300000,0x00000000ec300000,0x00000000ef100000)
  from space 3584K, 91% used [0x00000000f0900000,0x00000000f0c380d0,0x00000000f0c80000)
  to   space 10240K, 0% used [0x00000000ef880000,0x00000000ef880000,0x00000000f0280000)
 ParOldGen       total 43008K, used 13217K [0x00000000c4800000, 0x00000000c7200000, 0x00000000ec300000)
  object space 43008K, 30% used [0x00000000c4800000,0x00000000c54e8408,0x00000000c7200000)
 Metaspace       used 21097K, capacity 21333K, committed 21552K, reserved 1069056K
  class space    used 1999K, capacity 2084K, committed 2176K, reserved 1048576K
}
Event: 14.309 GC heap before
{Heap before GC invocations=8 (full 1):
 PSYoungGen      total 50688K, used 50400K [0x00000000ec300000, 0x00000000f0c80000, 0x0000000100000000)
  eden space 47104K, 100% used [0x00000000ec300000,0x00000000ef100000,0x00000000ef100000)
  from space 3584K, 91% used [0x00000000f0900000,0x00000000f0c380d0,0x00000000f0c80000)
  to   space 10240K, 0% used [0x00000000ef880000,0x00000000ef880000,0x00000000f0280000)
 ParOldGen       total 43008K, used 13217K [0x00000000c4800000, 0x00000000c7200000, 0x00000000ec300000)
  object space 43008K, 30% used [0x00000000c4800000,0x00000000c54e8408,0x00000000c7200000)
 Metaspace       used 21312K, capacity 21595K, committed 21808K, reserved 1069056K
  class space    used 2002K, capacity 2085K, committed 2176K, reserved 1048576K
Event: 14.326 GC heap after
Heap after GC invocations=8 (full 1):
 PSYoungGen      total 65024K, used 5984K [0x00000000ec300000, 0x00000000f1a80000, 0x0000000100000000)
  eden space 54784K, 0% used [0x00000000ec300000,0x00000000ec300000,0x00000000ef880000)
  from space 10240K, 58% used [0x00000000ef880000,0x00000000efe58180,0x00000000f0280000)
  to   space 9728K, 0% used [0x00000000f1100000,0x00000000f1100000,0x00000000f1a80000)
 ParOldGen       total 43008K, used 13225K [0x00000000c4800000, 0x00000000c7200000, 0x00000000ec300000)
  object space 43008K, 30% used [0x00000000c4800000,0x00000000c54ea408,0x00000000c7200000)
 Metaspace       used 21312K, capacity 21595K, committed 21808K, reserved 1069056K
  class space    used 2002K, capacity 2085K, committed 2176K, reserved 1048576K
}
Event: 17.927 GC heap before
{Heap before GC invocations=9 (full 1):
 PSYoungGen      total 65024K, used 60595K [0x00000000ec300000, 0x00000000f1a80000, 0x0000000100000000)
  eden space 54784K, 99% used [0x00000000ec300000,0x00000000ef854c00,0x00000000ef880000)
  from space 10240K, 58% used [0x00000000ef880000,0x00000000efe58180,0x00000000f0280000)
  to   space 9728K, 0% used [0x00000000f1100000,0x00000000f1100000,0x00000000f1a80000)
 ParOldGen       total 43008K, used 13225K [0x00000000c4800000, 0x00000000c7200000, 0x00000000ec300000)
  object space 43008K, 30% used [0x00000000c4800000,0x00000000c54ea408,0x00000000c7200000)
 Metaspace       used 21426K, capacity 21659K, committed 21808K, reserved 1069056K
  class space    used 2002K, capacity 2085K, committed 2176K, reserved 1048576K
Event: 17.969 GC heap after
Heap after GC invocations=9 (full 1):
 PSYoungGen      total 78336K, used 9552K [0x00000000ec300000, 0x00000000f2a80000, 0x0000000100000000)
  eden space 68608K, 0% used [0x00000000ec300000,0x00000000ec300000,0x00000000f0600000)
  from space 9728K, 98% used [0x00000000f1100000,0x00000000f1a54260,0x00000000f1a80000)
  to   space 11264K, 0% used [0x00000000f0600000,0x00000000f0600000,0x00000000f1100000)
 ParOldGen       total 43008K, used 14769K [0x00000000c4800000, 0x00000000c7200000, 0x00000000ec300000)
  object space 43008K, 34% used [0x00000000c4800000,0x00000000c566c468,0x00000000c7200000)
 Metaspace       used 21426K, capacity 21659K, committed 21808K, reserved 1069056K
  class space    used 2002K, capacity 2085K, committed 2176K, reserved 1048576K
}
Event: 22.996 GC heap before
{Heap before GC invocations=10 (full 1):
 PSYoungGen      total 78336K, used 78160K [0x00000000ec300000, 0x00000000f2a80000, 0x0000000100000000)
  eden space 68608K, 100% used [0x00000000ec300000,0x00000000f0600000,0x00000000f0600000)
  from space 9728K, 98% used [0x00000000f1100000,0x00000000f1a54260,0x00000000f1a80000)
  to   space 11264K, 0% used [0x00000000f0600000,0x00000000f0600000,0x00000000f1100000)
 ParOldGen       total 43008K, used 14769K [0x00000000c4800000, 0x00000000c7200000, 0x00000000ec300000)
  object space 43008K, 34% used [0x00000000c4800000,0x00000000c566c468,0x00000000c7200000)
 Metaspace       used 21575K, capacity 21851K, committed 22064K, reserved 1069056K
  class space    used 2002K, capacity 2085K, committed 2176K, reserved 1048576K
Event: 23.103 GC heap after
Heap after GC invocations=10 (full 1):
 PSYoungGen      total 79872K, used 11088K [0x00000000ec300000, 0x00000000f3300000, 0x0000000100000000)
  eden space 68608K, 0% used [0x00000000ec300000,0x00000000ec300000,0x00000000f0600000)
  from space 11264K, 98% used [0x00000000f0600000,0x00000000f10d42c0,0x00000000f1100000)
  to   space 12800K, 0% used [0x00000000f2680000,0x00000000f2680000,0x00000000f3300000)
 ParOldGen       total 43008K, used 20409K [0x00000000c4800000, 0x00000000c7200000, 0x00000000ec300000)
  object space 43008K, 47% used [0x00000000c4800000,0x00000000c5bee5c8,0x00000000c7200000)
 Metaspace       used 21575K, capacity 21851K, committed 22064K, reserved 1069056K
  class space    used 2002K, capacity 2085K, committed 2176K, reserved 1048576K
}

