# JRE version: Java(TM) SE Runtime Environment (8.0_45-b14) (build 1.8.0_45-b14)
# Java VM: Java HotSpot(TM) 64-Bit Server VM (25.45-b02 mixed mode linux-amd64 compressed oops)
Heap:
 PSYoungGen      total 115712K, used 53820K [0x00000000ec300000, 0x00000000f4280000, 0x0000000100000000)
  eden space 103936K, 40% used [0x00000000ec300000,0x00000000eec3ed30,0x00000000f2880000)
  from space 11776K, 98% used [0x00000000f3580000,0x00000000f40d02e0,0x00000000f4100000)
  to   space 13312K, 0% used [0x00000000f2880000,0x00000000f2880000,0x00000000f3580000)
 ParOldGen       total 40960K, used 16820K [0x00000000c4800000, 0x00000000c7000000, 0x00000000ec300000)
  object space 40960K, 41% used [0x00000000c4800000,0x00000000c586d338,0x00000000c7000000)
 Metaspace       used 21641K, capacity 21915K, committed 22064K, reserved 1069056K
  class space    used 2002K, capacity 2085K, committed 2176K, reserved 1048576K
GC Heap History (10 events):
Event: 15.379 GC heap before
{Heap before GC invocations=5 (full 0):
 PSYoungGen      total 33280K, used 4465K [0x00000000ec300000, 0x00000000ee600000, 0x0000000100000000)
  eden space 30720K, 6% used [0x00000000ec300000,0x00000000ec4e22d0,0x00000000ee100000)
  from space 2560K, 99% used [0x00000000ee380000,0x00000000ee5fa330,0x00000000ee600000)
  to   space 2560K, 0% used [0x00000000ee100000,0x00000000ee100000,0x00000000ee380000)
 ParOldGen       total 40960K, used 15160K [0x00000000c4800000, 0x00000000c7000000, 0x00000000ec300000)
  object space 40960K, 37% used [0x00000000c4800000,0x00000000c56ce098,0x00000000c7000000)
 Metaspace       used 20950K, capacity 21141K, committed 21296K, reserved 1069056K
  class space    used 1997K, capacity 2084K, committed 2176K, reserved 1048576K
Event: 15.396 GC heap after
Heap after GC invocations=5 (full 0):
 PSYoungGen      total 33280K, used 2554K [0x00000000ec300000, 0x00000000f1500000, 0x0000000100000000)
  eden space 30720K, 0% used [0x00000000ec300000,0x00000000ec300000,0x00000000ee100000)
  from space 2560K, 99% used [0x00000000ee100000,0x00000000ee37eb70,0x00000000ee380000)
  to   space 11264K, 0% used [0x00000000f0a00000,0x00000000f0a00000,0x00000000f1500000)
 ParOldGen       total 40960K, used 15168K [0x00000000c4800000, 0x00000000c7000000, 0x00000000ec300000)
  object space 40960K, 37% used [0x00000000c4800000,0x00000000c56d0098,0x00000000c7000000)
 Metaspace       used 20950K, capacity 21141K, committed 21296K, reserved 1069056K
  class space    used 1997K, capacity 2084K, committed 2176K, reserved 1048576K
}
Event: 15.396 GC heap before
{Heap before GC invocations=6 (full 1):
 PSYoungGen      total 33280K, used 2554K [0x00000000ec300000, 0x00000000f1500000, 0x0000000100000000)
  eden space 30720K, 0% used [0x00000000ec300000,0x00000000ec300000,0x00000000ee100000)
  from space 2560K, 99% used [0x00000000ee100000,0x00000000ee37eb70,0x00000000ee380000)
  to   space 11264K, 0% used [0x00000000f0a00000,0x00000000f0a00000,0x00000000f1500000)
 ParOldGen       total 40960K, used 15168K [0x00000000c4800000, 0x00000000c7000000, 0x00000000ec300000)
  object space 40960K, 37% used [0x00000000c4800000,0x00000000c56d0098,0x00000000c7000000)
 Metaspace       used 20950K, capacity 21141K, committed 21296K, reserved 1069056K
  class space    used 1997K, capacity 2084K, committed 2176K, reserved 1048576K
Event: 15.462 GC heap after
Heap after GC invocations=6 (full 1):
 PSYoungGen      total 33280K, used 0K [0x00000000ec300000, 0x00000000f1500000, 0x0000000100000000)
  eden space 30720K, 0% used [0x00000000ec300000,0x00000000ec300000,0x00000000ee100000)
  from space 2560K, 0% used [0x00000000ee100000,0x00000000ee100000,0x00000000ee380000)
  to   space 11264K, 0% used [0x00000000f0a00000,0x00000000f0a00000,0x00000000f1500000)
 ParOldGen       total 40960K, used 14748K [0x00000000c4800000, 0x00000000c7000000, 0x00000000ec300000)
  object space 40960K, 36% used [0x00000000c4800000,0x00000000c56672b8,0x00000000c7000000)
 Metaspace       used 20950K, capacity 21141K, committed 21296K, reserved 1069056K
  class space    used 1997K, capacity 2084K, committed 2176K, reserved 1048576K
}
Event: 18.546 GC heap before
{Heap before GC invocations=7 (full 1):
 PSYoungGen      total 33280K, used 30720K [0x00000000ec300000, 0x00000000f1500000, 0x0000000100000000)
  eden space 30720K, 100% used [0x00000000ec300000,0x00000000ee100000,0x00000000ee100000)
  from space 2560K, 0% used [0x00000000ee100000,0x00000000ee100000,0x00000000ee380000)
  to   space 11264K, 0% used [0x00000000f0a00000,0x00000000f0a00000,0x00000000f1500000)
 ParOldGen       total 40960K, used 14748K [0x00000000c4800000, 0x00000000c7000000, 0x00000000ec300000)
  object space 40960K, 36% used [0x00000000c4800000,0x00000000c56672b8,0x00000000c7000000)
 Metaspace       used 21229K, capacity 21467K, committed 21808K, reserved 1069056K
  class space    used 2000K, capacity 2085K, committed 2176K, reserved 1048576K
Event: 18.562 GC heap after
Heap after GC invocations=7 (full 1):
 PSYoungGen      total 63488K, used 3072K [0x00000000ec300000, 0x00000000f1000000, 0x0000000100000000)
  eden space 57344K, 0% used [0x00000000ec300000,0x00000000ec300000,0x00000000efb00000)
  from space 6144K, 50% used [0x00000000f0a00000,0x00000000f0d000c0,0x00000000f1000000)
  to   space 10752K, 0% used [0x00000000efb00000,0x00000000efb00000,0x00000000f0580000)
 ParOldGen       total 40960K, used 14756K [0x00000000c4800000, 0x00000000c7000000, 0x00000000ec300000)
  object space 40960K, 36% used [0x00000000c4800000,0x00000000c56692b8,0x00000000c7000000)
 Metaspace       used 21229K, capacity 21467K, committed 21808K, reserved 1069056K
  class space    used 2000K, capacity 2085K, committed 2176K, reserved 1048576K
}
Event: 22.572 GC heap before
{Heap before GC invocations=8 (full 1):
 PSYoungGen      total 63488K, used 60416K [0x00000000ec300000, 0x00000000f1000000, 0x0000000100000000)
  eden space 57344K, 100% used [0x00000000ec300000,0x00000000efb00000,0x00000000efb00000)
  from space 6144K, 50% used [0x00000000f0a00000,0x00000000f0d000c0,0x00000000f1000000)
  to   space 10752K, 0% used [0x00000000efb00000,0x00000000efb00000,0x00000000f0580000)
 ParOldGen       total 40960K, used 14756K [0x00000000c4800000, 0x00000000c7000000, 0x00000000ec300000)
  object space 40960K, 36% used [0x00000000c4800000,0x00000000c56692b8,0x00000000c7000000)
 Metaspace       used 21340K, capacity 21531K, committed 21808K, reserved 1069056K
  class space    used 2000K, capacity 2085K, committed 2176K, reserved 1048576K
Event: 22.628 GC heap after
Heap after GC invocations=8 (full 1):
 PSYoungGen      total 68096K, used 7968K [0x00000000ec300000, 0x00000000f4100000, 0x0000000100000000)
  eden space 57344K, 0% used [0x00000000ec300000,0x00000000ec300000,0x00000000efb00000)
  from space 10752K, 74% used [0x00000000efb00000,0x00000000f02c8200,0x00000000f0580000)
  to   space 11776K, 0% used [0x00000000f3580000,0x00000000f3580000,0x00000000f4100000)
 ParOldGen       total 40960K, used 14764K [0x00000000c4800000, 0x00000000c7000000, 0x00000000ec300000)
  object space 40960K, 36% used [0x00000000c4800000,0x00000000c566b2b8,0x00000000c7000000)
 Metaspace       used 21340K, capacity 21531K, committed 21808K, reserved 1069056K
  class space    used 2000K, capacity 2085K, committed 2176K, reserved 1048576K
}
Event: 26.650 GC heap before
{Heap before GC invocations=9 (full 1):
 PSYoungGen      total 68096K, used 65312K [0x00000000ec300000, 0x00000000f4100000, 0x0000000100000000)
  eden space 57344K, 100% used [0x00000000ec300000,0x00000000efb00000,0x00000000efb00000)
  from space 10752K, 74% used [0x00000000efb00000,0x00000000f02c8200,0x00000000f0580000)
  to   space 11776K, 0% used [0x00000000f3580000,0x00000000f3580000,0x00000000f4100000)
 ParOldGen       total 40960K, used 14764K [0x00000000c4800000, 0x00000000c7000000, 0x00000000ec300000)
  object space 40960K, 36% used [0x00000000c4800000,0x00000000c566b2b8,0x00000000c7000000)
 Metaspace       used 21570K, capacity 21851K, committed 22064K, reserved 1069056K
  class space    used 2000K, capacity 2085K, committed 2176K, reserved 1048576K
Event: 26.685 GC heap after
Heap after GC invocations=9 (full 1):
 PSYoungGen      total 115712K, used 11584K [0x00000000ec300000, 0x00000000f4280000, 0x0000000100000000)
  eden space 103936K, 0% used [0x00000000ec300000,0x00000000ec300000,0x00000000f2880000)
  from space 11776K, 98% used [0x00000000f3580000,0x00000000f40d02e0,0x00000000f4100000)
  to   space 13312K, 0% used [0x00000000f2880000,0x00000000f2880000,0x00000000f3580000)
 ParOldGen       total 40960K, used 16820K [0x00000000c4800000, 0x00000000c7000000, 0x00000000ec300000)
  object space 40960K, 41% used [0x00000000c4800000,0x00000000c586d338,0x00000000c7000000)
 Metaspace       used 21570K, capacity 21851K, committed 22064K, reserved 1069056K
  class space    used 2000K, capacity 2085K, committed 2176K, reserved 1048576K
}

