# JRE version: Java(TM) SE Runtime Environment (8.0_45-b14) (build 1.8.0_45-b14)
# Java VM: Java HotSpot(TM) 64-Bit Server VM (25.45-b02 mixed mode linux-amd64 compressed oops)
Heap:
 PSYoungGen      total 49664K, used 41489K [0x00000000ec300000, 0x00000000f0c00000, 0x0000000100000000)
  eden space 47104K, 83% used [0x00000000ec300000,0x00000000ee9844a8,0x00000000ef100000)
  from space 2560K, 80% used [0x00000000f0980000,0x00000000f0b80090,0x00000000f0c00000)
  to   space 10752K, 0% used [0x00000000ef700000,0x00000000ef700000,0x00000000f0180000)
 ParOldGen       total 45568K, used 15305K [0x00000000c4800000, 0x00000000c7480000, 0x00000000ec300000)
  object space 45568K, 33% used [0x00000000c4800000,0x00000000c56f2650,0x00000000c7480000)
 Metaspace       used 21342K, capacity 21499K, committed 21808K, reserved 1069056K
  class space    used 1992K, capacity 2053K, committed 2176K, reserved 1048576K
GC Heap History (10 events):
Event: 3.801 GC heap before
{Heap before GC invocations=3 (full 0):
 PSYoungGen      total 33280K, used 33136K [0x00000000ec300000, 0x00000000ee600000, 0x0000000100000000)
  eden space 30720K, 99% used [0x00000000ec300000,0x00000000ee0e02f8,0x00000000ee100000)
  from space 2560K, 99% used [0x00000000ee380000,0x00000000ee5fc030,0x00000000ee600000)
  to   space 2560K, 0% used [0x00000000ee100000,0x00000000ee100000,0x00000000ee380000)
 ParOldGen       total 40960K, used 1970K [0x00000000c4800000, 0x00000000c7000000, 0x00000000ec300000)
  object space 40960K, 4% used [0x00000000c4800000,0x00000000c49ec9a0,0x00000000c7000000)
 Metaspace       used 20126K, capacity 20311K, committed 20480K, reserved 1067008K
  class space    used 1958K, capacity 2047K, committed 2048K, reserved 1048576K
Event: 3.822 GC heap after
Heap after GC invocations=3 (full 0):
 PSYoungGen      total 33280K, used 2547K [0x00000000ec300000, 0x00000000f0400000, 0x0000000100000000)
  eden space 30720K, 0% used [0x00000000ec300000,0x00000000ec300000,0x00000000ee100000)
  from space 2560K, 99% used [0x00000000ee100000,0x00000000ee37cf80,0x00000000ee380000)
  to   space 2560K, 0% used [0x00000000f0180000,0x00000000f0180000,0x00000000f0400000)
 ParOldGen       total 40960K, used 11226K [0x00000000c4800000, 0x00000000c7000000, 0x00000000ec300000)
  object space 40960K, 27% used [0x00000000c4800000,0x00000000c52f6b90,0x00000000c7000000)
 Metaspace       used 20126K, capacity 20311K, committed 20480K, reserved 1067008K
  class space    used 1958K, capacity 2047K, committed 2048K, reserved 1048576K
}
Event: 5.701 GC heap before
{Heap before GC invocations=4 (full 0):
 PSYoungGen      total 33280K, used 33267K [0x00000000ec300000, 0x00000000f0400000, 0x0000000100000000)
  eden space 30720K, 100% used [0x00000000ec300000,0x00000000ee100000,0x00000000ee100000)
  from space 2560K, 99% used [0x00000000ee100000,0x00000000ee37cf80,0x00000000ee380000)
  to   space 2560K, 0% used [0x00000000f0180000,0x00000000f0180000,0x00000000f0400000)
 ParOldGen       total 40960K, used 11226K [0x00000000c4800000, 0x00000000c7000000, 0x00000000ec300000)
  object space 40960K, 27% used [0x00000000c4800000,0x00000000c52f6b90,0x00000000c7000000)
 Metaspace       used 20885K, capacity 21115K, committed 21296K, reserved 1069056K
  class space    used 1989K, capacity 2053K, committed 2176K, reserved 1048576K
Event: 5.717 GC heap after
Heap after GC invocations=4 (full 0):
 PSYoungGen      total 33280K, used 2546K [0x00000000ec300000, 0x00000000f0400000, 0x0000000100000000)
  eden space 30720K, 0% used [0x00000000ec300000,0x00000000ec300000,0x00000000ee100000)
  from space 2560K, 99% used [0x00000000f0180000,0x00000000f03fc8b0,0x00000000f0400000)
  to   space 2560K, 0% used [0x00000000ee100000,0x00000000ee100000,0x00000000ee380000)
 ParOldGen       total 40960K, used 14832K [0x00000000c4800000, 0x00000000c7000000, 0x00000000ec300000)
  object space 40960K, 36% used [0x00000000c4800000,0x00000000c567c138,0x00000000c7000000)
 Metaspace       used 20885K, capacity 21115K, committed 21296K, reserved 1069056K
  class space    used 1989K, capacity 2053K, committed 2176K, reserved 1048576K
}
Event: 6.269 GC heap before
{Heap before GC invocations=5 (full 0):
 PSYoungGen      total 33280K, used 13138K [0x00000000ec300000, 0x00000000f0400000, 0x0000000100000000)
  eden space 30720K, 34% used [0x00000000ec300000,0x00000000ecd58100,0x00000000ee100000)
  from space 2560K, 99% used [0x00000000f0180000,0x00000000f03fc8b0,0x00000000f0400000)
  to   space 2560K, 0% used [0x00000000ee100000,0x00000000ee100000,0x00000000ee380000)
 ParOldGen       total 40960K, used 14832K [0x00000000c4800000, 0x00000000c7000000, 0x00000000ec300000)
  object space 40960K, 36% used [0x00000000c4800000,0x00000000c567c138,0x00000000c7000000)
 Metaspace       used 20933K, capacity 21115K, committed 21296K, reserved 1069056K
  class space    used 1989K, capacity 2053K, committed 2176K, reserved 1048576K
Event: 6.282 GC heap after
Heap after GC invocations=5 (full 0):
 PSYoungGen      total 33280K, used 2545K [0x00000000ec300000, 0x00000000f1400000, 0x0000000100000000)
  eden space 30720K, 0% used [0x00000000ec300000,0x00000000ec300000,0x00000000ee100000)
  from space 2560K, 99% used [0x00000000ee100000,0x00000000ee37c7c0,0x00000000ee380000)
  to   space 10752K, 0% used [0x00000000f0980000,0x00000000f0980000,0x00000000f1400000)
 ParOldGen       total 40960K, used 16280K [0x00000000c4800000, 0x00000000c7000000, 0x00000000ec300000)
  object space 40960K, 39% used [0x00000000c4800000,0x00000000c57e6218,0x00000000c7000000)
 Metaspace       used 20933K, capacity 21115K, committed 21296K, reserved 1069056K
  class space    used 1989K, capacity 2053K, committed 2176K, reserved 1048576K
}
Event: 6.282 GC heap before
{Heap before GC invocations=6 (full 1):
 PSYoungGen      total 33280K, used 2545K [0x00000000ec300000, 0x00000000f1400000, 0x0000000100000000)
  eden space 30720K, 0% used [0x00000000ec300000,0x00000000ec300000,0x00000000ee100000)
  from space 2560K, 99% used [0x00000000ee100000,0x00000000ee37c7c0,0x00000000ee380000)
  to   space 10752K, 0% used [0x00000000f0980000,0x00000000f0980000,0x00000000f1400000)
 ParOldGen       total 40960K, used 16280K [0x00000000c4800000, 0x00000000c7000000, 0x00000000ec300000)
  object space 40960K, 39% used [0x00000000c4800000,0x00000000c57e6218,0x00000000c7000000)
 Metaspace       used 20933K, capacity 21115K, committed 21296K, reserved 1069056K
  class space    used 1989K, capacity 2053K, committed 2176K, reserved 1048576K
Event: 6.340 GC heap after
Heap after GC invocations=6 (full 1):
 PSYoungGen      total 33280K, used 0K [0x00000000ec300000, 0x00000000f1400000, 0x0000000100000000)
  eden space 30720K, 0% used [0x00000000ec300000,0x00000000ec300000,0x00000000ee100000)
  from space 2560K, 0% used [0x00000000ee100000,0x00000000ee100000,0x00000000ee380000)
  to   space 10752K, 0% used [0x00000000f0980000,0x00000000f0980000,0x00000000f1400000)
 ParOldGen       total 45568K, used 15297K [0x00000000c4800000, 0x00000000c7480000, 0x00000000ec300000)
  object space 45568K, 33% used [0x00000000c4800000,0x00000000c56f0650,0x00000000c7480000)
 Metaspace       used 20933K, capacity 21115K, committed 21296K, reserved 1069056K
  class space    used 1989K, capacity 2053K, committed 2176K, reserved 1048576K
}
Event: 9.541 GC heap before
{Heap before GC invocations=7 (full 1):
 PSYoungGen      total 33280K, used 30720K [0x00000000ec300000, 0x00000000f1400000, 0x0000000100000000)
  eden space 30720K, 100% used [0x00000000ec300000,0x00000000ee100000,0x00000000ee100000)
  from space 2560K, 0% used [0x00000000ee100000,0x00000000ee100000,0x00000000ee380000)
  to   space 10752K, 0% used [0x00000000f0980000,0x00000000f0980000,0x00000000f1400000)
 ParOldGen       total 45568K, used 15297K [0x00000000c4800000, 0x00000000c7480000, 0x00000000ec300000)
  object space 45568K, 33% used [0x00000000c4800000,0x00000000c56f0650,0x00000000c7480000)
 Metaspace       used 21166K, capacity 21371K, committed 21552K, reserved 1069056K
  class space    used 1989K, capacity 2053K, committed 2176K, reserved 1048576K
Event: 9.549 GC heap after
Heap after GC invocations=7 (full 1):
 PSYoungGen      total 49664K, used 2048K [0x00000000ec300000, 0x00000000f0c00000, 0x0000000100000000)
  eden space 47104K, 0% used [0x00000000ec300000,0x00000000ec300000,0x00000000ef100000)
  from space 2560K, 80% used [0x00000000f0980000,0x00000000f0b80090,0x00000000f0c00000)
  to   space 10752K, 0% used [0x00000000ef700000,0x00000000ef700000,0x00000000f0180000)
 ParOldGen       total 45568K, used 15305K [0x00000000c4800000, 0x00000000c7480000, 0x00000000ec300000)
  object space 45568K, 33% used [0x00000000c4800000,0x00000000c56f2650,0x00000000c7480000)
 Metaspace       used 21166K, capacity 21371K, committed 21552K, reserved 1069056K
  class space    used 1989K, capacity 2053K, committed 2176K, reserved 1048576K
}

