# JRE version: Java(TM) SE Runtime Environment (8.0_45-b14) (build 1.8.0_45-b14)
# Java VM: Java HotSpot(TM) 64-Bit Server VM (25.45-b02 mixed mode linux-amd64 compressed oops)
Heap:
 PSYoungGen      total 185856K, used 177450K [0x00000000ec300000, 0x00000000f8c80000, 0x0000000100000000)
  eden space 174080K, 96% used [0x00000000ec300000,0x00000000f6712978,0x00000000f6d00000)
  from space 11776K, 80% used [0x00000000f7980000,0x00000000f82b8240,0x00000000f8500000)
  to   space 12800K, 0% used [0x00000000f6d00000,0x00000000f6d00000,0x00000000f7980000)
 ParOldGen       total 45568K, used 16857K [0x00000000c4800000, 0x00000000c7480000, 0x00000000ec300000)
  object space 45568K, 36% used [0x00000000c4800000,0x00000000c58765c8,0x00000000c7480000)
 Metaspace       used 21652K, capacity 21851K, committed 22064K, reserved 1069056K
  class space    used 2004K, capacity 2085K, committed 2176K, reserved 1048576K
GC Heap History (10 events):
Event: 7.789 GC heap before
{Heap before GC invocations=5 (full 0):
 PSYoungGen      total 64000K, used 10011K [0x00000000ec300000, 0x00000000f0400000, 0x0000000100000000)
  eden space 61440K, 12% used [0x00000000ec300000,0x00000000eca4a428,0x00000000eff00000)
  from space 2560K, 99% used [0x00000000f0180000,0x00000000f03fc870,0x00000000f0400000)
  to   space 2560K, 0% used [0x00000000eff00000,0x00000000eff00000,0x00000000f0180000)
 ParOldGen       total 40960K, used 16298K [0x00000000c4800000, 0x00000000c7000000, 0x00000000ec300000)
  object space 40960K, 39% used [0x00000000c4800000,0x00000000c57eaae8,0x00000000c7000000)
 Metaspace       used 20924K, capacity 21147K, committed 21296K, reserved 1069056K
  class space    used 2000K, capacity 2085K, committed 2176K, reserved 1048576K
Event: 7.801 GC heap after
Heap after GC invocations=5 (full 0):
 PSYoungGen      total 64000K, used 2530K [0x00000000ec300000, 0x00000000f5200000, 0x0000000100000000)
  eden space 61440K, 0% used [0x00000000ec300000,0x00000000ec300000,0x00000000eff00000)
  from space 2560K, 98% used [0x00000000eff00000,0x00000000f0178880,0x00000000f0180000)
  to   space 11776K, 0% used [0x00000000f4680000,0x00000000f4680000,0x00000000f5200000)
 ParOldGen       total 40960K, used 16618K [0x00000000c4800000, 0x00000000c7000000, 0x00000000ec300000)
  object space 40960K, 40% used [0x00000000c4800000,0x00000000c583ab08,0x00000000c7000000)
 Metaspace       used 20924K, capacity 21147K, committed 21296K, reserved 1069056K
  class space    used 2000K, capacity 2085K, committed 2176K, reserved 1048576K
}
Event: 7.801 GC heap before
{Heap before GC invocations=6 (full 1):
 PSYoungGen      total 64000K, used 2530K [0x00000000ec300000, 0x00000000f5200000, 0x0000000100000000)
  eden space 61440K, 0% used [0x00000000ec300000,0x00000000ec300000,0x00000000eff00000)
  from space 2560K, 98% used [0x00000000eff00000,0x00000000f0178880,0x00000000f0180000)
  to   space 11776K, 0% used [0x00000000f4680000,0x00000000f4680000,0x00000000f5200000)
 ParOldGen       total 40960K, used 16618K [0x00000000c4800000, 0x00000000c7000000, 0x00000000ec300000)
  object space 40960K, 40% used [0x00000000c4800000,0x00000000c583ab08,0x00000000c7000000)
 Metaspace       used 20924K, capacity 21147K, committed 21296K, reserved 1069056K
  class space    used 2000K, capacity 2085K, committed 2176K, reserved 1048576K
Event: 7.841 GC heap after
Heap after GC invocations=6 (full 1):
 PSYoungGen      total 64000K, used 0K [0x00000000ec300000, 0x00000000f5200000, 0x0000000100000000)
  eden space 61440K, 0% used [0x00000000ec300000,0x00000000ec300000,0x00000000eff00000)
  from space 2560K, 0% used [0x00000000eff00000,0x00000000eff00000,0x00000000f0180000)
  to   space 11776K, 0% used [0x00000000f4680000,0x00000000f4680000,0x00000000f5200000)
 ParOldGen       total 45568K, used 16833K [0x00000000c4800000, 0x00000000c7480000, 0x00000000ec300000)
  object space 45568K, 36% used [0x00000000c4800000,0x00000000c58705c8,0x00000000c7480000)
 Metaspace       used 20924K, capacity 21147K, committed 21296K, reserved 1069056K
  class space    used 2000K, capacity 2085K, committed 2176K, reserved 1048576K
}
Event: 11.525 GC heap before
{Heap before GC invocations=7 (full 1):
 PSYoungGen      total 64000K, used 61440K [0x00000000ec300000, 0x00000000f5200000, 0x0000000100000000)
  eden space 61440K, 100% used [0x00000000ec300000,0x00000000eff00000,0x00000000eff00000)
  from space 2560K, 0% used [0x00000000eff00000,0x00000000eff00000,0x00000000f0180000)
  to   space 11776K, 0% used [0x00000000f4680000,0x00000000f4680000,0x00000000f5200000)
 ParOldGen       total 45568K, used 16833K [0x00000000c4800000, 0x00000000c7480000, 0x00000000ec300000)
  object space 45568K, 36% used [0x00000000c4800000,0x00000000c58705c8,0x00000000c7480000)
 Metaspace       used 21229K, capacity 21467K, committed 21808K, reserved 1069056K
  class space    used 2002K, capacity 2085K, committed 2176K, reserved 1048576K
Event: 11.529 GC heap after
Heap after GC invocations=7 (full 1):
 PSYoungGen      total 107520K, used 1952K [0x00000000ec300000, 0x00000000f4880000, 0x0000000100000000)
  eden space 105472K, 0% used [0x00000000ec300000,0x00000000ec300000,0x00000000f2a00000)
  from space 2048K, 95% used [0x00000000f4680000,0x00000000f4868070,0x00000000f4880000)
  to   space 11776K, 0% used [0x00000000f3180000,0x00000000f3180000,0x00000000f3d00000)
 ParOldGen       total 45568K, used 16841K [0x00000000c4800000, 0x00000000c7480000, 0x00000000ec300000)
  object space 45568K, 36% used [0x00000000c4800000,0x00000000c58725c8,0x00000000c7480000)
 Metaspace       used 21229K, capacity 21467K, committed 21808K, reserved 1069056K
  class space    used 2002K, capacity 2085K, committed 2176K, reserved 1048576K
}
Event: 17.701 GC heap before
{Heap before GC invocations=8 (full 1):
 PSYoungGen      total 107520K, used 107424K [0x00000000ec300000, 0x00000000f4880000, 0x0000000100000000)
  eden space 105472K, 100% used [0x00000000ec300000,0x00000000f2a00000,0x00000000f2a00000)
  from space 2048K, 95% used [0x00000000f4680000,0x00000000f4868070,0x00000000f4880000)
  to   space 11776K, 0% used [0x00000000f3180000,0x00000000f3180000,0x00000000f3d00000)
 ParOldGen       total 45568K, used 16841K [0x00000000c4800000, 0x00000000c7480000, 0x00000000ec300000)
  object space 45568K, 36% used [0x00000000c4800000,0x00000000c58725c8,0x00000000c7480000)
 Metaspace       used 21498K, capacity 21723K, committed 22064K, reserved 1069056K
  class space    used 2002K, capacity 2085K, committed 2176K, reserved 1048576K
Event: 17.707 GC heap after
Heap after GC invocations=8 (full 1):
 PSYoungGen      total 124928K, used 6400K [0x00000000ec300000, 0x00000000f8500000, 0x0000000100000000)
  eden space 113152K, 0% used [0x00000000ec300000,0x00000000ec300000,0x00000000f3180000)
  from space 11776K, 54% used [0x00000000f3180000,0x00000000f37c01a0,0x00000000f3d00000)
  to   space 11776K, 0% used [0x00000000f7980000,0x00000000f7980000,0x00000000f8500000)
 ParOldGen       total 45568K, used 16849K [0x00000000c4800000, 0x00000000c7480000, 0x00000000ec300000)
  object space 45568K, 36% used [0x00000000c4800000,0x00000000c58745c8,0x00000000c7480000)
 Metaspace       used 21498K, capacity 21723K, committed 22064K, reserved 1069056K
  class space    used 2002K, capacity 2085K, committed 2176K, reserved 1048576K
}
Event: 24.636 GC heap before
{Heap before GC invocations=9 (full 1):
 PSYoungGen      total 124928K, used 119552K [0x00000000ec300000, 0x00000000f8500000, 0x0000000100000000)
  eden space 113152K, 100% used [0x00000000ec300000,0x00000000f3180000,0x00000000f3180000)
  from space 11776K, 54% used [0x00000000f3180000,0x00000000f37c01a0,0x00000000f3d00000)
  to   space 11776K, 0% used [0x00000000f7980000,0x00000000f7980000,0x00000000f8500000)
 ParOldGen       total 45568K, used 16849K [0x00000000c4800000, 0x00000000c7480000, 0x00000000ec300000)
  object space 45568K, 36% used [0x00000000c4800000,0x00000000c58745c8,0x00000000c7480000)
 Metaspace       used 21588K, capacity 21851K, committed 22064K, reserved 1069056K
  class space    used 2002K, capacity 2085K, committed 2176K, reserved 1048576K
Event: 24.644 GC heap after
Heap after GC invocations=9 (full 1):
 PSYoungGen      total 185856K, used 9440K [0x00000000ec300000, 0x00000000f8c80000, 0x0000000100000000)
  eden space 174080K, 0% used [0x00000000ec300000,0x00000000ec300000,0x00000000f6d00000)
  from space 11776K, 80% used [0x00000000f7980000,0x00000000f82b8240,0x00000000f8500000)
  to   space 12800K, 0% used [0x00000000f6d00000,0x00000000f6d00000,0x00000000f7980000)
 ParOldGen       total 45568K, used 16857K [0x00000000c4800000, 0x00000000c7480000, 0x00000000ec300000)
  object space 45568K, 36% used [0x00000000c4800000,0x00000000c58765c8,0x00000000c7480000)
 Metaspace       used 21588K, capacity 21851K, committed 22064K, reserved 1069056K
  class space    used 2002K, capacity 2085K, committed 2176K, reserved 1048576K
}

