# JRE version: Java(TM) SE Runtime Environment (8.0_45-b14) (build 1.8.0_45-b14)
# Java VM: Java HotSpot(TM) 64-Bit Server VM (25.45-b02 mixed mode linux-amd64 compressed oops)
Heap:
 PSYoungGen      total 109056K, used 82822K [0x00000000ec300000, 0x00000000f4c00000, 0x0000000100000000)
  eden space 103936K, 75% used [0x00000000ec300000,0x00000000f0f29930,0x00000000f2880000)
  from space 5120K, 94% used [0x00000000f4700000,0x00000000f4bb8120,0x00000000f4c00000)
  to   space 11264K, 0% used [0x00000000f3600000,0x00000000f3600000,0x00000000f4100000)
 ParOldGen       total 46080K, used 17054K [0x00000000c4800000, 0x00000000c7500000, 0x00000000ec300000)
  object space 46080K, 37% used [0x00000000c4800000,0x00000000c58a7a68,0x00000000c7500000)
 Metaspace       used 21411K, capacity 21595K, committed 21808K, reserved 1069056K
  class space    used 1997K, capacity 2085K, committed 2176K, reserved 1048576K
GC Heap History (10 events):
Event: 6.096 GC heap before
{Heap before GC invocations=3 (full 0):
 PSYoungGen      total 33280K, used 33264K [0x00000000ec300000, 0x00000000ee600000, 0x0000000100000000)
  eden space 30720K, 100% used [0x00000000ec300000,0x00000000ee100000,0x00000000ee100000)
  from space 2560K, 99% used [0x00000000ee380000,0x00000000ee5fc030,0x00000000ee600000)
  to   space 2560K, 0% used [0x00000000ee100000,0x00000000ee100000,0x00000000ee380000)
 ParOldGen       total 40960K, used 2071K [0x00000000c4800000, 0x00000000c7000000, 0x00000000ec300000)
  object space 40960K, 5% used [0x00000000c4800000,0x00000000c4a05dc0,0x00000000c7000000)
 Metaspace       used 20126K, capacity 20311K, committed 20480K, reserved 1067008K
  class space    used 1962K, capacity 2047K, committed 2048K, reserved 1048576K
Event: 6.109 GC heap after
Heap after GC invocations=3 (full 0):
 PSYoungGen      total 33280K, used 2544K [0x00000000ec300000, 0x00000000f0400000, 0x0000000100000000)
  eden space 30720K, 0% used [0x00000000ec300000,0x00000000ec300000,0x00000000ee100000)
  from space 2560K, 99% used [0x00000000ee100000,0x00000000ee37c050,0x00000000ee380000)
  to   space 2560K, 0% used [0x00000000f0180000,0x00000000f0180000,0x00000000f0400000)
 ParOldGen       total 40960K, used 12123K [0x00000000c4800000, 0x00000000c7000000, 0x00000000ec300000)
  object space 40960K, 29% used [0x00000000c4800000,0x00000000c53d6fc0,0x00000000c7000000)
 Metaspace       used 20126K, capacity 20311K, committed 20480K, reserved 1067008K
  class space    used 1962K, capacity 2047K, committed 2048K, reserved 1048576K
}
Event: 7.410 GC heap before
{Heap before GC invocations=4 (full 0):
 PSYoungGen      total 33280K, used 33264K [0x00000000ec300000, 0x00000000f0400000, 0x0000000100000000)
  eden space 30720K, 100% used [0x00000000ec300000,0x00000000ee100000,0x00000000ee100000)
  from space 2560K, 99% used [0x00000000ee100000,0x00000000ee37c050,0x00000000ee380000)
  to   space 2560K, 0% used [0x00000000f0180000,0x00000000f0180000,0x00000000f0400000)
 ParOldGen       total 40960K, used 12123K [0x00000000c4800000, 0x00000000c7000000, 0x00000000ec300000)
  object space 40960K, 29% used [0x00000000c4800000,0x00000000c53d6fc0,0x00000000c7000000)
 Metaspace       used 20878K, capacity 21045K, committed 21296K, reserved 1069056K
  class space    used 1992K, capacity 2052K, committed 2176K, reserved 1048576K
Event: 7.420 GC heap after
Heap after GC invocations=4 (full 0):
 PSYoungGen      total 64000K, used 2530K [0x00000000ec300000, 0x00000000f0400000, 0x0000000100000000)
  eden space 61440K, 0% used [0x00000000ec300000,0x00000000ec300000,0x00000000eff00000)
  from space 2560K, 98% used [0x00000000f0180000,0x00000000f03f88c0,0x00000000f0400000)
  to   space 2560K, 0% used [0x00000000eff00000,0x00000000eff00000,0x00000000f0180000)
 ParOldGen       total 40960K, used 16739K [0x00000000c4800000, 0x00000000c7000000, 0x00000000ec300000)
  object space 40960K, 40% used [0x00000000c4800000,0x00000000c5858ea8,0x00000000c7000000)
 Metaspace       used 20878K, capacity 21045K, committed 21296K, reserved 1069056K
  class space    used 1992K, capacity 2052K, committed 2176K, reserved 1048576K
}
Event: 7.582 GC heap before
{Heap before GC invocations=5 (full 0):
 PSYoungGen      total 64000K, used 8954K [0x00000000ec300000, 0x00000000f0400000, 0x0000000100000000)
  eden space 61440K, 10% used [0x00000000ec300000,0x00000000ec945fa8,0x00000000eff00000)
  from space 2560K, 98% used [0x00000000f0180000,0x00000000f03f88c0,0x00000000f0400000)
  to   space 2560K, 0% used [0x00000000eff00000,0x00000000eff00000,0x00000000f0180000)
 ParOldGen       total 40960K, used 16739K [0x00000000c4800000, 0x00000000c7000000, 0x00000000ec300000)
  object space 40960K, 40% used [0x00000000c4800000,0x00000000c5858ea8,0x00000000c7000000)
 Metaspace       used 20911K, capacity 21109K, committed 21296K, reserved 1069056K
  class space    used 1992K, capacity 2052K, committed 2176K, reserved 1048576K
Event: 7.588 GC heap after
Heap after GC invocations=5 (full 0):
 PSYoungGen      total 64000K, used 2530K [0x00000000ec300000, 0x00000000f5300000, 0x0000000100000000)
  eden space 61440K, 0% used [0x00000000ec300000,0x00000000ec300000,0x00000000eff00000)
  from space 2560K, 98% used [0x00000000eff00000,0x00000000f01788c0,0x00000000f0180000)
  to   space 12288K, 0% used [0x00000000f4700000,0x00000000f4700000,0x00000000f5300000)
 ParOldGen       total 40960K, used 17267K [0x00000000c4800000, 0x00000000c7000000, 0x00000000ec300000)
  object space 40960K, 42% used [0x00000000c4800000,0x00000000c58dcef8,0x00000000c7000000)
 Metaspace       used 20911K, capacity 21109K, committed 21296K, reserved 1069056K
  class space    used 1992K, capacity 2052K, committed 2176K, reserved 1048576K
}
Event: 7.588 GC heap before
{Heap before GC invocations=6 (full 1):
 PSYoungGen      total 64000K, used 2530K [0x00000000ec300000, 0x00000000f5300000, 0x0000000100000000)
  eden space 61440K, 0% used [0x00000000ec300000,0x00000000ec300000,0x00000000eff00000)
  from space 2560K, 98% used [0x00000000eff00000,0x00000000f01788c0,0x00000000f0180000)
  to   space 12288K, 0% used [0x00000000f4700000,0x00000000f4700000,0x00000000f5300000)
 ParOldGen       total 40960K, used 17267K [0x00000000c4800000, 0x00000000c7000000, 0x00000000ec300000)
  object space 40960K, 42% used [0x00000000c4800000,0x00000000c58dcef8,0x00000000c7000000)
 Metaspace       used 20911K, capacity 21109K, committed 21296K, reserved 1069056K
  class space    used 1992K, capacity 2052K, committed 2176K, reserved 1048576K
Event: 7.635 GC heap after
Heap after GC invocations=6 (full 1):
 PSYoungGen      total 64000K, used 0K [0x00000000ec300000, 0x00000000f5300000, 0x0000000100000000)
  eden space 61440K, 0% used [0x00000000ec300000,0x00000000ec300000,0x00000000eff00000)
  from space 2560K, 0% used [0x00000000eff00000,0x00000000eff00000,0x00000000f0180000)
  to   space 12288K, 0% used [0x00000000f4700000,0x00000000f4700000,0x00000000f5300000)
 ParOldGen       total 46080K, used 17046K [0x00000000c4800000, 0x00000000c7500000, 0x00000000ec300000)
  object space 46080K, 36% used [0x00000000c4800000,0x00000000c58a5a68,0x00000000c7500000)
 Metaspace       used 20911K, capacity 21109K, committed 21296K, reserved 1069056K
  class space    used 1992K, capacity 2052K, committed 2176K, reserved 1048576K
}
Event: 12.692 GC heap before
{Heap before GC invocations=7 (full 1):
 PSYoungGen      total 64000K, used 61440K [0x00000000ec300000, 0x00000000f5300000, 0x0000000100000000)
  eden space 61440K, 100% used [0x00000000ec300000,0x00000000eff00000,0x00000000eff00000)
  from space 2560K, 0% used [0x00000000eff00000,0x00000000eff00000,0x00000000f0180000)
  to   space 12288K, 0% used [0x00000000f4700000,0x00000000f4700000,0x00000000f5300000)
 ParOldGen       total 46080K, used 17046K [0x00000000c4800000, 0x00000000c7500000, 0x00000000ec300000)
  object space 46080K, 36% used [0x00000000c4800000,0x00000000c58a5a68,0x00000000c7500000)
 Metaspace       used 21241K, capacity 21435K, committed 21808K, reserved 1069056K
  class space    used 1995K, capacity 2053K, committed 2176K, reserved 1048576K
Event: 12.699 GC heap after
Heap after GC invocations=7 (full 1):
 PSYoungGen      total 109056K, used 4832K [0x00000000ec300000, 0x00000000f4c00000, 0x0000000100000000)
  eden space 103936K, 0% used [0x00000000ec300000,0x00000000ec300000,0x00000000f2880000)
  from space 5120K, 94% used [0x00000000f4700000,0x00000000f4bb8120,0x00000000f4c00000)
  to   space 11264K, 0% used [0x00000000f3600000,0x00000000f3600000,0x00000000f4100000)
 ParOldGen       total 46080K, used 17054K [0x00000000c4800000, 0x00000000c7500000, 0x00000000ec300000)
  object space 46080K, 37% used [0x00000000c4800000,0x00000000c58a7a68,0x00000000c7500000)
 Metaspace       used 21241K, capacity 21435K, committed 21808K, reserved 1069056K
  class space    used 1995K, capacity 2053K, committed 2176K, reserved 1048576K
}

