# JRE version: Java(TM) SE Runtime Environment (8.0_45-b14) (build 1.8.0_45-b14)
# Java VM: Java HotSpot(TM) 64-Bit Server VM (25.45-b02 mixed mode linux-amd64 compressed oops)
Heap:
 PSYoungGen      total 269824K, used 144134K [0x00000000ec300000, 0x00000000fe680000, 0x0000000100000000)
  eden space 257536K, 55% used [0x00000000ec300000,0x00000000f4fb1840,0x00000000fbe80000)
  from space 12288K, 0% used [0x00000000fce80000,0x00000000fce90000,0x00000000fda80000)
  to   space 11776K, 0% used [0x00000000fdb00000,0x00000000fdb00000,0x00000000fe680000)
 ParOldGen       total 66048K, used 41724K [0x00000000c4800000, 0x00000000c8880000, 0x00000000ec300000)
  object space 66048K, 63% used [0x00000000c4800000,0x00000000c70bf3b8,0x00000000c8880000)
 Metaspace       used 21651K, capacity 21883K, committed 22064K, reserved 1069056K
  class space    used 1994K, capacity 2053K, committed 2176K, reserved 1048576K
GC Heap History (10 events):
Event: 197.247 GC heap before
{Heap before GC invocations=17 (full 2):
 PSYoungGen      total 310784K, used 297088K [0x00000000ec300000, 0x0000000100000000, 0x0000000100000000)
  eden space 296960K, 100% used [0x00000000ec300000,0x00000000fe500000,0x00000000fe500000)
  from space 13824K, 0% used [0x00000000ff280000,0x00000000ff2a0000,0x0000000100000000)
  to   space 13824K, 0% used [0x00000000fe500000,0x00000000fe500000,0x00000000ff280000)
 ParOldGen       total 66048K, used 41700K [0x00000000c4800000, 0x00000000c8880000, 0x00000000ec300000)
  object space 66048K, 63% used [0x00000000c4800000,0x00000000c70b93b8,0x00000000c8880000)
 Metaspace       used 21642K, capacity 21883K, committed 22064K, reserved 1069056K
  class space    used 1993K, capacity 2053K, committed 2176K, reserved 1048576K
Event: 197.250 GC heap after
Heap after GC invocations=17 (full 2):
 PSYoungGen      total 297472K, used 96K [0x00000000ec300000, 0x00000000fff00000, 0x0000000100000000)
  eden space 296960K, 0% used [0x00000000ec300000,0x00000000ec300000,0x00000000fe500000)
  from space 512K, 18% used [0x00000000fe500000,0x00000000fe518000,0x00000000fe580000)
  to   space 13312K, 0% used [0x00000000ff200000,0x00000000ff200000,0x00000000fff00000)
 ParOldGen       total 66048K, used 41700K [0x00000000c4800000, 0x00000000c8880000, 0x00000000ec300000)
  object space 66048K, 63% used [0x00000000c4800000,0x00000000c70b93b8,0x00000000c8880000)
 Metaspace       used 21642K, capacity 21883K, committed 22064K, reserved 1069056K
  class space    used 1993K, capacity 2053K, committed 2176K, reserved 1048576K
}
Event: 235.931 GC heap before
{Heap before GC invocations=18 (full 2):
 PSYoungGen      total 297472K, used 297056K [0x00000000ec300000, 0x00000000fff00000, 0x0000000100000000)
  eden space 296960K, 100% used [0x00000000ec300000,0x00000000fe500000,0x00000000fe500000)
  from space 512K, 18% used [0x00000000fe500000,0x00000000fe518000,0x00000000fe580000)
  to   space 13312K, 0% used [0x00000000ff200000,0x00000000ff200000,0x00000000fff00000)
 ParOldGen       total 66048K, used 41700K [0x00000000c4800000, 0x00000000c8880000, 0x00000000ec300000)
  object space 66048K, 63% used [0x00000000c4800000,0x00000000c70b93b8,0x00000000c8880000)
 Metaspace       used 21642K, capacity 21883K, committed 22064K, reserved 1069056K
  class space    used 1993K, capacity 2053K, committed 2176K, reserved 1048576K
Event: 235.933 GC heap after
Heap after GC invocations=18 (full 2):
 PSYoungGen      total 310272K, used 96K [0x00000000ec300000, 0x0000000100000000, 0x0000000100000000)
  eden space 296960K, 0% used [0x00000000ec300000,0x00000000ec300000,0x00000000fe500000)
  from space 13312K, 0% used [0x00000000ff200000,0x00000000ff218000,0x00000000fff00000)
  to   space 13312K, 0% used [0x00000000fe500000,0x00000000fe500000,0x00000000ff200000)
 ParOldGen       total 66048K, used 41700K [0x00000000c4800000, 0x00000000c8880000, 0x00000000ec300000)
  object space 66048K, 63% used [0x00000000c4800000,0x00000000c70b93b8,0x00000000c8880000)
 Metaspace       used 21642K, capacity 21883K, committed 22064K, reserved 1069056K
  class space    used 1993K, capacity 2053K, committed 2176K, reserved 1048576K
}
Event: 316.301 GC heap before
{Heap before GC invocations=19 (full 2):
 PSYoungGen      total 310272K, used 297056K [0x00000000ec300000, 0x0000000100000000, 0x0000000100000000)
  eden space 296960K, 100% used [0x00000000ec300000,0x00000000fe500000,0x00000000fe500000)
  from space 13312K, 0% used [0x00000000ff200000,0x00000000ff218000,0x00000000fff00000)
  to   space 13312K, 0% used [0x00000000fe500000,0x00000000fe500000,0x00000000ff200000)
 ParOldGen       total 66048K, used 41700K [0x00000000c4800000, 0x00000000c8880000, 0x00000000ec300000)
  object space 66048K, 63% used [0x00000000c4800000,0x00000000c70b93b8,0x00000000c8880000)
 Metaspace       used 21647K, capacity 21883K, committed 22064K, reserved 1069056K
  class space    used 1993K, capacity 2053K, committed 2176K, reserved 1048576K
Event: 316.302 GC heap after
Heap after GC invocations=19 (full 2):
 PSYoungGen      total 283648K, used 128K [0x00000000ec300000, 0x00000000ff280000, 0x0000000100000000)
  eden space 283136K, 0% used [0x00000000ec300000,0x00000000ec300000,0x00000000fd780000)
  from space 512K, 25% used [0x00000000fe500000,0x00000000fe520000,0x00000000fe580000)
  to   space 12800K, 0% used [0x00000000fe600000,0x00000000fe600000,0x00000000ff280000)
 ParOldGen       total 66048K, used 41700K [0x00000000c4800000, 0x00000000c8880000, 0x00000000ec300000)
  object space 66048K, 63% used [0x00000000c4800000,0x00000000c70b93b8,0x00000000c8880000)
 Metaspace       used 21647K, capacity 21883K, committed 22064K, reserved 1069056K
  class space    used 1993K, capacity 2053K, committed 2176K, reserved 1048576K
}
Event: 462.245 GC heap before
{Heap before GC invocations=20 (full 2):
 PSYoungGen      total 283648K, used 283264K [0x00000000ec300000, 0x00000000ff280000, 0x0000000100000000)
  eden space 283136K, 100% used [0x00000000ec300000,0x00000000fd780000,0x00000000fd780000)
  from space 512K, 25% used [0x00000000fe500000,0x00000000fe520000,0x00000000fe580000)
  to   space 12800K, 0% used [0x00000000fe600000,0x00000000fe600000,0x00000000ff280000)
 ParOldGen       total 66048K, used 41700K [0x00000000c4800000, 0x00000000c8880000, 0x00000000ec300000)
  object space 66048K, 63% used [0x00000000c4800000,0x00000000c70b93b8,0x00000000c8880000)
 Metaspace       used 21649K, capacity 21883K, committed 22064K, reserved 1069056K
  class space    used 1993K, capacity 2053K, committed 2176K, reserved 1048576K
Event: 462.431 GC heap after
Heap after GC invocations=20 (full 2):
 PSYoungGen      total 270336K, used 96K [0x00000000ec300000, 0x00000000fe680000, 0x0000000100000000)
  eden space 269824K, 0% used [0x00000000ec300000,0x00000000ec300000,0x00000000fca80000)
  from space 512K, 18% used [0x00000000fe600000,0x00000000fe618000,0x00000000fe680000)
  to   space 12288K, 0% used [0x00000000fce80000,0x00000000fce80000,0x00000000fda80000)
 ParOldGen       total 66048K, used 41716K [0x00000000c4800000, 0x00000000c8880000, 0x00000000ec300000)
  object space 66048K, 63% used [0x00000000c4800000,0x00000000c70bd3b8,0x00000000c8880000)
 Metaspace       used 21649K, capacity 21883K, committed 22064K, reserved 1069056K
  class space    used 1993K, capacity 2053K, committed 2176K, reserved 1048576K
}
Event: 524.720 GC heap before
{Heap before GC invocations=21 (full 2):
 PSYoungGen      total 270336K, used 269920K [0x00000000ec300000, 0x00000000fe680000, 0x0000000100000000)
  eden space 269824K, 100% used [0x00000000ec300000,0x00000000fca80000,0x00000000fca80000)
  from space 512K, 18% used [0x00000000fe600000,0x00000000fe618000,0x00000000fe680000)
  to   space 12288K, 0% used [0x00000000fce80000,0x00000000fce80000,0x00000000fda80000)
 ParOldGen       total 66048K, used 41716K [0x00000000c4800000, 0x00000000c8880000, 0x00000000ec300000)
  object space 66048K, 63% used [0x00000000c4800000,0x00000000c70bd3b8,0x00000000c8880000)
 Metaspace       used 21649K, capacity 21883K, committed 22064K, reserved 1069056K
  class space    used 1993K, capacity 2053K, committed 2176K, reserved 1048576K
Event: 524.795 GC heap after
Heap after GC invocations=21 (full 2):
 PSYoungGen      total 269824K, used 64K [0x00000000ec300000, 0x00000000fe680000, 0x0000000100000000)
  eden space 257536K, 0% used [0x00000000ec300000,0x00000000ec300000,0x00000000fbe80000)
  from space 12288K, 0% used [0x00000000fce80000,0x00000000fce90000,0x00000000fda80000)
  to   space 11776K, 0% used [0x00000000fdb00000,0x00000000fdb00000,0x00000000fe680000)
 ParOldGen       total 66048K, used 41724K [0x00000000c4800000, 0x00000000c8880000, 0x00000000ec300000)
  object space 66048K, 63% used [0x00000000c4800000,0x00000000c70bf3b8,0x00000000c8880000)
 Metaspace       used 21649K, capacity 21883K, committed 22064K, reserved 1069056K
  class space    used 1993K, capacity 2053K, committed 2176K, reserved 1048576K
}

