# JRE version: Java(TM) SE Runtime Environment (8.0_45-b14) (build 1.8.0_45-b14)
# Java VM: Java HotSpot(TM) 64-Bit Server VM (25.45-b02 mixed mode linux-amd64 compressed oops)
Heap:
 PSYoungGen      total 30208K, used 9801K [0x00000000ec300000, 0x00000000ee980000, 0x0000000100000000)
  eden space 23040K, 29% used [0x00000000ec300000,0x00000000ec9a23f0,0x00000000ed980000)
  from space 7168K, 41% used [0x00000000ee280000,0x00000000ee5700c0,0x00000000ee980000)
  to   space 8192K, 0% used [0x00000000ed980000,0x00000000ed980000,0x00000000ee180000)
 ParOldGen       total 41472K, used 24035K [0x00000000c4800000, 0x00000000c7080000, 0x00000000ec300000)
  object space 41472K, 57% used [0x00000000c4800000,0x00000000c5f78ef0,0x00000000c7080000)
 Metaspace       used 21482K, capacity 21659K, committed 21808K, reserved 1069056K
  class space    used 2000K, capacity 2085K, committed 2176K, reserved 1048576K
GC Heap History (10 events):
Event: 22.655 GC heap before
{Heap before GC invocations=11 (full 1):
 PSYoungGen      total 27648K, used 27584K [0x00000000ec300000, 0x00000000eef00000, 0x0000000100000000)
  eden space 25600K, 100% used [0x00000000ec300000,0x00000000edc00000,0x00000000edc00000)
  from space 2048K, 96% used [0x00000000edc80000,0x00000000ede70080,0x00000000ede80000)
  to   space 9728K, 0% used [0x00000000ee580000,0x00000000ee580000,0x00000000eef00000)
 ParOldGen       total 41472K, used 14571K [0x00000000c4800000, 0x00000000c7080000, 0x00000000ec300000)
  object space 41472K, 35% used [0x00000000c4800000,0x00000000c563ac70,0x00000000c7080000)
 Metaspace       used 21335K, capacity 21531K, committed 21808K, reserved 1069056K
  class space    used 1998K, capacity 2085K, committed 2176K, reserved 1048576K
Event: 22.664 GC heap after
Heap after GC invocations=11 (full 1):
 PSYoungGen      total 34304K, used 1760K [0x00000000ec300000, 0x00000000eee80000, 0x0000000100000000)
  eden space 25088K, 0% used [0x00000000ec300000,0x00000000ec300000,0x00000000edb80000)
  from space 9216K, 19% used [0x00000000ee580000,0x00000000ee738070,0x00000000eee80000)
  to   space 9728K, 0% used [0x00000000edb80000,0x00000000edb80000,0x00000000ee500000)
 ParOldGen       total 41472K, used 16155K [0x00000000c4800000, 0x00000000c7080000, 0x00000000ec300000)
  object space 41472K, 38% used [0x00000000c4800000,0x00000000c57c6cd0,0x00000000c7080000)
 Metaspace       used 21335K, capacity 21531K, committed 21808K, reserved 1069056K
  class space    used 1998K, capacity 2085K, committed 2176K, reserved 1048576K
}
Event: 24.373 GC heap before
{Heap before GC invocations=12 (full 1):
 PSYoungGen      total 34304K, used 26749K [0x00000000ec300000, 0x00000000eee80000, 0x0000000100000000)
  eden space 25088K, 99% used [0x00000000ec300000,0x00000000edb67690,0x00000000edb80000)
  from space 9216K, 19% used [0x00000000ee580000,0x00000000ee738070,0x00000000eee80000)
  to   space 9728K, 0% used [0x00000000edb80000,0x00000000edb80000,0x00000000ee500000)
 ParOldGen       total 41472K, used 16155K [0x00000000c4800000, 0x00000000c7080000, 0x00000000ec300000)
  object space 41472K, 38% used [0x00000000c4800000,0x00000000c57c6cd0,0x00000000c7080000)
 Metaspace       used 21364K, capacity 21595K, committed 21808K, reserved 1069056K
  class space    used 1998K, capacity 2085K, committed 2176K, reserved 1048576K
Event: 24.375 GC heap after
Heap after GC invocations=12 (full 1):
 PSYoungGen      total 28160K, used 3248K [0x00000000ec300000, 0x00000000eed00000, 0x0000000100000000)
  eden space 24576K, 0% used [0x00000000ec300000,0x00000000ec300000,0x00000000edb00000)
  from space 3584K, 90% used [0x00000000edb80000,0x00000000edeac0d0,0x00000000edf00000)
  to   space 9216K, 0% used [0x00000000ee400000,0x00000000ee400000,0x00000000eed00000)
 ParOldGen       total 41472K, used 16995K [0x00000000c4800000, 0x00000000c7080000, 0x00000000ec300000)
  object space 41472K, 40% used [0x00000000c4800000,0x00000000c5898d20,0x00000000c7080000)
 Metaspace       used 21364K, capacity 21595K, committed 21808K, reserved 1069056K
  class space    used 1998K, capacity 2085K, committed 2176K, reserved 1048576K
}
Event: 26.138 GC heap before
{Heap before GC invocations=13 (full 1):
 PSYoungGen      total 28160K, used 27824K [0x00000000ec300000, 0x00000000eed00000, 0x0000000100000000)
  eden space 24576K, 100% used [0x00000000ec300000,0x00000000edb00000,0x00000000edb00000)
  from space 3584K, 90% used [0x00000000edb80000,0x00000000edeac0d0,0x00000000edf00000)
  to   space 9216K, 0% used [0x00000000ee400000,0x00000000ee400000,0x00000000eed00000)
 ParOldGen       total 41472K, used 16995K [0x00000000c4800000, 0x00000000c7080000, 0x00000000ec300000)
  object space 41472K, 40% used [0x00000000c4800000,0x00000000c5898d20,0x00000000c7080000)
 Metaspace       used 21383K, capacity 21595K, committed 21808K, reserved 1069056K
  class space    used 1998K, capacity 2085K, committed 2176K, reserved 1048576K
Event: 26.146 GC heap after
Heap after GC invocations=13 (full 1):
 PSYoungGen      total 31744K, used 3760K [0x00000000ec300000, 0x00000000eeb80000, 0x0000000100000000)
  eden space 24064K, 0% used [0x00000000ec300000,0x00000000ec300000,0x00000000eda80000)
  from space 7680K, 48% used [0x00000000ee400000,0x00000000ee7ac0f0,0x00000000eeb80000)
  to   space 8704K, 0% used [0x00000000eda80000,0x00000000eda80000,0x00000000ee300000)
 ParOldGen       total 41472K, used 19331K [0x00000000c4800000, 0x00000000c7080000, 0x00000000ec300000)
  object space 41472K, 46% used [0x00000000c4800000,0x00000000c5ae0db0,0x00000000c7080000)
 Metaspace       used 21383K, capacity 21595K, committed 21808K, reserved 1069056K
  class space    used 1998K, capacity 2085K, committed 2176K, reserved 1048576K
}
Event: 27.795 GC heap before
{Heap before GC invocations=14 (full 1):
 PSYoungGen      total 31744K, used 27824K [0x00000000ec300000, 0x00000000eeb80000, 0x0000000100000000)
  eden space 24064K, 100% used [0x00000000ec300000,0x00000000eda80000,0x00000000eda80000)
  from space 7680K, 48% used [0x00000000ee400000,0x00000000ee7ac0f0,0x00000000eeb80000)
  to   space 8704K, 0% used [0x00000000eda80000,0x00000000eda80000,0x00000000ee300000)
 ParOldGen       total 41472K, used 19331K [0x00000000c4800000, 0x00000000c7080000, 0x00000000ec300000)
  object space 41472K, 46% used [0x00000000c4800000,0x00000000c5ae0db0,0x00000000c7080000)
 Metaspace       used 21396K, capacity 21595K, committed 21808K, reserved 1069056K
  class space    used 1998K, capacity 2085K, committed 2176K, reserved 1048576K
Event: 27.809 GC heap after
Heap after GC invocations=14 (full 1):
 PSYoungGen      total 26624K, used 2816K [0x00000000ec300000, 0x00000000eeb00000, 0x0000000100000000)
  eden space 23552K, 0% used [0x00000000ec300000,0x00000000ec300000,0x00000000eda00000)
  from space 3072K, 91% used [0x00000000eda80000,0x00000000edd400c0,0x00000000edd80000)
  to   space 8704K, 0% used [0x00000000ee280000,0x00000000ee280000,0x00000000eeb00000)
 ParOldGen       total 41472K, used 22187K [0x00000000c4800000, 0x00000000c7080000, 0x00000000ec300000)
  object space 41472K, 53% used [0x00000000c4800000,0x00000000c5daae70,0x00000000c7080000)
 Metaspace       used 21396K, capacity 21595K, committed 21808K, reserved 1069056K
  class space    used 1998K, capacity 2085K, committed 2176K, reserved 1048576K
}
Event: 29.439 GC heap before
{Heap before GC invocations=15 (full 1):
 PSYoungGen      total 26624K, used 26368K [0x00000000ec300000, 0x00000000eeb00000, 0x0000000100000000)
  eden space 23552K, 100% used [0x00000000ec300000,0x00000000eda00000,0x00000000eda00000)
  from space 3072K, 91% used [0x00000000eda80000,0x00000000edd400c0,0x00000000edd80000)
  to   space 8704K, 0% used [0x00000000ee280000,0x00000000ee280000,0x00000000eeb00000)
 ParOldGen       total 41472K, used 22187K [0x00000000c4800000, 0x00000000c7080000, 0x00000000ec300000)
  object space 41472K, 53% used [0x00000000c4800000,0x00000000c5daae70,0x00000000c7080000)
 Metaspace       used 21405K, capacity 21595K, committed 21808K, reserved 1069056K
  class space    used 1998K, capacity 2085K, committed 2176K, reserved 1048576K
Event: 29.448 GC heap after
Heap after GC invocations=15 (full 1):
 PSYoungGen      total 30208K, used 3008K [0x00000000ec300000, 0x00000000ee980000, 0x0000000100000000)
  eden space 23040K, 0% used [0x00000000ec300000,0x00000000ec300000,0x00000000ed980000)
  from space 7168K, 41% used [0x00000000ee280000,0x00000000ee5700c0,0x00000000ee980000)
  to   space 8192K, 0% used [0x00000000ed980000,0x00000000ed980000,0x00000000ee180000)
 ParOldGen       total 41472K, used 24035K [0x00000000c4800000, 0x00000000c7080000, 0x00000000ec300000)
  object space 41472K, 57% used [0x00000000c4800000,0x00000000c5f78ef0,0x00000000c7080000)
 Metaspace       used 21405K, capacity 21595K, committed 21808K, reserved 1069056K
  class space    used 1998K, capacity 2085K, committed 2176K, reserved 1048576K
}

