# JRE version: Java(TM) SE Runtime Environment (8.0_45-b14) (build 1.8.0_45-b14)
# Java VM: Java HotSpot(TM) 64-Bit Server VM (25.45-b02 mixed mode linux-amd64 compressed oops)
Heap:
 PSYoungGen      total 161792K, used 16002K [0x00000000ec300000, 0x00000000f7500000, 0x0000000100000000)
  eden space 142848K, 2% used [0x00000000ec300000,0x00000000ec6a8620,0x00000000f4e80000)
  from space 18944K, 64% used [0x00000000f4e80000,0x00000000f5a782f0,0x00000000f6100000)
  to   space 18944K, 0% used [0x00000000f6280000,0x00000000f6280000,0x00000000f7500000)
 ParOldGen       total 47616K, used 22047K [0x00000000c4800000, 0x00000000c7680000, 0x00000000ec300000)
  object space 47616K, 46% used [0x00000000c4800000,0x00000000c5d87eb0,0x00000000c7680000)
 Metaspace       used 21532K, capacity 21787K, committed 22064K, reserved 1069056K
  class space    used 2007K, capacity 2085K, committed 2176K, reserved 1048576K
GC Heap History (10 events):
Event: 207.463 GC heap before
{Heap before GC invocations=16 (full 1):
 PSYoungGen      total 155136K, used 149504K [0x00000000ec300000, 0x00000000f6f00000, 0x0000000100000000)
  eden space 137216K, 100% used [0x00000000ec300000,0x00000000f4900000,0x00000000f4900000)
  from space 17920K, 68% used [0x00000000f5d80000,0x00000000f69802f0,0x00000000f6f00000)
  to   space 19456K, 0% used [0x00000000f4900000,0x00000000f4900000,0x00000000f5c00000)
 ParOldGen       total 47616K, used 22047K [0x00000000c4800000, 0x00000000c7680000, 0x00000000ec300000)
  object space 47616K, 46% used [0x00000000c4800000,0x00000000c5d87eb0,0x00000000c7680000)
 Metaspace       used 21525K, capacity 21787K, committed 22064K, reserved 1069056K
  class space    used 2007K, capacity 2085K, committed 2176K, reserved 1048576K
Event: 207.470 GC heap after
Heap after GC invocations=16 (full 1):
 PSYoungGen      total 156672K, used 12288K [0x00000000ec300000, 0x00000000f7380000, 0x0000000100000000)
  eden space 137216K, 0% used [0x00000000ec300000,0x00000000ec300000,0x00000000f4900000)
  from space 19456K, 63% used [0x00000000f4900000,0x00000000f55002f0,0x00000000f5c00000)
  to   space 19456K, 0% used [0x00000000f6080000,0x00000000f6080000,0x00000000f7380000)
 ParOldGen       total 47616K, used 22047K [0x00000000c4800000, 0x00000000c7680000, 0x00000000ec300000)
  object space 47616K, 46% used [0x00000000c4800000,0x00000000c5d87eb0,0x00000000c7680000)
 Metaspace       used 21525K, capacity 21787K, committed 22064K, reserved 1069056K
  class space    used 2007K, capacity 2085K, committed 2176K, reserved 1048576K
}
Event: 231.479 GC heap before
{Heap before GC invocations=17 (full 1):
 PSYoungGen      total 156672K, used 149504K [0x00000000ec300000, 0x00000000f7380000, 0x0000000100000000)
  eden space 137216K, 100% used [0x00000000ec300000,0x00000000f4900000,0x00000000f4900000)
  from space 19456K, 63% used [0x00000000f4900000,0x00000000f55002f0,0x00000000f5c00000)
  to   space 19456K, 0% used [0x00000000f6080000,0x00000000f6080000,0x00000000f7380000)
 ParOldGen       total 47616K, used 22047K [0x00000000c4800000, 0x00000000c7680000, 0x00000000ec300000)
  object space 47616K, 46% used [0x00000000c4800000,0x00000000c5d87eb0,0x00000000c7680000)
 Metaspace       used 21525K, capacity 21787K, committed 22064K, reserved 1069056K
  class space    used 2007K, capacity 2085K, committed 2176K, reserved 1048576K
Event: 231.490 GC heap after
Heap after GC invocations=17 (full 1):
 PSYoungGen      total 159232K, used 12256K [0x00000000ec300000, 0x00000000f7280000, 0x0000000100000000)
  eden space 140800K, 0% used [0x00000000ec300000,0x00000000ec300000,0x00000000f4c80000)
  from space 18432K, 66% used [0x00000000f6080000,0x00000000f6c782f0,0x00000000f7280000)
  to   space 19456K, 0% used [0x00000000f4c80000,0x00000000f4c80000,0x00000000f5f80000)
 ParOldGen       total 47616K, used 22047K [0x00000000c4800000, 0x00000000c7680000, 0x00000000ec300000)
  object space 47616K, 46% used [0x00000000c4800000,0x00000000c5d87eb0,0x00000000c7680000)
 Metaspace       used 21525K, capacity 21787K, committed 22064K, reserved 1069056K
  class space    used 2007K, capacity 2085K, committed 2176K, reserved 1048576K
}
Event: 364.381 GC heap before
{Heap before GC invocations=18 (full 1):
 PSYoungGen      total 159232K, used 153056K [0x00000000ec300000, 0x00000000f7280000, 0x0000000100000000)
  eden space 140800K, 100% used [0x00000000ec300000,0x00000000f4c80000,0x00000000f4c80000)
  from space 18432K, 66% used [0x00000000f6080000,0x00000000f6c782f0,0x00000000f7280000)
  to   space 19456K, 0% used [0x00000000f4c80000,0x00000000f4c80000,0x00000000f5f80000)
 ParOldGen       total 47616K, used 22047K [0x00000000c4800000, 0x00000000c7680000, 0x00000000ec300000)
  object space 47616K, 46% used [0x00000000c4800000,0x00000000c5d87eb0,0x00000000c7680000)
 Metaspace       used 21527K, capacity 21787K, committed 22064K, reserved 1069056K
  class space    used 2007K, capacity 2085K, committed 2176K, reserved 1048576K
Event: 364.659 GC heap after
Heap after GC invocations=18 (full 1):
 PSYoungGen      total 160256K, used 12288K [0x00000000ec300000, 0x00000000f7400000, 0x0000000100000000)
  eden space 140800K, 0% used [0x00000000ec300000,0x00000000ec300000,0x00000000f4c80000)
  from space 19456K, 63% used [0x00000000f4c80000,0x00000000f58802f0,0x00000000f5f80000)
  to   space 18944K, 0% used [0x00000000f6180000,0x00000000f6180000,0x00000000f7400000)
 ParOldGen       total 47616K, used 22047K [0x00000000c4800000, 0x00000000c7680000, 0x00000000ec300000)
  object space 47616K, 46% used [0x00000000c4800000,0x00000000c5d87eb0,0x00000000c7680000)
 Metaspace       used 21527K, capacity 21787K, committed 22064K, reserved 1069056K
  class space    used 2007K, capacity 2085K, committed 2176K, reserved 1048576K
}
Event: 394.558 GC heap before
{Heap before GC invocations=19 (full 1):
 PSYoungGen      total 160256K, used 153088K [0x00000000ec300000, 0x00000000f7400000, 0x0000000100000000)
  eden space 140800K, 100% used [0x00000000ec300000,0x00000000f4c80000,0x00000000f4c80000)
  from space 19456K, 63% used [0x00000000f4c80000,0x00000000f58802f0,0x00000000f5f80000)
  to   space 18944K, 0% used [0x00000000f6180000,0x00000000f6180000,0x00000000f7400000)
 ParOldGen       total 47616K, used 22047K [0x00000000c4800000, 0x00000000c7680000, 0x00000000ec300000)
  object space 47616K, 46% used [0x00000000c4800000,0x00000000c5d87eb0,0x00000000c7680000)
 Metaspace       used 21527K, capacity 21787K, committed 22064K, reserved 1069056K
  class space    used 2007K, capacity 2085K, committed 2176K, reserved 1048576K
Event: 394.572 GC heap after
Heap after GC invocations=19 (full 1):
 PSYoungGen      total 161280K, used 12256K [0x00000000ec300000, 0x00000000f7380000, 0x0000000100000000)
  eden space 142848K, 0% used [0x00000000ec300000,0x00000000ec300000,0x00000000f4e80000)
  from space 18432K, 66% used [0x00000000f6180000,0x00000000f6d782f0,0x00000000f7380000)
  to   space 18944K, 0% used [0x00000000f4e80000,0x00000000f4e80000,0x00000000f6100000)
 ParOldGen       total 47616K, used 22047K [0x00000000c4800000, 0x00000000c7680000, 0x00000000ec300000)
  object space 47616K, 46% used [0x00000000c4800000,0x00000000c5d87eb0,0x00000000c7680000)
 Metaspace       used 21527K, capacity 21787K, committed 22064K, reserved 1069056K
  class space    used 2007K, capacity 2085K, committed 2176K, reserved 1048576K
}
Event: 432.394 GC heap before
{Heap before GC invocations=20 (full 1):
 PSYoungGen      total 161280K, used 155104K [0x00000000ec300000, 0x00000000f7380000, 0x0000000100000000)
  eden space 142848K, 100% used [0x00000000ec300000,0x00000000f4e80000,0x00000000f4e80000)
  from space 18432K, 66% used [0x00000000f6180000,0x00000000f6d782f0,0x00000000f7380000)
  to   space 18944K, 0% used [0x00000000f4e80000,0x00000000f4e80000,0x00000000f6100000)
 ParOldGen       total 47616K, used 22047K [0x00000000c4800000, 0x00000000c7680000, 0x00000000ec300000)
  object space 47616K, 46% used [0x00000000c4800000,0x00000000c5d87eb0,0x00000000c7680000)
 Metaspace       used 21527K, capacity 21787K, committed 22064K, reserved 1069056K
  class space    used 2007K, capacity 2085K, committed 2176K, reserved 1048576K
Event: 432.400 GC heap after
Heap after GC invocations=20 (full 1):
 PSYoungGen      total 161792K, used 12256K [0x00000000ec300000, 0x00000000f7500000, 0x0000000100000000)
  eden space 142848K, 0% used [0x00000000ec300000,0x00000000ec300000,0x00000000f4e80000)
  from space 18944K, 64% used [0x00000000f4e80000,0x00000000f5a782f0,0x00000000f6100000)
  to   space 18944K, 0% used [0x00000000f6280000,0x00000000f6280000,0x00000000f7500000)
 ParOldGen       total 47616K, used 22047K [0x00000000c4800000, 0x00000000c7680000, 0x00000000ec300000)
  object space 47616K, 46% used [0x00000000c4800000,0x00000000c5d87eb0,0x00000000c7680000)
 Metaspace       used 21527K, capacity 21787K, committed 22064K, reserved 1069056K
  class space    used 2007K, capacity 2085K, committed 2176K, reserved 1048576K
}

