# JRE version: Java(TM) SE Runtime Environment (8.0_45-b14) (build 1.8.0_45-b14)
# Java VM: Java HotSpot(TM) 64-Bit Server VM (25.45-b02 mixed mode linux-amd64 compressed oops)
Heap:
 PSYoungGen      total 132608K, used 62486K [0x00000000ec300000, 0x00000000f5780000, 0x0000000100000000)
  eden space 130560K, 46% used [0x00000000ec300000,0x00000000efe557e8,0x00000000f4280000)
  from space 2048K, 84% used [0x00000000f4800000,0x00000000f49b0070,0x00000000f4a00000)
  to   space 10752K, 0% used [0x00000000f4d00000,0x00000000f4d00000,0x00000000f5780000)
 ParOldGen       total 45568K, used 14780K [0x00000000c4800000, 0x00000000c7480000, 0x00000000ec300000)
  object space 45568K, 32% used [0x00000000c4800000,0x00000000c566f3b8,0x00000000c7480000)
 Metaspace       used 21146K, capacity 21365K, committed 21808K, reserved 1069056K
  class space    used 1993K, capacity 2052K, committed 2176K, reserved 1048576K
GC Heap History (10 events):
Event: 5.532 GC heap before
{Heap before GC invocations=6 (full 1):
 PSYoungGen      total 64000K, used 2546K [0x00000000ec300000, 0x00000000f5100000, 0x0000000100000000)
  eden space 61440K, 0% used [0x00000000ec300000,0x00000000ec300000,0x00000000eff00000)
  from space 2560K, 99% used [0x00000000eff00000,0x00000000f017c8b0,0x00000000f0180000)
  to   space 11264K, 0% used [0x00000000f4600000,0x00000000f4600000,0x00000000f5100000)
 ParOldGen       total 40960K, used 15872K [0x00000000c4800000, 0x00000000c7000000, 0x00000000ec300000)
  object space 40960K, 38% used [0x00000000c4800000,0x00000000c5780190,0x00000000c7000000)
 Metaspace       used 20843K, capacity 21045K, committed 21296K, reserved 1069056K
  class space    used 1988K, capacity 2052K, committed 2176K, reserved 1048576K
Event: 5.596 GC heap after
Heap after GC invocations=6 (full 1):
 PSYoungGen      total 64000K, used 0K [0x00000000ec300000, 0x00000000f5100000, 0x0000000100000000)
  eden space 61440K, 0% used [0x00000000ec300000,0x00000000ec300000,0x00000000eff00000)
  from space 2560K, 0% used [0x00000000eff00000,0x00000000eff00000,0x00000000f0180000)
  to   space 11264K, 0% used [0x00000000f4600000,0x00000000f4600000,0x00000000f5100000)
 ParOldGen       total 45568K, used 14756K [0x00000000c4800000, 0x00000000c7480000, 0x00000000ec300000)
  object space 45568K, 32% used [0x00000000c4800000,0x00000000c56693b8,0x00000000c7480000)
 Metaspace       used 20843K, capacity 21045K, committed 21296K, reserved 1069056K
  class space    used 1988K, capacity 2052K, committed 2176K, reserved 1048576K
}
Event: 19.954 GC heap before
{Heap before GC invocations=7 (full 1):
 PSYoungGen      total 64000K, used 61440K [0x00000000ec300000, 0x00000000f5100000, 0x0000000100000000)
  eden space 61440K, 100% used [0x00000000ec300000,0x00000000eff00000,0x00000000eff00000)
  from space 2560K, 0% used [0x00000000eff00000,0x00000000eff00000,0x00000000f0180000)
  to   space 11264K, 0% used [0x00000000f4600000,0x00000000f4600000,0x00000000f5100000)
 ParOldGen       total 45568K, used 14756K [0x00000000c4800000, 0x00000000c7480000, 0x00000000ec300000)
  object space 45568K, 32% used [0x00000000c4800000,0x00000000c56693b8,0x00000000c7480000)
 Metaspace       used 21096K, capacity 21301K, committed 21552K, reserved 1069056K
  class space    used 1988K, capacity 2052K, committed 2176K, reserved 1048576K
Event: 19.957 GC heap after
Heap after GC invocations=7 (full 1):
 PSYoungGen      total 95744K, used 1696K [0x00000000ec300000, 0x00000000f4800000, 0x0000000100000000)
  eden space 93696K, 0% used [0x00000000ec300000,0x00000000ec300000,0x00000000f1e80000)
  from space 2048K, 82% used [0x00000000f4600000,0x00000000f47a8070,0x00000000f4800000)
  to   space 11264K, 0% used [0x00000000f3200000,0x00000000f3200000,0x00000000f3d00000)
 ParOldGen       total 45568K, used 14764K [0x00000000c4800000, 0x00000000c7480000, 0x00000000ec300000)
  object space 45568K, 32% used [0x00000000c4800000,0x00000000c566b3b8,0x00000000c7480000)
 Metaspace       used 21096K, capacity 21301K, committed 21552K, reserved 1069056K
  class space    used 1988K, capacity 2052K, committed 2176K, reserved 1048576K
}
Event: 95.181 GC heap before
{Heap before GC invocations=8 (full 1):
 PSYoungGen      total 95744K, used 95392K [0x00000000ec300000, 0x00000000f4800000, 0x0000000100000000)
  eden space 93696K, 100% used [0x00000000ec300000,0x00000000f1e80000,0x00000000f1e80000)
  from space 2048K, 82% used [0x00000000f4600000,0x00000000f47a8070,0x00000000f4800000)
  to   space 11264K, 0% used [0x00000000f3200000,0x00000000f3200000,0x00000000f3d00000)
 ParOldGen       total 45568K, used 14764K [0x00000000c4800000, 0x00000000c7480000, 0x00000000ec300000)
  object space 45568K, 32% used [0x00000000c4800000,0x00000000c566b3b8,0x00000000c7480000)
 Metaspace       used 21102K, capacity 21301K, committed 21552K, reserved 1069056K
  class space    used 1988K, capacity 2052K, committed 2176K, reserved 1048576K
Event: 95.189 GC heap after
Heap after GC invocations=8 (full 1):
 PSYoungGen      total 124928K, used 1728K [0x00000000ec300000, 0x00000000f5e00000, 0x0000000100000000)
  eden space 113664K, 0% used [0x00000000ec300000,0x00000000ec300000,0x00000000f3200000)
  from space 11264K, 15% used [0x00000000f3200000,0x00000000f33b0070,0x00000000f3d00000)
  to   space 11264K, 0% used [0x00000000f5300000,0x00000000f5300000,0x00000000f5e00000)
 ParOldGen       total 45568K, used 14772K [0x00000000c4800000, 0x00000000c7480000, 0x00000000ec300000)
  object space 45568K, 32% used [0x00000000c4800000,0x00000000c566d3b8,0x00000000c7480000)
 Metaspace       used 21102K, capacity 21301K, committed 21552K, reserved 1069056K
  class space    used 1988K, capacity 2052K, committed 2176K, reserved 1048576K
}
Event: 135.609 GC heap before
{Heap before GC invocations=9 (full 1):
 PSYoungGen      total 124928K, used 115392K [0x00000000ec300000, 0x00000000f5e00000, 0x0000000100000000)
  eden space 113664K, 100% used [0x00000000ec300000,0x00000000f3200000,0x00000000f3200000)
  from space 11264K, 15% used [0x00000000f3200000,0x00000000f33b0070,0x00000000f3d00000)
  to   space 11264K, 0% used [0x00000000f5300000,0x00000000f5300000,0x00000000f5e00000)
 ParOldGen       total 45568K, used 14772K [0x00000000c4800000, 0x00000000c7480000, 0x00000000ec300000)
  object space 45568K, 32% used [0x00000000c4800000,0x00000000c566d3b8,0x00000000c7480000)
 Metaspace       used 21103K, capacity 21301K, committed 21552K, reserved 1069056K
  class space    used 1989K, capacity 2052K, committed 2176K, reserved 1048576K
Event: 135.621 GC heap after
Heap after GC invocations=9 (full 1):
 PSYoungGen      total 147456K, used 1696K [0x00000000ec300000, 0x00000000f7300000, 0x0000000100000000)
  eden space 136192K, 0% used [0x00000000ec300000,0x00000000ec300000,0x00000000f4800000)
  from space 11264K, 15% used [0x00000000f5300000,0x00000000f54a8070,0x00000000f5e00000)
  to   space 11264K, 0% used [0x00000000f4800000,0x00000000f4800000,0x00000000f5300000)
 ParOldGen       total 45568K, used 14772K [0x00000000c4800000, 0x00000000c7480000, 0x00000000ec300000)
  object space 45568K, 32% used [0x00000000c4800000,0x00000000c566d3b8,0x00000000c7480000)
 Metaspace       used 21103K, capacity 21301K, committed 21552K, reserved 1069056K
  class space    used 1989K, capacity 2052K, committed 2176K, reserved 1048576K
}
Event: 184.294 GC heap before
{Heap before GC invocations=10 (full 1):
 PSYoungGen      total 147456K, used 137888K [0x00000000ec300000, 0x00000000f7300000, 0x0000000100000000)
  eden space 136192K, 100% used [0x00000000ec300000,0x00000000f4800000,0x00000000f4800000)
  from space 11264K, 15% used [0x00000000f5300000,0x00000000f54a8070,0x00000000f5e00000)
  to   space 11264K, 0% used [0x00000000f4800000,0x00000000f4800000,0x00000000f5300000)
 ParOldGen       total 45568K, used 14772K [0x00000000c4800000, 0x00000000c7480000, 0x00000000ec300000)
  object space 45568K, 32% used [0x00000000c4800000,0x00000000c566d3b8,0x00000000c7480000)
 Metaspace       used 21104K, capacity 21301K, committed 21552K, reserved 1069056K
  class space    used 1989K, capacity 2052K, committed 2176K, reserved 1048576K
Event: 184.304 GC heap after
Heap after GC invocations=10 (full 1):
 PSYoungGen      total 132608K, used 1728K [0x00000000ec300000, 0x00000000f5780000, 0x0000000100000000)
  eden space 130560K, 0% used [0x00000000ec300000,0x00000000ec300000,0x00000000f4280000)
  from space 2048K, 84% used [0x00000000f4800000,0x00000000f49b0070,0x00000000f4a00000)
  to   space 10752K, 0% used [0x00000000f4d00000,0x00000000f4d00000,0x00000000f5780000)
 ParOldGen       total 45568K, used 14780K [0x00000000c4800000, 0x00000000c7480000, 0x00000000ec300000)
  object space 45568K, 32% used [0x00000000c4800000,0x00000000c566f3b8,0x00000000c7480000)
 Metaspace       used 21104K, capacity 21301K, committed 21552K, reserved 1069056K
  class space    used 1989K, capacity 2052K, committed 2176K, reserved 1048576K
}

