# JRE version: Java(TM) SE Runtime Environment (8.0_45-b14) (build 1.8.0_45-b14)
# Java VM: Java HotSpot(TM) 64-Bit Server VM (25.45-b02 mixed mode linux-amd64 compressed oops)
Heap:
 PSYoungGen      total 33280K, used 6046K [0x00000000ec300000, 0x00000000ee600000, 0x0000000100000000)
  eden space 30720K, 11% used [0x00000000ec300000,0x00000000ec66e950,0x00000000ee100000)
  from space 2560K, 98% used [0x00000000ee100000,0x00000000ee378f70,0x00000000ee380000)
  to   space 2560K, 0% used [0x00000000ee380000,0x00000000ee380000,0x00000000ee600000)
 ParOldGen       total 40960K, used 8231K [0x00000000c4800000, 0x00000000c7000000, 0x00000000ec300000)
  object space 40960K, 20% used [0x00000000c4800000,0x00000000c5009c88,0x00000000c7000000)
 Metaspace       used 19471K, capacity 19671K, committed 19968K, reserved 1067008K
  class space    used 1913K, capacity 1983K, committed 2048K, reserved 1048576K
GC Heap History (6 events):
Event: 0.533 GC heap before
{Heap before GC invocations=1 (full 0):
 PSYoungGen      total 17920K, used 15360K [0x00000000ec300000, 0x00000000ed700000, 0x0000000100000000)
  eden space 15360K, 100% used [0x00000000ec300000,0x00000000ed200000,0x00000000ed200000)
  from space 2560K, 0% used [0x00000000ed480000,0x00000000ed480000,0x00000000ed700000)
  to   space 2560K, 0% used [0x00000000ed200000,0x00000000ed200000,0x00000000ed480000)
 ParOldGen       total 40960K, used 0K [0x00000000c4800000, 0x00000000c7000000, 0x00000000ec300000)
  object space 40960K, 0% used [0x00000000c4800000,0x00000000c4800000,0x00000000c7000000)
 Metaspace       used 11276K, capacity 11442K, committed 11520K, reserved 1058816K
  class space    used 1204K, capacity 1274K, committed 1280K, reserved 1048576K
Event: 0.541 GC heap after
Heap after GC invocations=1 (full 0):
 PSYoungGen      total 17920K, used 2548K [0x00000000ec300000, 0x00000000ee600000, 0x0000000100000000)
  eden space 15360K, 0% used [0x00000000ec300000,0x00000000ec300000,0x00000000ed200000)
  from space 2560K, 99% used [0x00000000ed200000,0x00000000ed47d158,0x00000000ed480000)
  to   space 2560K, 0% used [0x00000000ee380000,0x00000000ee380000,0x00000000ee600000)
 ParOldGen       total 40960K, used 558K [0x00000000c4800000, 0x00000000c7000000, 0x00000000ec300000)
  object space 40960K, 1% used [0x00000000c4800000,0x00000000c488b9d0,0x00000000c7000000)
 Metaspace       used 11276K, capacity 11442K, committed 11520K, reserved 1058816K
  class space    used 1204K, capacity 1274K, committed 1280K, reserved 1048576K
}
Event: 0.874 GC heap before
{Heap before GC invocations=2 (full 0):
 PSYoungGen      total 17920K, used 17894K [0x00000000ec300000, 0x00000000ee600000, 0x0000000100000000)
  eden space 15360K, 99% used [0x00000000ec300000,0x00000000ed1fc780,0x00000000ed200000)
  from space 2560K, 99% used [0x00000000ed200000,0x00000000ed47d158,0x00000000ed480000)
  to   space 2560K, 0% used [0x00000000ee380000,0x00000000ee380000,0x00000000ee600000)
 ParOldGen       total 40960K, used 558K [0x00000000c4800000, 0x00000000c7000000, 0x00000000ec300000)
  object space 40960K, 1% used [0x00000000c4800000,0x00000000c488b9d0,0x00000000c7000000)
 Metaspace       used 16387K, capacity 16581K, committed 16768K, reserved 1064960K
  class space    used 1593K, capacity 1660K, committed 1664K, reserved 1048576K
Event: 0.880 GC heap after
Heap after GC invocations=2 (full 0):
 PSYoungGen      total 33280K, used 2546K [0x00000000ec300000, 0x00000000ee600000, 0x0000000100000000)
  eden space 30720K, 0% used [0x00000000ec300000,0x00000000ec300000,0x00000000ee100000)
  from space 2560K, 99% used [0x00000000ee380000,0x00000000ee5fc840,0x00000000ee600000)
  to   space 2560K, 0% used [0x00000000ee100000,0x00000000ee100000,0x00000000ee380000)
 ParOldGen       total 40960K, used 2119K [0x00000000c4800000, 0x00000000c7000000, 0x00000000ec300000)
  object space 40960K, 5% used [0x00000000c4800000,0x00000000c4a11d38,0x00000000c7000000)
 Metaspace       used 16387K, capacity 16581K, committed 16768K, reserved 1064960K
  class space    used 1593K, capacity 1660K, committed 1664K, reserved 1048576K
}
Event: 59.451 GC heap before
{Heap before GC invocations=3 (full 0):
 PSYoungGen      total 33280K, used 33266K [0x00000000ec300000, 0x00000000ee600000, 0x0000000100000000)
  eden space 30720K, 100% used [0x00000000ec300000,0x00000000ee100000,0x00000000ee100000)
  from space 2560K, 99% used [0x00000000ee380000,0x00000000ee5fc840,0x00000000ee600000)
  to   space 2560K, 0% used [0x00000000ee100000,0x00000000ee100000,0x00000000ee380000)
 ParOldGen       total 40960K, used 2119K [0x00000000c4800000, 0x00000000c7000000, 0x00000000ec300000)
  object space 40960K, 5% used [0x00000000c4800000,0x00000000c4a11d38,0x00000000c7000000)
 Metaspace       used 19436K, capacity 19671K, committed 19968K, reserved 1067008K
  class space    used 1911K, capacity 1983K, committed 2048K, reserved 1048576K
Event: 59.463 GC heap after
Heap after GC invocations=3 (full 0):
 PSYoungGen      total 33280K, used 2531K [0x00000000ec300000, 0x00000000ee600000, 0x0000000100000000)
  eden space 30720K, 0% used [0x00000000ec300000,0x00000000ec300000,0x00000000ee100000)
  from space 2560K, 98% used [0x00000000ee100000,0x00000000ee378f70,0x00000000ee380000)
  to   space 2560K, 0% used [0x00000000ee380000,0x00000000ee380000,0x00000000ee600000)
 ParOldGen       total 40960K, used 8231K [0x00000000c4800000, 0x00000000c7000000, 0x00000000ec300000)
  object space 40960K, 20% used [0x00000000c4800000,0x00000000c5009c88,0x00000000c7000000)
 Metaspace       used 19436K, capacity 19671K, committed 19968K, reserved 1067008K
  class space    used 1911K, capacity 1983K, committed 2048K, reserved 1048576K
}

