# JRE version: Java(TM) SE Runtime Environment (8.0_45-b14) (build 1.8.0_45-b14)
# Java VM: Java HotSpot(TM) 64-Bit Server VM (25.45-b02 mixed mode linux-amd64 compressed oops)
Heap:
 PSYoungGen      total 20992K, used 5565K [0x00000000ec300000, 0x00000000ee300000, 0x0000000100000000)
  eden space 18432K, 16% used [0x00000000ec300000,0x00000000ec607630,0x00000000ed500000)
  from space 2560K, 96% used [0x00000000ed500000,0x00000000ed768090,0x00000000ed780000)
  to   space 7168K, 0% used [0x00000000edc00000,0x00000000edc00000,0x00000000ee300000)
 ParOldGen       total 51200K, used 33500K [0x00000000c4800000, 0x00000000c7a00000, 0x00000000ec300000)
  object space 51200K, 65% used [0x00000000c4800000,0x00000000c68b71d0,0x00000000c7a00000)
 Metaspace       used 20947K, capacity 21199K, committed 21552K, reserved 1069056K
  class space    used 1981K, capacity 2083K, committed 2176K, reserved 1048576K
GC Heap History (10 events):
Event: 21.677 GC heap before
{Heap before GC invocations=18 (full 0):
 PSYoungGen      total 22016K, used 10294K [0x00000000ec300000, 0x00000000ee600000, 0x0000000100000000)
  eden space 19456K, 41% used [0x00000000ec300000,0x00000000ecae57a8,0x00000000ed600000)
  from space 2560K, 86% used [0x00000000ed680000,0x00000000ed8a8080,0x00000000ed900000)
  to   space 8192K, 0% used [0x00000000ede00000,0x00000000ede00000,0x00000000ee600000)
 ParOldGen       total 40960K, used 31712K [0x00000000c4800000, 0x00000000c7000000, 0x00000000ec300000)
  object space 40960K, 77% used [0x00000000c4800000,0x00000000c66f8100,0x00000000c7000000)
 Metaspace       used 20902K, capacity 21135K, committed 21296K, reserved 1069056K
  class space    used 1979K, capacity 2083K, committed 2176K, reserved 1048576K
Event: 21.685 GC heap after
Heap after GC invocations=18 (full 0):
 PSYoungGen      total 26624K, used 640K [0x00000000ec300000, 0x00000000ee580000, 0x0000000100000000)
  eden space 18944K, 0% used [0x00000000ec300000,0x00000000ec300000,0x00000000ed580000)
  from space 7680K, 8% used [0x00000000ede00000,0x00000000edea0020,0x00000000ee580000)
  to   space 8192K, 0% used [0x00000000ed580000,0x00000000ed580000,0x00000000edd80000)
 ParOldGen       total 40960K, used 33552K [0x00000000c4800000, 0x00000000c7000000, 0x00000000ec300000)
  object space 40960K, 81% used [0x00000000c4800000,0x00000000c68c4190,0x00000000c7000000)
 Metaspace       used 20902K, capacity 21135K, committed 21296K, reserved 1069056K
  class space    used 1979K, capacity 2083K, committed 2176K, reserved 1048576K
}
Event: 21.686 GC heap before
{Heap before GC invocations=19 (full 1):
 PSYoungGen      total 26624K, used 640K [0x00000000ec300000, 0x00000000ee580000, 0x0000000100000000)
  eden space 18944K, 0% used [0x00000000ec300000,0x00000000ec300000,0x00000000ed580000)
  from space 7680K, 8% used [0x00000000ede00000,0x00000000edea0020,0x00000000ee580000)
  to   space 8192K, 0% used [0x00000000ed580000,0x00000000ed580000,0x00000000edd80000)
 ParOldGen       total 40960K, used 33552K [0x00000000c4800000, 0x00000000c7000000, 0x00000000ec300000)
  object space 40960K, 81% used [0x00000000c4800000,0x00000000c68c4190,0x00000000c7000000)
 Metaspace       used 20902K, capacity 21135K, committed 21296K, reserved 1069056K
  class space    used 1979K, capacity 2083K, committed 2176K, reserved 1048576K
Event: 21.737 GC heap after
Heap after GC invocations=19 (full 1):
 PSYoungGen      total 26624K, used 0K [0x00000000ec300000, 0x00000000ee580000, 0x0000000100000000)
  eden space 18944K, 0% used [0x00000000ec300000,0x00000000ec300000,0x00000000ed580000)
  from space 7680K, 0% used [0x00000000ede00000,0x00000000ede00000,0x00000000ee580000)
  to   space 8192K, 0% used [0x00000000ed580000,0x00000000ed580000,0x00000000edd80000)
 ParOldGen       total 51200K, used 31164K [0x00000000c4800000, 0x00000000c7a00000, 0x00000000ec300000)
  object space 51200K, 60% used [0x00000000c4800000,0x00000000c666f140,0x00000000c7a00000)
 Metaspace       used 20902K, capacity 21135K, committed 21296K, reserved 1069056K
  class space    used 1979K, capacity 2083K, committed 2176K, reserved 1048576K
}
Event: 22.742 GC heap before
{Heap before GC invocations=20 (full 1):
 PSYoungGen      total 26624K, used 18944K [0x00000000ec300000, 0x00000000ee580000, 0x0000000100000000)
  eden space 18944K, 100% used [0x00000000ec300000,0x00000000ed580000,0x00000000ed580000)
  from space 7680K, 0% used [0x00000000ede00000,0x00000000ede00000,0x00000000ee580000)
  to   space 8192K, 0% used [0x00000000ed580000,0x00000000ed580000,0x00000000edd80000)
 ParOldGen       total 51200K, used 31164K [0x00000000c4800000, 0x00000000c7a00000, 0x00000000ec300000)
  object space 51200K, 60% used [0x00000000c4800000,0x00000000c666f140,0x00000000c7a00000)
 Metaspace       used 20906K, capacity 21199K, committed 21552K, reserved 1069056K
  class space    used 1979K, capacity 2083K, committed 2176K, reserved 1048576K
Event: 22.745 GC heap after
Heap after GC invocations=20 (full 1):
 PSYoungGen      total 20992K, used 2432K [0x00000000ec300000, 0x00000000ee400000, 0x0000000100000000)
  eden space 18432K, 0% used [0x00000000ec300000,0x00000000ec300000,0x00000000ed500000)
  from space 2560K, 95% used [0x00000000ed580000,0x00000000ed7e0090,0x00000000ed800000)
  to   space 7680K, 0% used [0x00000000edc80000,0x00000000edc80000,0x00000000ee400000)
 ParOldGen       total 51200K, used 31164K [0x00000000c4800000, 0x00000000c7a00000, 0x00000000ec300000)
  object space 51200K, 60% used [0x00000000c4800000,0x00000000c666f140,0x00000000c7a00000)
 Metaspace       used 20906K, capacity 21199K, committed 21552K, reserved 1069056K
  class space    used 1979K, capacity 2083K, committed 2176K, reserved 1048576K
}
Event: 23.866 GC heap before
{Heap before GC invocations=21 (full 1):
 PSYoungGen      total 20992K, used 20854K [0x00000000ec300000, 0x00000000ee400000, 0x0000000100000000)
  eden space 18432K, 99% used [0x00000000ec300000,0x00000000ed4fd940,0x00000000ed500000)
  from space 2560K, 95% used [0x00000000ed580000,0x00000000ed7e0090,0x00000000ed800000)
  to   space 7680K, 0% used [0x00000000edc80000,0x00000000edc80000,0x00000000ee400000)
 ParOldGen       total 51200K, used 31164K [0x00000000c4800000, 0x00000000c7a00000, 0x00000000ec300000)
  object space 51200K, 60% used [0x00000000c4800000,0x00000000c666f140,0x00000000c7a00000)
 Metaspace       used 20930K, capacity 21199K, committed 21552K, reserved 1069056K
  class space    used 1979K, capacity 2083K, committed 2176K, reserved 1048576K
Event: 23.868 GC heap after
Heap after GC invocations=21 (full 1):
 PSYoungGen      total 26112K, used 1786K [0x00000000ec300000, 0x00000000ee400000, 0x0000000100000000)
  eden space 18432K, 0% used [0x00000000ec300000,0x00000000ec300000,0x00000000ed500000)
  from space 7680K, 23% used [0x00000000edc80000,0x00000000ede3e860,0x00000000ee400000)
  to   space 7680K, 0% used [0x00000000ed500000,0x00000000ed500000,0x00000000edc80000)
 ParOldGen       total 51200K, used 32716K [0x00000000c4800000, 0x00000000c7a00000, 0x00000000ec300000)
  object space 51200K, 63% used [0x00000000c4800000,0x00000000c67f31a0,0x00000000c7a00000)
 Metaspace       used 20930K, capacity 21199K, committed 21552K, reserved 1069056K
  class space    used 1979K, capacity 2083K, committed 2176K, reserved 1048576K
}
Event: 24.783 GC heap before
{Heap before GC invocations=22 (full 1):
 PSYoungGen      total 26112K, used 20218K [0x00000000ec300000, 0x00000000ee400000, 0x0000000100000000)
  eden space 18432K, 100% used [0x00000000ec300000,0x00000000ed500000,0x00000000ed500000)
  from space 7680K, 23% used [0x00000000edc80000,0x00000000ede3e860,0x00000000ee400000)
  to   space 7680K, 0% used [0x00000000ed500000,0x00000000ed500000,0x00000000edc80000)
 ParOldGen       total 51200K, used 32716K [0x00000000c4800000, 0x00000000c7a00000, 0x00000000ec300000)
  object space 51200K, 63% used [0x00000000c4800000,0x00000000c67f31a0,0x00000000c7a00000)
 Metaspace       used 20946K, capacity 21199K, committed 21552K, reserved 1069056K
  class space    used 1981K, capacity 2083K, committed 2176K, reserved 1048576K
Event: 24.786 GC heap after
Heap after GC invocations=22 (full 1):
 PSYoungGen      total 20992K, used 2464K [0x00000000ec300000, 0x00000000ee300000, 0x0000000100000000)
  eden space 18432K, 0% used [0x00000000ec300000,0x00000000ec300000,0x00000000ed500000)
  from space 2560K, 96% used [0x00000000ed500000,0x00000000ed768090,0x00000000ed780000)
  to   space 7168K, 0% used [0x00000000edc00000,0x00000000edc00000,0x00000000ee300000)
 ParOldGen       total 51200K, used 33500K [0x00000000c4800000, 0x00000000c7a00000, 0x00000000ec300000)
  object space 51200K, 65% used [0x00000000c4800000,0x00000000c68b71d0,0x00000000c7a00000)
 Metaspace       used 20946K, capacity 21199K, committed 21552K, reserved 1069056K
  class space    used 1981K, capacity 2083K, committed 2176K, reserved 1048576K
}

